26-Jan-2022 16:37:33.005 INFO [main] org.apache.catalina.startup.VersionLoggerListener.log Nombre de la versión del servidor: Apache Tomcat/9.0.56
26-Jan-2022 16:37:33.010 INFO [main] org.apache.catalina.startup.VersionLoggerListener.log Server built:                      Dec 2 2021 14:30:07 UTC
26-Jan-2022 16:37:33.010 INFO [main] org.apache.catalina.startup.VersionLoggerListener.log Número de versión de servidor:     9.0.56.0
26-Jan-2022 16:37:33.010 INFO [main] org.apache.catalina.startup.VersionLoggerListener.log OS Name:                           Linux
26-Jan-2022 16:37:33.010 INFO [main] org.apache.catalina.startup.VersionLoggerListener.log Versión de Systema Operativo:      5.13.0-7614-generic
26-Jan-2022 16:37:33.011 INFO [main] org.apache.catalina.startup.VersionLoggerListener.log Arquitectura:                      amd64
26-Jan-2022 16:37:33.011 INFO [main] org.apache.catalina.startup.VersionLoggerListener.log Java Home:                         /usr/lib/jvm/java-17-oracle
26-Jan-2022 16:37:33.011 INFO [main] org.apache.catalina.startup.VersionLoggerListener.log JVM Version:                       17+35-LTS-2724
26-Jan-2022 16:37:33.011 INFO [main] org.apache.catalina.startup.VersionLoggerListener.log Vededor JVM:                       Oracle Corporation
26-Jan-2022 16:37:33.011 INFO [main] org.apache.catalina.startup.VersionLoggerListener.log CATALINA_BASE:                     /home/paco/Documentos/DAM2/PSP/Tomcat/apache-tomcat-9.0.56
26-Jan-2022 16:37:33.011 INFO [main] org.apache.catalina.startup.VersionLoggerListener.log CATALINA_HOME:                     /home/paco/Documentos/DAM2/PSP/Tomcat/apache-tomcat-9.0.56
26-Jan-2022 16:37:33.025 INFO [main] org.apache.catalina.startup.VersionLoggerListener.log Command line argument:             --add-opens=java.base/java.lang=ALL-UNNAMED
26-Jan-2022 16:37:33.025 INFO [main] org.apache.catalina.startup.VersionLoggerListener.log Command line argument:             --add-opens=java.base/java.io=ALL-UNNAMED
26-Jan-2022 16:37:33.026 INFO [main] org.apache.catalina.startup.VersionLoggerListener.log Command line argument:             --add-opens=java.base/java.util=ALL-UNNAMED
26-Jan-2022 16:37:33.026 INFO [main] org.apache.catalina.startup.VersionLoggerListener.log Command line argument:             --add-opens=java.base/java.util.concurrent=ALL-UNNAMED
26-Jan-2022 16:37:33.026 INFO [main] org.apache.catalina.startup.VersionLoggerListener.log Command line argument:             --add-opens=java.rmi/sun.rmi.transport=ALL-UNNAMED
26-Jan-2022 16:37:33.026 INFO [main] org.apache.catalina.startup.VersionLoggerListener.log Command line argument:             -Djava.util.logging.config.file=/home/paco/Documentos/DAM2/PSP/Tomcat/apache-tomcat-9.0.56/conf/logging.properties
26-Jan-2022 16:37:33.026 INFO [main] org.apache.catalina.startup.VersionLoggerListener.log Command line argument:             -Djava.util.logging.manager=org.apache.juli.ClassLoaderLogManager
26-Jan-2022 16:37:33.026 INFO [main] org.apache.catalina.startup.VersionLoggerListener.log Command line argument:             -Djdk.tls.ephemeralDHKeySize=2048
26-Jan-2022 16:37:33.027 INFO [main] org.apache.catalina.startup.VersionLoggerListener.log Command line argument:             -Djava.protocol.handler.pkgs=org.apache.catalina.webresources
26-Jan-2022 16:37:33.027 INFO [main] org.apache.catalina.startup.VersionLoggerListener.log Command line argument:             -Dorg.apache.catalina.security.SecurityListener.UMASK=0027
26-Jan-2022 16:37:33.027 INFO [main] org.apache.catalina.startup.VersionLoggerListener.log Command line argument:             -Dignore.endorsed.dirs=
26-Jan-2022 16:37:33.027 INFO [main] org.apache.catalina.startup.VersionLoggerListener.log Command line argument:             -Dcatalina.base=/home/paco/Documentos/DAM2/PSP/Tomcat/apache-tomcat-9.0.56
26-Jan-2022 16:37:33.027 INFO [main] org.apache.catalina.startup.VersionLoggerListener.log Command line argument:             -Dcatalina.home=/home/paco/Documentos/DAM2/PSP/Tomcat/apache-tomcat-9.0.56
26-Jan-2022 16:37:33.027 INFO [main] org.apache.catalina.startup.VersionLoggerListener.log Command line argument:             -Djava.io.tmpdir=/home/paco/Documentos/DAM2/PSP/Tomcat/apache-tomcat-9.0.56/temp
26-Jan-2022 16:37:33.029 INFO [main] org.apache.catalina.core.AprLifecycleListener.lifecycleEvent La biblioteca nativa de Apache Tomcat basada en ARP que permite un rendimiento óptimo en entornos de desarrollo no ha sido hallada en java.library.path: [/usr/java/packages/lib:/usr/lib64:/lib64:/lib:/usr/lib]
26-Jan-2022 16:37:33.411 INFO [main] org.apache.coyote.AbstractProtocol.init Inicializando el manejador de protocolo ["http-nio-8080"]

26-Jan-2022 16:37:33.447 INFO [main] org.apache.catalina.startup.Catalina.load Server initialization in [638] milliseconds
26-Jan-2022 16:37:33.502 INFO [main] org.apache.catalina.core.StandardService.startInternal Arrancando servicio [Catalina]
26-Jan-2022 16:37:33.502 INFO [main] org.apache.catalina.core.StandardEngine.startInternal Starting Servlet engine: [Apache Tomcat/9.0.56]
26-Jan-2022 16:37:33.511 INFO [main] org.apache.catalina.startup.HostConfig.deployDirectory Desplegando el directorio [/home/paco/Documentos/DAM2/PSP/Tomcat/apache-tomcat-9.0.56/webapps/visitas] de la aplicación web
26-Jan-2022 16:37:33.815 INFO [main] org.apache.jasper.servlet.TldScanner.scanJars Al menos un JAR, que se ha explorado buscando TLDs, aún no contenía TLDs. Activar historial de depuración para este historiador para una completa lista de los JARs que fueron explorados y de los que nos se halló TLDs. Saltarse JARs no necesarios durante la exploración puede dar lugar a una mejora de tiempo significativa en el arranque y compilación de JSP .
26-Jan-2022 16:37:33.888 INFO [main] org.apache.catalina.startup.HostConfig.deployDirectory Deployment of web application directory [/home/paco/Documentos/DAM2/PSP/Tomcat/apache-tomcat-9.0.56/webapps/visitas] has finished in [374] ms
26-Jan-2022 16:37:33.889 INFO [main] org.apache.catalina.startup.HostConfig.deployDirectory Desplegando el directorio [/home/paco/Documentos/DAM2/PSP/Tomcat/apache-tomcat-9.0.56/webapps/host-manager] de la aplicación web
26-Jan-2022 16:37:33.956 INFO [main] org.apache.jasper.servlet.TldScanner.scanJars Al menos un JAR, que se ha explorado buscando TLDs, aún no contenía TLDs. Activar historial de depuración para este historiador para una completa lista de los JARs que fueron explorados y de los que nos se halló TLDs. Saltarse JARs no necesarios durante la exploración puede dar lugar a una mejora de tiempo significativa en el arranque y compilación de JSP .
26-Jan-2022 16:37:33.963 INFO [main] org.apache.catalina.startup.HostConfig.deployDirectory Deployment of web application directory [/home/paco/Documentos/DAM2/PSP/Tomcat/apache-tomcat-9.0.56/webapps/host-manager] has finished in [74] ms
26-Jan-2022 16:37:33.963 INFO [main] org.apache.catalina.startup.HostConfig.deployDirectory Desplegando el directorio [/home/paco/Documentos/DAM2/PSP/Tomcat/apache-tomcat-9.0.56/webapps/manager] de la aplicación web
26-Jan-2022 16:37:34.016 INFO [main] org.apache.jasper.servlet.TldScanner.scanJars Al menos un JAR, que se ha explorado buscando TLDs, aún no contenía TLDs. Activar historial de depuración para este historiador para una completa lista de los JARs que fueron explorados y de los que nos se halló TLDs. Saltarse JARs no necesarios durante la exploración puede dar lugar a una mejora de tiempo significativa en el arranque y compilación de JSP .
26-Jan-2022 16:37:34.018 INFO [main] org.apache.catalina.startup.HostConfig.deployDirectory Deployment of web application directory [/home/paco/Documentos/DAM2/PSP/Tomcat/apache-tomcat-9.0.56/webapps/manager] has finished in [55] ms
26-Jan-2022 16:37:34.019 INFO [main] org.apache.catalina.startup.HostConfig.deployDirectory Desplegando el directorio [/home/paco/Documentos/DAM2/PSP/Tomcat/apache-tomcat-9.0.56/webapps/ROOT] de la aplicación web
26-Jan-2022 16:37:34.055 INFO [main] org.apache.jasper.servlet.TldScanner.scanJars Al menos un JAR, que se ha explorado buscando TLDs, aún no contenía TLDs. Activar historial de depuración para este historiador para una completa lista de los JARs que fueron explorados y de los que nos se halló TLDs. Saltarse JARs no necesarios durante la exploración puede dar lugar a una mejora de tiempo significativa en el arranque y compilación de JSP .
26-Jan-2022 16:37:34.057 INFO [main] org.apache.catalina.startup.HostConfig.deployDirectory Deployment of web application directory [/home/paco/Documentos/DAM2/PSP/Tomcat/apache-tomcat-9.0.56/webapps/ROOT] has finished in [38] ms
26-Jan-2022 16:37:34.057 INFO [main] org.apache.catalina.startup.HostConfig.deployDirectory Desplegando el directorio [/home/paco/Documentos/DAM2/PSP/Tomcat/apache-tomcat-9.0.56/webapps/iva] de la aplicación web
26-Jan-2022 16:37:34.094 INFO [main] org.apache.jasper.servlet.TldScanner.scanJars Al menos un JAR, que se ha explorado buscando TLDs, aún no contenía TLDs. Activar historial de depuración para este historiador para una completa lista de los JARs que fueron explorados y de los que nos se halló TLDs. Saltarse JARs no necesarios durante la exploración puede dar lugar a una mejora de tiempo significativa en el arranque y compilación de JSP .
26-Jan-2022 16:37:34.096 INFO [main] org.apache.catalina.startup.HostConfig.deployDirectory Deployment of web application directory [/home/paco/Documentos/DAM2/PSP/Tomcat/apache-tomcat-9.0.56/webapps/iva] has finished in [39] ms
26-Jan-2022 16:37:34.097 INFO [main] org.apache.catalina.startup.HostConfig.deployDirectory Desplegando el directorio [/home/paco/Documentos/DAM2/PSP/Tomcat/apache-tomcat-9.0.56/webapps/primer-servlet] de la aplicación web
26-Jan-2022 16:37:34.139 INFO [main] org.apache.jasper.servlet.TldScanner.scanJars Al menos un JAR, que se ha explorado buscando TLDs, aún no contenía TLDs. Activar historial de depuración para este historiador para una completa lista de los JARs que fueron explorados y de los que nos se halló TLDs. Saltarse JARs no necesarios durante la exploración puede dar lugar a una mejora de tiempo significativa en el arranque y compilación de JSP .
26-Jan-2022 16:37:34.142 INFO [main] org.apache.catalina.startup.HostConfig.deployDirectory Deployment of web application directory [/home/paco/Documentos/DAM2/PSP/Tomcat/apache-tomcat-9.0.56/webapps/primer-servlet] has finished in [44] ms
26-Jan-2022 16:37:34.142 INFO [main] org.apache.catalina.startup.HostConfig.deployDirectory Desplegando el directorio [/home/paco/Documentos/DAM2/PSP/Tomcat/apache-tomcat-9.0.56/webapps/chat] de la aplicación web
26-Jan-2022 16:37:34.184 INFO [main] org.apache.jasper.servlet.TldScanner.scanJars Al menos un JAR, que se ha explorado buscando TLDs, aún no contenía TLDs. Activar historial de depuración para este historiador para una completa lista de los JARs que fueron explorados y de los que nos se halló TLDs. Saltarse JARs no necesarios durante la exploración puede dar lugar a una mejora de tiempo significativa en el arranque y compilación de JSP .
26-Jan-2022 16:37:34.187 INFO [main] org.apache.catalina.startup.HostConfig.deployDirectory Deployment of web application directory [/home/paco/Documentos/DAM2/PSP/Tomcat/apache-tomcat-9.0.56/webapps/chat] has finished in [45] ms
26-Jan-2022 16:37:34.187 INFO [main] org.apache.catalina.startup.HostConfig.deployDirectory Desplegando el directorio [/home/paco/Documentos/DAM2/PSP/Tomcat/apache-tomcat-9.0.56/webapps/examples] de la aplicación web
26-Jan-2022 16:37:34.360 INFO [main] org.apache.jasper.servlet.TldScanner.scanJars Al menos un JAR, que se ha explorado buscando TLDs, aún no contenía TLDs. Activar historial de depuración para este historiador para una completa lista de los JARs que fueron explorados y de los que nos se halló TLDs. Saltarse JARs no necesarios durante la exploración puede dar lugar a una mejora de tiempo significativa en el arranque y compilación de JSP .
26-Jan-2022 16:37:34.402 INFO [main] org.apache.catalina.startup.HostConfig.deployDirectory Deployment of web application directory [/home/paco/Documentos/DAM2/PSP/Tomcat/apache-tomcat-9.0.56/webapps/examples] has finished in [214] ms
26-Jan-2022 16:37:34.402 INFO [main] org.apache.catalina.startup.HostConfig.deployDirectory Desplegando el directorio [/home/paco/Documentos/DAM2/PSP/Tomcat/apache-tomcat-9.0.56/webapps/acceso] de la aplicación web
26-Jan-2022 16:37:34.439 INFO [main] org.apache.jasper.servlet.TldScanner.scanJars Al menos un JAR, que se ha explorado buscando TLDs, aún no contenía TLDs. Activar historial de depuración para este historiador para una completa lista de los JARs que fueron explorados y de los que nos se halló TLDs. Saltarse JARs no necesarios durante la exploración puede dar lugar a una mejora de tiempo significativa en el arranque y compilación de JSP .
26-Jan-2022 16:37:34.441 INFO [main] org.apache.catalina.startup.HostConfig.deployDirectory Deployment of web application directory [/home/paco/Documentos/DAM2/PSP/Tomcat/apache-tomcat-9.0.56/webapps/acceso] has finished in [39] ms
26-Jan-2022 16:37:34.441 INFO [main] org.apache.catalina.startup.HostConfig.deployDirectory Desplegando el directorio [/home/paco/Documentos/DAM2/PSP/Tomcat/apache-tomcat-9.0.56/webapps/servlet-dado] de la aplicación web
26-Jan-2022 16:37:34.487 INFO [main] org.apache.jasper.servlet.TldScanner.scanJars Al menos un JAR, que se ha explorado buscando TLDs, aún no contenía TLDs. Activar historial de depuración para este historiador para una completa lista de los JARs que fueron explorados y de los que nos se halló TLDs. Saltarse JARs no necesarios durante la exploración puede dar lugar a una mejora de tiempo significativa en el arranque y compilación de JSP .
26-Jan-2022 16:37:34.490 INFO [main] org.apache.catalina.startup.HostConfig.deployDirectory Deployment of web application directory [/home/paco/Documentos/DAM2/PSP/Tomcat/apache-tomcat-9.0.56/webapps/servlet-dado] has finished in [48] ms
26-Jan-2022 16:37:34.490 INFO [main] org.apache.catalina.startup.HostConfig.deployDirectory Desplegando el directorio [/home/paco/Documentos/DAM2/PSP/Tomcat/apache-tomcat-9.0.56/webapps/docs] de la aplicación web
26-Jan-2022 16:37:34.530 INFO [main] org.apache.jasper.servlet.TldScanner.scanJars Al menos un JAR, que se ha explorado buscando TLDs, aún no contenía TLDs. Activar historial de depuración para este historiador para una completa lista de los JARs que fueron explorados y de los que nos se halló TLDs. Saltarse JARs no necesarios durante la exploración puede dar lugar a una mejora de tiempo significativa en el arranque y compilación de JSP .
26-Jan-2022 16:37:34.532 INFO [main] org.apache.catalina.startup.HostConfig.deployDirectory Deployment of web application directory [/home/paco/Documentos/DAM2/PSP/Tomcat/apache-tomcat-9.0.56/webapps/docs] has finished in [41] ms
26-Jan-2022 16:37:34.535 INFO [main] org.apache.coyote.AbstractProtocol.start Starting ProtocolHandler ["http-nio-8080"]
26-Jan-2022 16:37:34.543 INFO [main] org.apache.catalina.startup.Catalina.start Server startup in [1096] milliseconds
26-Jan-2022 16:41:25.097 INFO [Thread-2] org.apache.coyote.AbstractProtocol.pause Pausing ProtocolHandler ["http-nio-8080"]
26-Jan-2022 16:41:25.103 INFO [Thread-2] org.apache.catalina.core.StandardService.stopInternal Parando servicio [Catalina]
26-Jan-2022 16:41:25.138 INFO [Thread-2] org.apache.coyote.AbstractProtocol.stop Stopping ProtocolHandler ["http-nio-8080"]
26-Jan-2022 16:41:25.146 INFO [Thread-2] org.apache.coyote.AbstractProtocol.destroy Destroying ProtocolHandler ["http-nio-8080"]
26-Jan-2022 16:41:26.410 INFO [main] org.apache.catalina.startup.VersionLoggerListener.log Nombre de la versión del servidor: Apache Tomcat/9.0.56
26-Jan-2022 16:41:26.414 INFO [main] org.apache.catalina.startup.VersionLoggerListener.log Server built:                      Dec 2 2021 14:30:07 UTC
26-Jan-2022 16:41:26.414 INFO [main] org.apache.catalina.startup.VersionLoggerListener.log Número de versión de servidor:     9.0.56.0
26-Jan-2022 16:41:26.414 INFO [main] org.apache.catalina.startup.VersionLoggerListener.log OS Name:                           Linux
26-Jan-2022 16:41:26.414 INFO [main] org.apache.catalina.startup.VersionLoggerListener.log Versión de Systema Operativo:      5.13.0-7614-generic
26-Jan-2022 16:41:26.415 INFO [main] org.apache.catalina.startup.VersionLoggerListener.log Arquitectura:                      amd64
26-Jan-2022 16:41:26.415 INFO [main] org.apache.catalina.startup.VersionLoggerListener.log Java Home:                         /usr/lib/jvm/java-17-oracle
26-Jan-2022 16:41:26.415 INFO [main] org.apache.catalina.startup.VersionLoggerListener.log JVM Version:                       17+35-LTS-2724
26-Jan-2022 16:41:26.415 INFO [main] org.apache.catalina.startup.VersionLoggerListener.log Vededor JVM:                       Oracle Corporation
26-Jan-2022 16:41:26.415 INFO [main] org.apache.catalina.startup.VersionLoggerListener.log CATALINA_BASE:                     /home/paco/Documentos/DAM2/PSP/Tomcat/apache-tomcat-9.0.56
26-Jan-2022 16:41:26.415 INFO [main] org.apache.catalina.startup.VersionLoggerListener.log CATALINA_HOME:                     /home/paco/Documentos/DAM2/PSP/Tomcat/apache-tomcat-9.0.56
26-Jan-2022 16:41:26.424 INFO [main] org.apache.catalina.startup.VersionLoggerListener.log Command line argument:             --add-opens=java.base/java.lang=ALL-UNNAMED
26-Jan-2022 16:41:26.424 INFO [main] org.apache.catalina.startup.VersionLoggerListener.log Command line argument:             --add-opens=java.base/java.io=ALL-UNNAMED
26-Jan-2022 16:41:26.425 INFO [main] org.apache.catalina.startup.VersionLoggerListener.log Command line argument:             --add-opens=java.base/java.util=ALL-UNNAMED
26-Jan-2022 16:41:26.425 INFO [main] org.apache.catalina.startup.VersionLoggerListener.log Command line argument:             --add-opens=java.base/java.util.concurrent=ALL-UNNAMED
26-Jan-2022 16:41:26.425 INFO [main] org.apache.catalina.startup.VersionLoggerListener.log Command line argument:             --add-opens=java.rmi/sun.rmi.transport=ALL-UNNAMED
26-Jan-2022 16:41:26.425 INFO [main] org.apache.catalina.startup.VersionLoggerListener.log Command line argument:             -Djava.util.logging.config.file=/home/paco/Documentos/DAM2/PSP/Tomcat/apache-tomcat-9.0.56/conf/logging.properties
26-Jan-2022 16:41:26.425 INFO [main] org.apache.catalina.startup.VersionLoggerListener.log Command line argument:             -Djava.util.logging.manager=org.apache.juli.ClassLoaderLogManager
26-Jan-2022 16:41:26.425 INFO [main] org.apache.catalina.startup.VersionLoggerListener.log Command line argument:             -Djdk.tls.ephemeralDHKeySize=2048
26-Jan-2022 16:41:26.425 INFO [main] org.apache.catalina.startup.VersionLoggerListener.log Command line argument:             -Djava.protocol.handler.pkgs=org.apache.catalina.webresources
26-Jan-2022 16:41:26.426 INFO [main] org.apache.catalina.startup.VersionLoggerListener.log Command line argument:             -Dorg.apache.catalina.security.SecurityListener.UMASK=0027
26-Jan-2022 16:41:26.426 INFO [main] org.apache.catalina.startup.VersionLoggerListener.log Command line argument:             -Dignore.endorsed.dirs=
26-Jan-2022 16:41:26.426 INFO [main] org.apache.catalina.startup.VersionLoggerListener.log Command line argument:             -Dcatalina.base=/home/paco/Documentos/DAM2/PSP/Tomcat/apache-tomcat-9.0.56
26-Jan-2022 16:41:26.426 INFO [main] org.apache.catalina.startup.VersionLoggerListener.log Command line argument:             -Dcatalina.home=/home/paco/Documentos/DAM2/PSP/Tomcat/apache-tomcat-9.0.56
26-Jan-2022 16:41:26.426 INFO [main] org.apache.catalina.startup.VersionLoggerListener.log Command line argument:             -Djava.io.tmpdir=/home/paco/Documentos/DAM2/PSP/Tomcat/apache-tomcat-9.0.56/temp
26-Jan-2022 16:41:26.427 INFO [main] org.apache.catalina.core.AprLifecycleListener.lifecycleEvent La biblioteca nativa de Apache Tomcat basada en ARP que permite un rendimiento óptimo en entornos de desarrollo no ha sido hallada en java.library.path: [/usr/java/packages/lib:/usr/lib64:/lib64:/lib:/usr/lib]
26-Jan-2022 16:41:26.720 INFO [main] org.apache.coyote.AbstractProtocol.init Inicializando el manejador de protocolo ["http-nio-8080"]

26-Jan-2022 16:41:26.747 INFO [main] org.apache.catalina.startup.Catalina.load Server initialization in [509] milliseconds
26-Jan-2022 16:41:26.791 INFO [main] org.apache.catalina.core.StandardService.startInternal Arrancando servicio [Catalina]
26-Jan-2022 16:41:26.792 INFO [main] org.apache.catalina.core.StandardEngine.startInternal Starting Servlet engine: [Apache Tomcat/9.0.56]
26-Jan-2022 16:41:26.801 INFO [main] org.apache.catalina.startup.HostConfig.deployDirectory Desplegando el directorio [/home/paco/Documentos/DAM2/PSP/Tomcat/apache-tomcat-9.0.56/webapps/visitas] de la aplicación web
26-Jan-2022 16:41:27.076 INFO [main] org.apache.jasper.servlet.TldScanner.scanJars Al menos un JAR, que se ha explorado buscando TLDs, aún no contenía TLDs. Activar historial de depuración para este historiador para una completa lista de los JARs que fueron explorados y de los que nos se halló TLDs. Saltarse JARs no necesarios durante la exploración puede dar lugar a una mejora de tiempo significativa en el arranque y compilación de JSP .
26-Jan-2022 16:41:27.144 INFO [main] org.apache.catalina.startup.HostConfig.deployDirectory Deployment of web application directory [/home/paco/Documentos/DAM2/PSP/Tomcat/apache-tomcat-9.0.56/webapps/visitas] has finished in [340] ms
26-Jan-2022 16:41:27.144 INFO [main] org.apache.catalina.startup.HostConfig.deployDirectory Desplegando el directorio [/home/paco/Documentos/DAM2/PSP/Tomcat/apache-tomcat-9.0.56/webapps/host-manager] de la aplicación web
26-Jan-2022 16:41:27.207 INFO [main] org.apache.jasper.servlet.TldScanner.scanJars Al menos un JAR, que se ha explorado buscando TLDs, aún no contenía TLDs. Activar historial de depuración para este historiador para una completa lista de los JARs que fueron explorados y de los que nos se halló TLDs. Saltarse JARs no necesarios durante la exploración puede dar lugar a una mejora de tiempo significativa en el arranque y compilación de JSP .
26-Jan-2022 16:41:27.214 INFO [main] org.apache.catalina.startup.HostConfig.deployDirectory Deployment of web application directory [/home/paco/Documentos/DAM2/PSP/Tomcat/apache-tomcat-9.0.56/webapps/host-manager] has finished in [70] ms
26-Jan-2022 16:41:27.214 INFO [main] org.apache.catalina.startup.HostConfig.deployDirectory Desplegando el directorio [/home/paco/Documentos/DAM2/PSP/Tomcat/apache-tomcat-9.0.56/webapps/manager] de la aplicación web
26-Jan-2022 16:41:27.273 INFO [main] org.apache.jasper.servlet.TldScanner.scanJars Al menos un JAR, que se ha explorado buscando TLDs, aún no contenía TLDs. Activar historial de depuración para este historiador para una completa lista de los JARs que fueron explorados y de los que nos se halló TLDs. Saltarse JARs no necesarios durante la exploración puede dar lugar a una mejora de tiempo significativa en el arranque y compilación de JSP .
26-Jan-2022 16:41:27.275 INFO [main] org.apache.catalina.startup.HostConfig.deployDirectory Deployment of web application directory [/home/paco/Documentos/DAM2/PSP/Tomcat/apache-tomcat-9.0.56/webapps/manager] has finished in [61] ms
26-Jan-2022 16:41:27.275 INFO [main] org.apache.catalina.startup.HostConfig.deployDirectory Desplegando el directorio [/home/paco/Documentos/DAM2/PSP/Tomcat/apache-tomcat-9.0.56/webapps/ROOT] de la aplicación web
26-Jan-2022 16:41:27.317 INFO [main] org.apache.jasper.servlet.TldScanner.scanJars Al menos un JAR, que se ha explorado buscando TLDs, aún no contenía TLDs. Activar historial de depuración para este historiador para una completa lista de los JARs que fueron explorados y de los que nos se halló TLDs. Saltarse JARs no necesarios durante la exploración puede dar lugar a una mejora de tiempo significativa en el arranque y compilación de JSP .
26-Jan-2022 16:41:27.319 INFO [main] org.apache.catalina.startup.HostConfig.deployDirectory Deployment of web application directory [/home/paco/Documentos/DAM2/PSP/Tomcat/apache-tomcat-9.0.56/webapps/ROOT] has finished in [43] ms
26-Jan-2022 16:41:27.319 INFO [main] org.apache.catalina.startup.HostConfig.deployDirectory Desplegando el directorio [/home/paco/Documentos/DAM2/PSP/Tomcat/apache-tomcat-9.0.56/webapps/iva] de la aplicación web
26-Jan-2022 16:41:27.357 INFO [main] org.apache.jasper.servlet.TldScanner.scanJars Al menos un JAR, que se ha explorado buscando TLDs, aún no contenía TLDs. Activar historial de depuración para este historiador para una completa lista de los JARs que fueron explorados y de los que nos se halló TLDs. Saltarse JARs no necesarios durante la exploración puede dar lugar a una mejora de tiempo significativa en el arranque y compilación de JSP .
26-Jan-2022 16:41:27.365 INFO [main] org.apache.catalina.startup.HostConfig.deployDirectory Deployment of web application directory [/home/paco/Documentos/DAM2/PSP/Tomcat/apache-tomcat-9.0.56/webapps/iva] has finished in [45] ms
26-Jan-2022 16:41:27.365 INFO [main] org.apache.catalina.startup.HostConfig.deployDirectory Desplegando el directorio [/home/paco/Documentos/DAM2/PSP/Tomcat/apache-tomcat-9.0.56/webapps/primer-servlet] de la aplicación web
26-Jan-2022 16:41:27.398 INFO [main] org.apache.jasper.servlet.TldScanner.scanJars Al menos un JAR, que se ha explorado buscando TLDs, aún no contenía TLDs. Activar historial de depuración para este historiador para una completa lista de los JARs que fueron explorados y de los que nos se halló TLDs. Saltarse JARs no necesarios durante la exploración puede dar lugar a una mejora de tiempo significativa en el arranque y compilación de JSP .
26-Jan-2022 16:41:27.401 INFO [main] org.apache.catalina.startup.HostConfig.deployDirectory Deployment of web application directory [/home/paco/Documentos/DAM2/PSP/Tomcat/apache-tomcat-9.0.56/webapps/primer-servlet] has finished in [36] ms
26-Jan-2022 16:41:27.401 INFO [main] org.apache.catalina.startup.HostConfig.deployDirectory Desplegando el directorio [/home/paco/Documentos/DAM2/PSP/Tomcat/apache-tomcat-9.0.56/webapps/chat] de la aplicación web
26-Jan-2022 16:41:27.437 INFO [main] org.apache.jasper.servlet.TldScanner.scanJars Al menos un JAR, que se ha explorado buscando TLDs, aún no contenía TLDs. Activar historial de depuración para este historiador para una completa lista de los JARs que fueron explorados y de los que nos se halló TLDs. Saltarse JARs no necesarios durante la exploración puede dar lugar a una mejora de tiempo significativa en el arranque y compilación de JSP .
26-Jan-2022 16:41:27.439 INFO [main] org.apache.catalina.startup.HostConfig.deployDirectory Deployment of web application directory [/home/paco/Documentos/DAM2/PSP/Tomcat/apache-tomcat-9.0.56/webapps/chat] has finished in [38] ms
26-Jan-2022 16:41:27.439 INFO [main] org.apache.catalina.startup.HostConfig.deployDirectory Desplegando el directorio [/home/paco/Documentos/DAM2/PSP/Tomcat/apache-tomcat-9.0.56/webapps/examples] de la aplicación web
26-Jan-2022 16:41:27.596 INFO [main] org.apache.jasper.servlet.TldScanner.scanJars Al menos un JAR, que se ha explorado buscando TLDs, aún no contenía TLDs. Activar historial de depuración para este historiador para una completa lista de los JARs que fueron explorados y de los que nos se halló TLDs. Saltarse JARs no necesarios durante la exploración puede dar lugar a una mejora de tiempo significativa en el arranque y compilación de JSP .
26-Jan-2022 16:41:27.627 INFO [main] org.apache.catalina.startup.HostConfig.deployDirectory Deployment of web application directory [/home/paco/Documentos/DAM2/PSP/Tomcat/apache-tomcat-9.0.56/webapps/examples] has finished in [187] ms
26-Jan-2022 16:41:27.627 INFO [main] org.apache.catalina.startup.HostConfig.deployDirectory Desplegando el directorio [/home/paco/Documentos/DAM2/PSP/Tomcat/apache-tomcat-9.0.56/webapps/acceso] de la aplicación web
26-Jan-2022 16:41:27.660 INFO [main] org.apache.jasper.servlet.TldScanner.scanJars Al menos un JAR, que se ha explorado buscando TLDs, aún no contenía TLDs. Activar historial de depuración para este historiador para una completa lista de los JARs que fueron explorados y de los que nos se halló TLDs. Saltarse JARs no necesarios durante la exploración puede dar lugar a una mejora de tiempo significativa en el arranque y compilación de JSP .
26-Jan-2022 16:41:27.662 INFO [main] org.apache.catalina.startup.HostConfig.deployDirectory Deployment of web application directory [/home/paco/Documentos/DAM2/PSP/Tomcat/apache-tomcat-9.0.56/webapps/acceso] has finished in [35] ms
26-Jan-2022 16:41:27.663 INFO [main] org.apache.catalina.startup.HostConfig.deployDirectory Desplegando el directorio [/home/paco/Documentos/DAM2/PSP/Tomcat/apache-tomcat-9.0.56/webapps/servlet-dado] de la aplicación web
26-Jan-2022 16:41:27.700 INFO [main] org.apache.jasper.servlet.TldScanner.scanJars Al menos un JAR, que se ha explorado buscando TLDs, aún no contenía TLDs. Activar historial de depuración para este historiador para una completa lista de los JARs que fueron explorados y de los que nos se halló TLDs. Saltarse JARs no necesarios durante la exploración puede dar lugar a una mejora de tiempo significativa en el arranque y compilación de JSP .
26-Jan-2022 16:41:27.703 INFO [main] org.apache.catalina.startup.HostConfig.deployDirectory Deployment of web application directory [/home/paco/Documentos/DAM2/PSP/Tomcat/apache-tomcat-9.0.56/webapps/servlet-dado] has finished in [40] ms
26-Jan-2022 16:41:27.703 INFO [main] org.apache.catalina.startup.HostConfig.deployDirectory Desplegando el directorio [/home/paco/Documentos/DAM2/PSP/Tomcat/apache-tomcat-9.0.56/webapps/docs] de la aplicación web
26-Jan-2022 16:41:27.737 INFO [main] org.apache.jasper.servlet.TldScanner.scanJars Al menos un JAR, que se ha explorado buscando TLDs, aún no contenía TLDs. Activar historial de depuración para este historiador para una completa lista de los JARs que fueron explorados y de los que nos se halló TLDs. Saltarse JARs no necesarios durante la exploración puede dar lugar a una mejora de tiempo significativa en el arranque y compilación de JSP .
26-Jan-2022 16:41:27.739 INFO [main] org.apache.catalina.startup.HostConfig.deployDirectory Deployment of web application directory [/home/paco/Documentos/DAM2/PSP/Tomcat/apache-tomcat-9.0.56/webapps/docs] has finished in [36] ms
26-Jan-2022 16:41:27.741 INFO [main] org.apache.coyote.AbstractProtocol.start Starting ProtocolHandler ["http-nio-8080"]
26-Jan-2022 16:41:27.749 INFO [main] org.apache.catalina.startup.Catalina.start Server startup in [1001] milliseconds
26-Jan-2022 16:42:14.514 INFO [Thread-2] org.apache.coyote.AbstractProtocol.pause Pausing ProtocolHandler ["http-nio-8080"]
26-Jan-2022 16:42:14.521 INFO [Thread-2] org.apache.catalina.core.StandardService.stopInternal Parando servicio [Catalina]
26-Jan-2022 16:42:14.576 INFO [Thread-2] org.apache.coyote.AbstractProtocol.stop Stopping ProtocolHandler ["http-nio-8080"]
26-Jan-2022 16:42:14.584 INFO [Thread-2] org.apache.coyote.AbstractProtocol.destroy Destroying ProtocolHandler ["http-nio-8080"]
26-Jan-2022 16:42:17.046 INFO [main] org.apache.catalina.startup.VersionLoggerListener.log Nombre de la versión del servidor: Apache Tomcat/9.0.56
26-Jan-2022 16:42:17.049 INFO [main] org.apache.catalina.startup.VersionLoggerListener.log Server built:                      Dec 2 2021 14:30:07 UTC
26-Jan-2022 16:42:17.049 INFO [main] org.apache.catalina.startup.VersionLoggerListener.log Número de versión de servidor:     9.0.56.0
26-Jan-2022 16:42:17.049 INFO [main] org.apache.catalina.startup.VersionLoggerListener.log OS Name:                           Linux
26-Jan-2022 16:42:17.050 INFO [main] org.apache.catalina.startup.VersionLoggerListener.log Versión de Systema Operativo:      5.13.0-7614-generic
26-Jan-2022 16:42:17.050 INFO [main] org.apache.catalina.startup.VersionLoggerListener.log Arquitectura:                      amd64
26-Jan-2022 16:42:17.050 INFO [main] org.apache.catalina.startup.VersionLoggerListener.log Java Home:                         /usr/lib/jvm/java-17-oracle
26-Jan-2022 16:42:17.050 INFO [main] org.apache.catalina.startup.VersionLoggerListener.log JVM Version:                       17+35-LTS-2724
26-Jan-2022 16:42:17.050 INFO [main] org.apache.catalina.startup.VersionLoggerListener.log Vededor JVM:                       Oracle Corporation
26-Jan-2022 16:42:17.050 INFO [main] org.apache.catalina.startup.VersionLoggerListener.log CATALINA_BASE:                     /home/paco/Documentos/DAM2/PSP/Tomcat/apache-tomcat-9.0.56
26-Jan-2022 16:42:17.050 INFO [main] org.apache.catalina.startup.VersionLoggerListener.log CATALINA_HOME:                     /home/paco/Documentos/DAM2/PSP/Tomcat/apache-tomcat-9.0.56
26-Jan-2022 16:42:17.058 INFO [main] org.apache.catalina.startup.VersionLoggerListener.log Command line argument:             --add-opens=java.base/java.lang=ALL-UNNAMED
26-Jan-2022 16:42:17.058 INFO [main] org.apache.catalina.startup.VersionLoggerListener.log Command line argument:             --add-opens=java.base/java.io=ALL-UNNAMED
26-Jan-2022 16:42:17.058 INFO [main] org.apache.catalina.startup.VersionLoggerListener.log Command line argument:             --add-opens=java.base/java.util=ALL-UNNAMED
26-Jan-2022 16:42:17.058 INFO [main] org.apache.catalina.startup.VersionLoggerListener.log Command line argument:             --add-opens=java.base/java.util.concurrent=ALL-UNNAMED
26-Jan-2022 16:42:17.058 INFO [main] org.apache.catalina.startup.VersionLoggerListener.log Command line argument:             --add-opens=java.rmi/sun.rmi.transport=ALL-UNNAMED
26-Jan-2022 16:42:17.058 INFO [main] org.apache.catalina.startup.VersionLoggerListener.log Command line argument:             -Djava.util.logging.config.file=/home/paco/Documentos/DAM2/PSP/Tomcat/apache-tomcat-9.0.56/conf/logging.properties
26-Jan-2022 16:42:17.058 INFO [main] org.apache.catalina.startup.VersionLoggerListener.log Command line argument:             -Djava.util.logging.manager=org.apache.juli.ClassLoaderLogManager
26-Jan-2022 16:42:17.059 INFO [main] org.apache.catalina.startup.VersionLoggerListener.log Command line argument:             -Djdk.tls.ephemeralDHKeySize=2048
26-Jan-2022 16:42:17.059 INFO [main] org.apache.catalina.startup.VersionLoggerListener.log Command line argument:             -Djava.protocol.handler.pkgs=org.apache.catalina.webresources
26-Jan-2022 16:42:17.059 INFO [main] org.apache.catalina.startup.VersionLoggerListener.log Command line argument:             -Dorg.apache.catalina.security.SecurityListener.UMASK=0027
26-Jan-2022 16:42:17.059 INFO [main] org.apache.catalina.startup.VersionLoggerListener.log Command line argument:             -Dignore.endorsed.dirs=
26-Jan-2022 16:42:17.059 INFO [main] org.apache.catalina.startup.VersionLoggerListener.log Command line argument:             -Dcatalina.base=/home/paco/Documentos/DAM2/PSP/Tomcat/apache-tomcat-9.0.56
26-Jan-2022 16:42:17.059 INFO [main] org.apache.catalina.startup.VersionLoggerListener.log Command line argument:             -Dcatalina.home=/home/paco/Documentos/DAM2/PSP/Tomcat/apache-tomcat-9.0.56
26-Jan-2022 16:42:17.059 INFO [main] org.apache.catalina.startup.VersionLoggerListener.log Command line argument:             -Djava.io.tmpdir=/home/paco/Documentos/DAM2/PSP/Tomcat/apache-tomcat-9.0.56/temp
26-Jan-2022 16:42:17.061 INFO [main] org.apache.catalina.core.AprLifecycleListener.lifecycleEvent La biblioteca nativa de Apache Tomcat basada en ARP que permite un rendimiento óptimo en entornos de desarrollo no ha sido hallada en java.library.path: [/usr/java/packages/lib:/usr/lib64:/lib64:/lib:/usr/lib]
26-Jan-2022 16:42:17.289 INFO [main] org.apache.coyote.AbstractProtocol.init Inicializando el manejador de protocolo ["http-nio-8080"]

26-Jan-2022 16:42:17.308 INFO [main] org.apache.catalina.startup.Catalina.load Server initialization in [402] milliseconds
26-Jan-2022 16:42:17.337 INFO [main] org.apache.catalina.core.StandardService.startInternal Arrancando servicio [Catalina]
26-Jan-2022 16:42:17.337 INFO [main] org.apache.catalina.core.StandardEngine.startInternal Starting Servlet engine: [Apache Tomcat/9.0.56]
26-Jan-2022 16:42:17.342 INFO [main] org.apache.catalina.startup.HostConfig.deployDirectory Desplegando el directorio [/home/paco/Documentos/DAM2/PSP/Tomcat/apache-tomcat-9.0.56/webapps/visitas] de la aplicación web
26-Jan-2022 16:42:17.538 INFO [main] org.apache.jasper.servlet.TldScanner.scanJars Al menos un JAR, que se ha explorado buscando TLDs, aún no contenía TLDs. Activar historial de depuración para este historiador para una completa lista de los JARs que fueron explorados y de los que nos se halló TLDs. Saltarse JARs no necesarios durante la exploración puede dar lugar a una mejora de tiempo significativa en el arranque y compilación de JSP .
26-Jan-2022 16:42:17.585 INFO [main] org.apache.catalina.startup.HostConfig.deployDirectory Deployment of web application directory [/home/paco/Documentos/DAM2/PSP/Tomcat/apache-tomcat-9.0.56/webapps/visitas] has finished in [242] ms
26-Jan-2022 16:42:17.585 INFO [main] org.apache.catalina.startup.HostConfig.deployDirectory Desplegando el directorio [/home/paco/Documentos/DAM2/PSP/Tomcat/apache-tomcat-9.0.56/webapps/host-manager] de la aplicación web
26-Jan-2022 16:42:17.633 INFO [main] org.apache.jasper.servlet.TldScanner.scanJars Al menos un JAR, que se ha explorado buscando TLDs, aún no contenía TLDs. Activar historial de depuración para este historiador para una completa lista de los JARs que fueron explorados y de los que nos se halló TLDs. Saltarse JARs no necesarios durante la exploración puede dar lugar a una mejora de tiempo significativa en el arranque y compilación de JSP .
26-Jan-2022 16:42:17.639 INFO [main] org.apache.catalina.startup.HostConfig.deployDirectory Deployment of web application directory [/home/paco/Documentos/DAM2/PSP/Tomcat/apache-tomcat-9.0.56/webapps/host-manager] has finished in [53] ms
26-Jan-2022 16:42:17.639 INFO [main] org.apache.catalina.startup.HostConfig.deployDirectory Desplegando el directorio [/home/paco/Documentos/DAM2/PSP/Tomcat/apache-tomcat-9.0.56/webapps/manager] de la aplicación web
26-Jan-2022 16:42:17.684 INFO [main] org.apache.jasper.servlet.TldScanner.scanJars Al menos un JAR, que se ha explorado buscando TLDs, aún no contenía TLDs. Activar historial de depuración para este historiador para una completa lista de los JARs que fueron explorados y de los que nos se halló TLDs. Saltarse JARs no necesarios durante la exploración puede dar lugar a una mejora de tiempo significativa en el arranque y compilación de JSP .
26-Jan-2022 16:42:17.687 INFO [main] org.apache.catalina.startup.HostConfig.deployDirectory Deployment of web application directory [/home/paco/Documentos/DAM2/PSP/Tomcat/apache-tomcat-9.0.56/webapps/manager] has finished in [47] ms
26-Jan-2022 16:42:17.687 INFO [main] org.apache.catalina.startup.HostConfig.deployDirectory Desplegando el directorio [/home/paco/Documentos/DAM2/PSP/Tomcat/apache-tomcat-9.0.56/webapps/ROOT] de la aplicación web
26-Jan-2022 16:42:17.717 INFO [main] org.apache.jasper.servlet.TldScanner.scanJars Al menos un JAR, que se ha explorado buscando TLDs, aún no contenía TLDs. Activar historial de depuración para este historiador para una completa lista de los JARs que fueron explorados y de los que nos se halló TLDs. Saltarse JARs no necesarios durante la exploración puede dar lugar a una mejora de tiempo significativa en el arranque y compilación de JSP .
26-Jan-2022 16:42:17.719 INFO [main] org.apache.catalina.startup.HostConfig.deployDirectory Deployment of web application directory [/home/paco/Documentos/DAM2/PSP/Tomcat/apache-tomcat-9.0.56/webapps/ROOT] has finished in [32] ms
26-Jan-2022 16:42:17.719 INFO [main] org.apache.catalina.startup.HostConfig.deployDirectory Desplegando el directorio [/home/paco/Documentos/DAM2/PSP/Tomcat/apache-tomcat-9.0.56/webapps/iva] de la aplicación web
26-Jan-2022 16:42:17.756 INFO [main] org.apache.jasper.servlet.TldScanner.scanJars Al menos un JAR, que se ha explorado buscando TLDs, aún no contenía TLDs. Activar historial de depuración para este historiador para una completa lista de los JARs que fueron explorados y de los que nos se halló TLDs. Saltarse JARs no necesarios durante la exploración puede dar lugar a una mejora de tiempo significativa en el arranque y compilación de JSP .
26-Jan-2022 16:42:17.758 INFO [main] org.apache.catalina.startup.HostConfig.deployDirectory Deployment of web application directory [/home/paco/Documentos/DAM2/PSP/Tomcat/apache-tomcat-9.0.56/webapps/iva] has finished in [39] ms
26-Jan-2022 16:42:17.758 INFO [main] org.apache.catalina.startup.HostConfig.deployDirectory Desplegando el directorio [/home/paco/Documentos/DAM2/PSP/Tomcat/apache-tomcat-9.0.56/webapps/primer-servlet] de la aplicación web
26-Jan-2022 16:42:17.792 INFO [main] org.apache.jasper.servlet.TldScanner.scanJars Al menos un JAR, que se ha explorado buscando TLDs, aún no contenía TLDs. Activar historial de depuración para este historiador para una completa lista de los JARs que fueron explorados y de los que nos se halló TLDs. Saltarse JARs no necesarios durante la exploración puede dar lugar a una mejora de tiempo significativa en el arranque y compilación de JSP .
26-Jan-2022 16:42:17.794 INFO [main] org.apache.catalina.startup.HostConfig.deployDirectory Deployment of web application directory [/home/paco/Documentos/DAM2/PSP/Tomcat/apache-tomcat-9.0.56/webapps/primer-servlet] has finished in [36] ms
26-Jan-2022 16:42:17.794 INFO [main] org.apache.catalina.startup.HostConfig.deployDirectory Desplegando el directorio [/home/paco/Documentos/DAM2/PSP/Tomcat/apache-tomcat-9.0.56/webapps/chat] de la aplicación web
26-Jan-2022 16:42:17.824 INFO [main] org.apache.jasper.servlet.TldScanner.scanJars Al menos un JAR, que se ha explorado buscando TLDs, aún no contenía TLDs. Activar historial de depuración para este historiador para una completa lista de los JARs que fueron explorados y de los que nos se halló TLDs. Saltarse JARs no necesarios durante la exploración puede dar lugar a una mejora de tiempo significativa en el arranque y compilación de JSP .
26-Jan-2022 16:42:17.826 INFO [main] org.apache.catalina.startup.HostConfig.deployDirectory Deployment of web application directory [/home/paco/Documentos/DAM2/PSP/Tomcat/apache-tomcat-9.0.56/webapps/chat] has finished in [32] ms
26-Jan-2022 16:42:17.826 INFO [main] org.apache.catalina.startup.HostConfig.deployDirectory Desplegando el directorio [/home/paco/Documentos/DAM2/PSP/Tomcat/apache-tomcat-9.0.56/webapps/examples] de la aplicación web
26-Jan-2022 16:42:17.974 INFO [main] org.apache.jasper.servlet.TldScanner.scanJars Al menos un JAR, que se ha explorado buscando TLDs, aún no contenía TLDs. Activar historial de depuración para este historiador para una completa lista de los JARs que fueron explorados y de los que nos se halló TLDs. Saltarse JARs no necesarios durante la exploración puede dar lugar a una mejora de tiempo significativa en el arranque y compilación de JSP .
26-Jan-2022 16:42:18.011 INFO [main] org.apache.catalina.startup.HostConfig.deployDirectory Deployment of web application directory [/home/paco/Documentos/DAM2/PSP/Tomcat/apache-tomcat-9.0.56/webapps/examples] has finished in [185] ms
26-Jan-2022 16:42:18.012 INFO [main] org.apache.catalina.startup.HostConfig.deployDirectory Desplegando el directorio [/home/paco/Documentos/DAM2/PSP/Tomcat/apache-tomcat-9.0.56/webapps/acceso] de la aplicación web
26-Jan-2022 16:42:18.052 INFO [main] org.apache.jasper.servlet.TldScanner.scanJars Al menos un JAR, que se ha explorado buscando TLDs, aún no contenía TLDs. Activar historial de depuración para este historiador para una completa lista de los JARs que fueron explorados y de los que nos se halló TLDs. Saltarse JARs no necesarios durante la exploración puede dar lugar a una mejora de tiempo significativa en el arranque y compilación de JSP .
26-Jan-2022 16:42:18.054 INFO [main] org.apache.catalina.startup.HostConfig.deployDirectory Deployment of web application directory [/home/paco/Documentos/DAM2/PSP/Tomcat/apache-tomcat-9.0.56/webapps/acceso] has finished in [42] ms
26-Jan-2022 16:42:18.055 INFO [main] org.apache.catalina.startup.HostConfig.deployDirectory Desplegando el directorio [/home/paco/Documentos/DAM2/PSP/Tomcat/apache-tomcat-9.0.56/webapps/servlet-dado] de la aplicación web
26-Jan-2022 16:42:18.091 INFO [main] org.apache.jasper.servlet.TldScanner.scanJars Al menos un JAR, que se ha explorado buscando TLDs, aún no contenía TLDs. Activar historial de depuración para este historiador para una completa lista de los JARs que fueron explorados y de los que nos se halló TLDs. Saltarse JARs no necesarios durante la exploración puede dar lugar a una mejora de tiempo significativa en el arranque y compilación de JSP .
26-Jan-2022 16:42:18.093 INFO [main] org.apache.catalina.startup.HostConfig.deployDirectory Deployment of web application directory [/home/paco/Documentos/DAM2/PSP/Tomcat/apache-tomcat-9.0.56/webapps/servlet-dado] has finished in [39] ms
26-Jan-2022 16:42:18.093 INFO [main] org.apache.catalina.startup.HostConfig.deployDirectory Desplegando el directorio [/home/paco/Documentos/DAM2/PSP/Tomcat/apache-tomcat-9.0.56/webapps/docs] de la aplicación web
26-Jan-2022 16:42:18.121 INFO [main] org.apache.jasper.servlet.TldScanner.scanJars Al menos un JAR, que se ha explorado buscando TLDs, aún no contenía TLDs. Activar historial de depuración para este historiador para una completa lista de los JARs que fueron explorados y de los que nos se halló TLDs. Saltarse JARs no necesarios durante la exploración puede dar lugar a una mejora de tiempo significativa en el arranque y compilación de JSP .
26-Jan-2022 16:42:18.122 INFO [main] org.apache.catalina.startup.HostConfig.deployDirectory Deployment of web application directory [/home/paco/Documentos/DAM2/PSP/Tomcat/apache-tomcat-9.0.56/webapps/docs] has finished in [29] ms
26-Jan-2022 16:42:18.124 INFO [main] org.apache.coyote.AbstractProtocol.start Starting ProtocolHandler ["http-nio-8080"]
26-Jan-2022 16:42:18.131 INFO [main] org.apache.catalina.startup.Catalina.start Server startup in [822] milliseconds
26-Jan-2022 16:43:31.856 INFO [Thread-2] org.apache.coyote.AbstractProtocol.pause Pausing ProtocolHandler ["http-nio-8080"]
26-Jan-2022 16:43:31.861 INFO [Thread-2] org.apache.catalina.core.StandardService.stopInternal Parando servicio [Catalina]
26-Jan-2022 16:43:31.900 INFO [Thread-2] org.apache.coyote.AbstractProtocol.stop Stopping ProtocolHandler ["http-nio-8080"]
26-Jan-2022 16:43:31.905 INFO [Thread-2] org.apache.coyote.AbstractProtocol.destroy Destroying ProtocolHandler ["http-nio-8080"]
26-Jan-2022 16:43:32.613 INFO [main] org.apache.catalina.startup.VersionLoggerListener.log Nombre de la versión del servidor: Apache Tomcat/9.0.56
26-Jan-2022 16:43:32.616 INFO [main] org.apache.catalina.startup.VersionLoggerListener.log Server built:                      Dec 2 2021 14:30:07 UTC
26-Jan-2022 16:43:32.616 INFO [main] org.apache.catalina.startup.VersionLoggerListener.log Número de versión de servidor:     9.0.56.0
26-Jan-2022 16:43:32.616 INFO [main] org.apache.catalina.startup.VersionLoggerListener.log OS Name:                           Linux
26-Jan-2022 16:43:32.617 INFO [main] org.apache.catalina.startup.VersionLoggerListener.log Versión de Systema Operativo:      5.13.0-7614-generic
26-Jan-2022 16:43:32.617 INFO [main] org.apache.catalina.startup.VersionLoggerListener.log Arquitectura:                      amd64
26-Jan-2022 16:43:32.617 INFO [main] org.apache.catalina.startup.VersionLoggerListener.log Java Home:                         /usr/lib/jvm/java-17-oracle
26-Jan-2022 16:43:32.617 INFO [main] org.apache.catalina.startup.VersionLoggerListener.log JVM Version:                       17+35-LTS-2724
26-Jan-2022 16:43:32.617 INFO [main] org.apache.catalina.startup.VersionLoggerListener.log Vededor JVM:                       Oracle Corporation
26-Jan-2022 16:43:32.617 INFO [main] org.apache.catalina.startup.VersionLoggerListener.log CATALINA_BASE:                     /home/paco/Documentos/DAM2/PSP/Tomcat/apache-tomcat-9.0.56
26-Jan-2022 16:43:32.617 INFO [main] org.apache.catalina.startup.VersionLoggerListener.log CATALINA_HOME:                     /home/paco/Documentos/DAM2/PSP/Tomcat/apache-tomcat-9.0.56
26-Jan-2022 16:43:32.626 INFO [main] org.apache.catalina.startup.VersionLoggerListener.log Command line argument:             --add-opens=java.base/java.lang=ALL-UNNAMED
26-Jan-2022 16:43:32.626 INFO [main] org.apache.catalina.startup.VersionLoggerListener.log Command line argument:             --add-opens=java.base/java.io=ALL-UNNAMED
26-Jan-2022 16:43:32.627 INFO [main] org.apache.catalina.startup.VersionLoggerListener.log Command line argument:             --add-opens=java.base/java.util=ALL-UNNAMED
26-Jan-2022 16:43:32.627 INFO [main] org.apache.catalina.startup.VersionLoggerListener.log Command line argument:             --add-opens=java.base/java.util.concurrent=ALL-UNNAMED
26-Jan-2022 16:43:32.627 INFO [main] org.apache.catalina.startup.VersionLoggerListener.log Command line argument:             --add-opens=java.rmi/sun.rmi.transport=ALL-UNNAMED
26-Jan-2022 16:43:32.627 INFO [main] org.apache.catalina.startup.VersionLoggerListener.log Command line argument:             -Djava.util.logging.config.file=/home/paco/Documentos/DAM2/PSP/Tomcat/apache-tomcat-9.0.56/conf/logging.properties
26-Jan-2022 16:43:32.627 INFO [main] org.apache.catalina.startup.VersionLoggerListener.log Command line argument:             -Djava.util.logging.manager=org.apache.juli.ClassLoaderLogManager
26-Jan-2022 16:43:32.627 INFO [main] org.apache.catalina.startup.VersionLoggerListener.log Command line argument:             -Djdk.tls.ephemeralDHKeySize=2048
26-Jan-2022 16:43:32.627 INFO [main] org.apache.catalina.startup.VersionLoggerListener.log Command line argument:             -Djava.protocol.handler.pkgs=org.apache.catalina.webresources
26-Jan-2022 16:43:32.627 INFO [main] org.apache.catalina.startup.VersionLoggerListener.log Command line argument:             -Dorg.apache.catalina.security.SecurityListener.UMASK=0027
26-Jan-2022 16:43:32.628 INFO [main] org.apache.catalina.startup.VersionLoggerListener.log Command line argument:             -Dignore.endorsed.dirs=
26-Jan-2022 16:43:32.628 INFO [main] org.apache.catalina.startup.VersionLoggerListener.log Command line argument:             -Dcatalina.base=/home/paco/Documentos/DAM2/PSP/Tomcat/apache-tomcat-9.0.56
26-Jan-2022 16:43:32.628 INFO [main] org.apache.catalina.startup.VersionLoggerListener.log Command line argument:             -Dcatalina.home=/home/paco/Documentos/DAM2/PSP/Tomcat/apache-tomcat-9.0.56
26-Jan-2022 16:43:32.628 INFO [main] org.apache.catalina.startup.VersionLoggerListener.log Command line argument:             -Djava.io.tmpdir=/home/paco/Documentos/DAM2/PSP/Tomcat/apache-tomcat-9.0.56/temp
26-Jan-2022 16:43:32.629 INFO [main] org.apache.catalina.core.AprLifecycleListener.lifecycleEvent La biblioteca nativa de Apache Tomcat basada en ARP que permite un rendimiento óptimo en entornos de desarrollo no ha sido hallada en java.library.path: [/usr/java/packages/lib:/usr/lib64:/lib64:/lib:/usr/lib]
26-Jan-2022 16:43:32.869 INFO [main] org.apache.coyote.AbstractProtocol.init Inicializando el manejador de protocolo ["http-nio-8080"]

26-Jan-2022 16:43:32.896 INFO [main] org.apache.catalina.startup.Catalina.load Server initialization in [431] milliseconds
26-Jan-2022 16:43:32.933 INFO [main] org.apache.catalina.core.StandardService.startInternal Arrancando servicio [Catalina]
26-Jan-2022 16:43:32.933 INFO [main] org.apache.catalina.core.StandardEngine.startInternal Starting Servlet engine: [Apache Tomcat/9.0.56]
26-Jan-2022 16:43:32.939 INFO [main] org.apache.catalina.startup.HostConfig.deployDirectory Desplegando el directorio [/home/paco/Documentos/DAM2/PSP/Tomcat/apache-tomcat-9.0.56/webapps/visitas] de la aplicación web
26-Jan-2022 16:43:33.125 INFO [main] org.apache.jasper.servlet.TldScanner.scanJars Al menos un JAR, que se ha explorado buscando TLDs, aún no contenía TLDs. Activar historial de depuración para este historiador para una completa lista de los JARs que fueron explorados y de los que nos se halló TLDs. Saltarse JARs no necesarios durante la exploración puede dar lugar a una mejora de tiempo significativa en el arranque y compilación de JSP .
26-Jan-2022 16:43:33.181 INFO [main] org.apache.catalina.startup.HostConfig.deployDirectory Deployment of web application directory [/home/paco/Documentos/DAM2/PSP/Tomcat/apache-tomcat-9.0.56/webapps/visitas] has finished in [240] ms
26-Jan-2022 16:43:33.181 INFO [main] org.apache.catalina.startup.HostConfig.deployDirectory Desplegando el directorio [/home/paco/Documentos/DAM2/PSP/Tomcat/apache-tomcat-9.0.56/webapps/host-manager] de la aplicación web
26-Jan-2022 16:43:33.227 INFO [main] org.apache.jasper.servlet.TldScanner.scanJars Al menos un JAR, que se ha explorado buscando TLDs, aún no contenía TLDs. Activar historial de depuración para este historiador para una completa lista de los JARs que fueron explorados y de los que nos se halló TLDs. Saltarse JARs no necesarios durante la exploración puede dar lugar a una mejora de tiempo significativa en el arranque y compilación de JSP .
26-Jan-2022 16:43:33.232 INFO [main] org.apache.catalina.startup.HostConfig.deployDirectory Deployment of web application directory [/home/paco/Documentos/DAM2/PSP/Tomcat/apache-tomcat-9.0.56/webapps/host-manager] has finished in [51] ms
26-Jan-2022 16:43:33.232 INFO [main] org.apache.catalina.startup.HostConfig.deployDirectory Desplegando el directorio [/home/paco/Documentos/DAM2/PSP/Tomcat/apache-tomcat-9.0.56/webapps/manager] de la aplicación web
26-Jan-2022 16:43:33.287 INFO [main] org.apache.jasper.servlet.TldScanner.scanJars Al menos un JAR, que se ha explorado buscando TLDs, aún no contenía TLDs. Activar historial de depuración para este historiador para una completa lista de los JARs que fueron explorados y de los que nos se halló TLDs. Saltarse JARs no necesarios durante la exploración puede dar lugar a una mejora de tiempo significativa en el arranque y compilación de JSP .
26-Jan-2022 16:43:33.289 INFO [main] org.apache.catalina.startup.HostConfig.deployDirectory Deployment of web application directory [/home/paco/Documentos/DAM2/PSP/Tomcat/apache-tomcat-9.0.56/webapps/manager] has finished in [57] ms
26-Jan-2022 16:43:33.290 INFO [main] org.apache.catalina.startup.HostConfig.deployDirectory Desplegando el directorio [/home/paco/Documentos/DAM2/PSP/Tomcat/apache-tomcat-9.0.56/webapps/ROOT] de la aplicación web
26-Jan-2022 16:43:33.333 INFO [main] org.apache.jasper.servlet.TldScanner.scanJars Al menos un JAR, que se ha explorado buscando TLDs, aún no contenía TLDs. Activar historial de depuración para este historiador para una completa lista de los JARs que fueron explorados y de los que nos se halló TLDs. Saltarse JARs no necesarios durante la exploración puede dar lugar a una mejora de tiempo significativa en el arranque y compilación de JSP .
26-Jan-2022 16:43:33.335 INFO [main] org.apache.catalina.startup.HostConfig.deployDirectory Deployment of web application directory [/home/paco/Documentos/DAM2/PSP/Tomcat/apache-tomcat-9.0.56/webapps/ROOT] has finished in [45] ms
26-Jan-2022 16:43:33.335 INFO [main] org.apache.catalina.startup.HostConfig.deployDirectory Desplegando el directorio [/home/paco/Documentos/DAM2/PSP/Tomcat/apache-tomcat-9.0.56/webapps/iva] de la aplicación web
26-Jan-2022 16:43:33.377 INFO [main] org.apache.jasper.servlet.TldScanner.scanJars Al menos un JAR, que se ha explorado buscando TLDs, aún no contenía TLDs. Activar historial de depuración para este historiador para una completa lista de los JARs que fueron explorados y de los que nos se halló TLDs. Saltarse JARs no necesarios durante la exploración puede dar lugar a una mejora de tiempo significativa en el arranque y compilación de JSP .
26-Jan-2022 16:43:33.379 INFO [main] org.apache.catalina.startup.HostConfig.deployDirectory Deployment of web application directory [/home/paco/Documentos/DAM2/PSP/Tomcat/apache-tomcat-9.0.56/webapps/iva] has finished in [44] ms
26-Jan-2022 16:43:33.379 INFO [main] org.apache.catalina.startup.HostConfig.deployDirectory Desplegando el directorio [/home/paco/Documentos/DAM2/PSP/Tomcat/apache-tomcat-9.0.56/webapps/primer-servlet] de la aplicación web
26-Jan-2022 16:43:33.418 INFO [main] org.apache.jasper.servlet.TldScanner.scanJars Al menos un JAR, que se ha explorado buscando TLDs, aún no contenía TLDs. Activar historial de depuración para este historiador para una completa lista de los JARs que fueron explorados y de los que nos se halló TLDs. Saltarse JARs no necesarios durante la exploración puede dar lugar a una mejora de tiempo significativa en el arranque y compilación de JSP .
26-Jan-2022 16:43:33.421 INFO [main] org.apache.catalina.startup.HostConfig.deployDirectory Deployment of web application directory [/home/paco/Documentos/DAM2/PSP/Tomcat/apache-tomcat-9.0.56/webapps/primer-servlet] has finished in [41] ms
26-Jan-2022 16:43:33.421 INFO [main] org.apache.catalina.startup.HostConfig.deployDirectory Desplegando el directorio [/home/paco/Documentos/DAM2/PSP/Tomcat/apache-tomcat-9.0.56/webapps/chat] de la aplicación web
26-Jan-2022 16:43:33.456 INFO [main] org.apache.jasper.servlet.TldScanner.scanJars Al menos un JAR, que se ha explorado buscando TLDs, aún no contenía TLDs. Activar historial de depuración para este historiador para una completa lista de los JARs que fueron explorados y de los que nos se halló TLDs. Saltarse JARs no necesarios durante la exploración puede dar lugar a una mejora de tiempo significativa en el arranque y compilación de JSP .
26-Jan-2022 16:43:33.458 INFO [main] org.apache.catalina.startup.HostConfig.deployDirectory Deployment of web application directory [/home/paco/Documentos/DAM2/PSP/Tomcat/apache-tomcat-9.0.56/webapps/chat] has finished in [37] ms
26-Jan-2022 16:43:33.459 INFO [main] org.apache.catalina.startup.HostConfig.deployDirectory Desplegando el directorio [/home/paco/Documentos/DAM2/PSP/Tomcat/apache-tomcat-9.0.56/webapps/examples] de la aplicación web
26-Jan-2022 16:43:33.590 INFO [main] org.apache.jasper.servlet.TldScanner.scanJars Al menos un JAR, que se ha explorado buscando TLDs, aún no contenía TLDs. Activar historial de depuración para este historiador para una completa lista de los JARs que fueron explorados y de los que nos se halló TLDs. Saltarse JARs no necesarios durante la exploración puede dar lugar a una mejora de tiempo significativa en el arranque y compilación de JSP .
26-Jan-2022 16:43:33.625 INFO [main] org.apache.catalina.startup.HostConfig.deployDirectory Deployment of web application directory [/home/paco/Documentos/DAM2/PSP/Tomcat/apache-tomcat-9.0.56/webapps/examples] has finished in [166] ms
26-Jan-2022 16:43:33.625 INFO [main] org.apache.catalina.startup.HostConfig.deployDirectory Desplegando el directorio [/home/paco/Documentos/DAM2/PSP/Tomcat/apache-tomcat-9.0.56/webapps/acceso] de la aplicación web
26-Jan-2022 16:43:33.655 INFO [main] org.apache.jasper.servlet.TldScanner.scanJars Al menos un JAR, que se ha explorado buscando TLDs, aún no contenía TLDs. Activar historial de depuración para este historiador para una completa lista de los JARs que fueron explorados y de los que nos se halló TLDs. Saltarse JARs no necesarios durante la exploración puede dar lugar a una mejora de tiempo significativa en el arranque y compilación de JSP .
26-Jan-2022 16:43:33.657 INFO [main] org.apache.catalina.startup.HostConfig.deployDirectory Deployment of web application directory [/home/paco/Documentos/DAM2/PSP/Tomcat/apache-tomcat-9.0.56/webapps/acceso] has finished in [32] ms
26-Jan-2022 16:43:33.657 INFO [main] org.apache.catalina.startup.HostConfig.deployDirectory Desplegando el directorio [/home/paco/Documentos/DAM2/PSP/Tomcat/apache-tomcat-9.0.56/webapps/servlet-dado] de la aplicación web
26-Jan-2022 16:43:33.687 INFO [main] org.apache.jasper.servlet.TldScanner.scanJars Al menos un JAR, que se ha explorado buscando TLDs, aún no contenía TLDs. Activar historial de depuración para este historiador para una completa lista de los JARs que fueron explorados y de los que nos se halló TLDs. Saltarse JARs no necesarios durante la exploración puede dar lugar a una mejora de tiempo significativa en el arranque y compilación de JSP .
26-Jan-2022 16:43:33.689 INFO [main] org.apache.catalina.startup.HostConfig.deployDirectory Deployment of web application directory [/home/paco/Documentos/DAM2/PSP/Tomcat/apache-tomcat-9.0.56/webapps/servlet-dado] has finished in [32] ms
26-Jan-2022 16:43:33.689 INFO [main] org.apache.catalina.startup.HostConfig.deployDirectory Desplegando el directorio [/home/paco/Documentos/DAM2/PSP/Tomcat/apache-tomcat-9.0.56/webapps/docs] de la aplicación web
26-Jan-2022 16:43:33.716 INFO [main] org.apache.jasper.servlet.TldScanner.scanJars Al menos un JAR, que se ha explorado buscando TLDs, aún no contenía TLDs. Activar historial de depuración para este historiador para una completa lista de los JARs que fueron explorados y de los que nos se halló TLDs. Saltarse JARs no necesarios durante la exploración puede dar lugar a una mejora de tiempo significativa en el arranque y compilación de JSP .
26-Jan-2022 16:43:33.717 INFO [main] org.apache.catalina.startup.HostConfig.deployDirectory Deployment of web application directory [/home/paco/Documentos/DAM2/PSP/Tomcat/apache-tomcat-9.0.56/webapps/docs] has finished in [28] ms
26-Jan-2022 16:43:33.720 INFO [main] org.apache.coyote.AbstractProtocol.start Starting ProtocolHandler ["http-nio-8080"]
26-Jan-2022 16:43:33.727 INFO [main] org.apache.catalina.startup.Catalina.start Server startup in [830] milliseconds
26-Jan-2022 16:59:21.087 INFO [Thread-2] org.apache.coyote.AbstractProtocol.pause Pausing ProtocolHandler ["http-nio-8080"]
26-Jan-2022 16:59:21.092 INFO [Thread-2] org.apache.catalina.core.StandardService.stopInternal Parando servicio [Catalina]
26-Jan-2022 16:59:21.123 INFO [Thread-2] org.apache.coyote.AbstractProtocol.stop Stopping ProtocolHandler ["http-nio-8080"]
26-Jan-2022 16:59:21.136 INFO [Thread-2] org.apache.coyote.AbstractProtocol.destroy Destroying ProtocolHandler ["http-nio-8080"]
26-Jan-2022 17:00:39.440 INFO [main] org.apache.catalina.startup.VersionLoggerListener.log Nombre de la versión del servidor: Apache Tomcat/9.0.56
26-Jan-2022 17:00:39.443 INFO [main] org.apache.catalina.startup.VersionLoggerListener.log Server built:                      Dec 2 2021 14:30:07 UTC
26-Jan-2022 17:00:39.443 INFO [main] org.apache.catalina.startup.VersionLoggerListener.log Número de versión de servidor:     9.0.56.0
26-Jan-2022 17:00:39.443 INFO [main] org.apache.catalina.startup.VersionLoggerListener.log OS Name:                           Linux
26-Jan-2022 17:00:39.443 INFO [main] org.apache.catalina.startup.VersionLoggerListener.log Versión de Systema Operativo:      5.13.0-7614-generic
26-Jan-2022 17:00:39.443 INFO [main] org.apache.catalina.startup.VersionLoggerListener.log Arquitectura:                      amd64
26-Jan-2022 17:00:39.443 INFO [main] org.apache.catalina.startup.VersionLoggerListener.log Java Home:                         /usr/lib/jvm/java-17-oracle
26-Jan-2022 17:00:39.443 INFO [main] org.apache.catalina.startup.VersionLoggerListener.log JVM Version:                       17+35-LTS-2724
26-Jan-2022 17:00:39.443 INFO [main] org.apache.catalina.startup.VersionLoggerListener.log Vededor JVM:                       Oracle Corporation
26-Jan-2022 17:00:39.443 INFO [main] org.apache.catalina.startup.VersionLoggerListener.log CATALINA_BASE:                     /home/paco/Documentos/DAM2/PSP/Tomcat/apache-tomcat-9.0.56
26-Jan-2022 17:00:39.443 INFO [main] org.apache.catalina.startup.VersionLoggerListener.log CATALINA_HOME:                     /home/paco/Documentos/DAM2/PSP/Tomcat/apache-tomcat-9.0.56
26-Jan-2022 17:00:39.450 INFO [main] org.apache.catalina.startup.VersionLoggerListener.log Command line argument:             --add-opens=java.base/java.lang=ALL-UNNAMED
26-Jan-2022 17:00:39.450 INFO [main] org.apache.catalina.startup.VersionLoggerListener.log Command line argument:             --add-opens=java.base/java.io=ALL-UNNAMED
26-Jan-2022 17:00:39.450 INFO [main] org.apache.catalina.startup.VersionLoggerListener.log Command line argument:             --add-opens=java.base/java.util=ALL-UNNAMED
26-Jan-2022 17:00:39.450 INFO [main] org.apache.catalina.startup.VersionLoggerListener.log Command line argument:             --add-opens=java.base/java.util.concurrent=ALL-UNNAMED
26-Jan-2022 17:00:39.450 INFO [main] org.apache.catalina.startup.VersionLoggerListener.log Command line argument:             --add-opens=java.rmi/sun.rmi.transport=ALL-UNNAMED
26-Jan-2022 17:00:39.450 INFO [main] org.apache.catalina.startup.VersionLoggerListener.log Command line argument:             -Djava.util.logging.config.file=/home/paco/Documentos/DAM2/PSP/Tomcat/apache-tomcat-9.0.56/conf/logging.properties
26-Jan-2022 17:00:39.450 INFO [main] org.apache.catalina.startup.VersionLoggerListener.log Command line argument:             -Djava.util.logging.manager=org.apache.juli.ClassLoaderLogManager
26-Jan-2022 17:00:39.450 INFO [main] org.apache.catalina.startup.VersionLoggerListener.log Command line argument:             -Djdk.tls.ephemeralDHKeySize=2048
26-Jan-2022 17:00:39.450 INFO [main] org.apache.catalina.startup.VersionLoggerListener.log Command line argument:             -Djava.protocol.handler.pkgs=org.apache.catalina.webresources
26-Jan-2022 17:00:39.450 INFO [main] org.apache.catalina.startup.VersionLoggerListener.log Command line argument:             -Dorg.apache.catalina.security.SecurityListener.UMASK=0027
26-Jan-2022 17:00:39.451 INFO [main] org.apache.catalina.startup.VersionLoggerListener.log Command line argument:             -Dignore.endorsed.dirs=
26-Jan-2022 17:00:39.451 INFO [main] org.apache.catalina.startup.VersionLoggerListener.log Command line argument:             -Dcatalina.base=/home/paco/Documentos/DAM2/PSP/Tomcat/apache-tomcat-9.0.56
26-Jan-2022 17:00:39.451 INFO [main] org.apache.catalina.startup.VersionLoggerListener.log Command line argument:             -Dcatalina.home=/home/paco/Documentos/DAM2/PSP/Tomcat/apache-tomcat-9.0.56
26-Jan-2022 17:00:39.451 INFO [main] org.apache.catalina.startup.VersionLoggerListener.log Command line argument:             -Djava.io.tmpdir=/home/paco/Documentos/DAM2/PSP/Tomcat/apache-tomcat-9.0.56/temp
26-Jan-2022 17:00:39.452 INFO [main] org.apache.catalina.core.AprLifecycleListener.lifecycleEvent La biblioteca nativa de Apache Tomcat basada en ARP que permite un rendimiento óptimo en entornos de desarrollo no ha sido hallada en java.library.path: [/usr/java/packages/lib:/usr/lib64:/lib64:/lib:/usr/lib]
26-Jan-2022 17:00:39.699 INFO [main] org.apache.coyote.AbstractProtocol.init Inicializando el manejador de protocolo ["http-nio-8080"]

26-Jan-2022 17:00:39.723 INFO [main] org.apache.catalina.startup.Catalina.load Server initialization in [416] milliseconds
26-Jan-2022 17:00:39.758 INFO [main] org.apache.catalina.core.StandardService.startInternal Arrancando servicio [Catalina]
26-Jan-2022 17:00:39.759 INFO [main] org.apache.catalina.core.StandardEngine.startInternal Starting Servlet engine: [Apache Tomcat/9.0.56]
26-Jan-2022 17:00:39.764 INFO [main] org.apache.catalina.startup.HostConfig.deployDirectory Desplegando el directorio [/home/paco/Documentos/DAM2/PSP/Tomcat/apache-tomcat-9.0.56/webapps/visitas] de la aplicación web
26-Jan-2022 17:00:39.989 INFO [main] org.apache.jasper.servlet.TldScanner.scanJars Al menos un JAR, que se ha explorado buscando TLDs, aún no contenía TLDs. Activar historial de depuración para este historiador para una completa lista de los JARs que fueron explorados y de los que nos se halló TLDs. Saltarse JARs no necesarios durante la exploración puede dar lugar a una mejora de tiempo significativa en el arranque y compilación de JSP .
26-Jan-2022 17:00:40.043 INFO [main] org.apache.catalina.startup.HostConfig.deployDirectory Deployment of web application directory [/home/paco/Documentos/DAM2/PSP/Tomcat/apache-tomcat-9.0.56/webapps/visitas] has finished in [276] ms
26-Jan-2022 17:00:40.043 INFO [main] org.apache.catalina.startup.HostConfig.deployDirectory Desplegando el directorio [/home/paco/Documentos/DAM2/PSP/Tomcat/apache-tomcat-9.0.56/webapps/host-manager] de la aplicación web
26-Jan-2022 17:00:40.092 INFO [main] org.apache.jasper.servlet.TldScanner.scanJars Al menos un JAR, que se ha explorado buscando TLDs, aún no contenía TLDs. Activar historial de depuración para este historiador para una completa lista de los JARs que fueron explorados y de los que nos se halló TLDs. Saltarse JARs no necesarios durante la exploración puede dar lugar a una mejora de tiempo significativa en el arranque y compilación de JSP .
26-Jan-2022 17:00:40.100 INFO [main] org.apache.catalina.startup.HostConfig.deployDirectory Deployment of web application directory [/home/paco/Documentos/DAM2/PSP/Tomcat/apache-tomcat-9.0.56/webapps/host-manager] has finished in [56] ms
26-Jan-2022 17:00:40.100 INFO [main] org.apache.catalina.startup.HostConfig.deployDirectory Desplegando el directorio [/home/paco/Documentos/DAM2/PSP/Tomcat/apache-tomcat-9.0.56/webapps/manager] de la aplicación web
26-Jan-2022 17:00:40.158 INFO [main] org.apache.jasper.servlet.TldScanner.scanJars Al menos un JAR, que se ha explorado buscando TLDs, aún no contenía TLDs. Activar historial de depuración para este historiador para una completa lista de los JARs que fueron explorados y de los que nos se halló TLDs. Saltarse JARs no necesarios durante la exploración puede dar lugar a una mejora de tiempo significativa en el arranque y compilación de JSP .
26-Jan-2022 17:00:40.161 INFO [main] org.apache.catalina.startup.HostConfig.deployDirectory Deployment of web application directory [/home/paco/Documentos/DAM2/PSP/Tomcat/apache-tomcat-9.0.56/webapps/manager] has finished in [61] ms
26-Jan-2022 17:00:40.161 INFO [main] org.apache.catalina.startup.HostConfig.deployDirectory Desplegando el directorio [/home/paco/Documentos/DAM2/PSP/Tomcat/apache-tomcat-9.0.56/webapps/ROOT] de la aplicación web
26-Jan-2022 17:00:40.196 INFO [main] org.apache.jasper.servlet.TldScanner.scanJars Al menos un JAR, que se ha explorado buscando TLDs, aún no contenía TLDs. Activar historial de depuración para este historiador para una completa lista de los JARs que fueron explorados y de los que nos se halló TLDs. Saltarse JARs no necesarios durante la exploración puede dar lugar a una mejora de tiempo significativa en el arranque y compilación de JSP .
26-Jan-2022 17:00:40.198 INFO [main] org.apache.catalina.startup.HostConfig.deployDirectory Deployment of web application directory [/home/paco/Documentos/DAM2/PSP/Tomcat/apache-tomcat-9.0.56/webapps/ROOT] has finished in [37] ms
26-Jan-2022 17:00:40.198 INFO [main] org.apache.catalina.startup.HostConfig.deployDirectory Desplegando el directorio [/home/paco/Documentos/DAM2/PSP/Tomcat/apache-tomcat-9.0.56/webapps/iva] de la aplicación web
26-Jan-2022 17:00:40.235 INFO [main] org.apache.jasper.servlet.TldScanner.scanJars Al menos un JAR, que se ha explorado buscando TLDs, aún no contenía TLDs. Activar historial de depuración para este historiador para una completa lista de los JARs que fueron explorados y de los que nos se halló TLDs. Saltarse JARs no necesarios durante la exploración puede dar lugar a una mejora de tiempo significativa en el arranque y compilación de JSP .
26-Jan-2022 17:00:40.237 INFO [main] org.apache.catalina.startup.HostConfig.deployDirectory Deployment of web application directory [/home/paco/Documentos/DAM2/PSP/Tomcat/apache-tomcat-9.0.56/webapps/iva] has finished in [39] ms
26-Jan-2022 17:00:40.237 INFO [main] org.apache.catalina.startup.HostConfig.deployDirectory Desplegando el directorio [/home/paco/Documentos/DAM2/PSP/Tomcat/apache-tomcat-9.0.56/webapps/primer-servlet] de la aplicación web
26-Jan-2022 17:00:40.268 INFO [main] org.apache.jasper.servlet.TldScanner.scanJars Al menos un JAR, que se ha explorado buscando TLDs, aún no contenía TLDs. Activar historial de depuración para este historiador para una completa lista de los JARs que fueron explorados y de los que nos se halló TLDs. Saltarse JARs no necesarios durante la exploración puede dar lugar a una mejora de tiempo significativa en el arranque y compilación de JSP .
26-Jan-2022 17:00:40.270 INFO [main] org.apache.catalina.startup.HostConfig.deployDirectory Deployment of web application directory [/home/paco/Documentos/DAM2/PSP/Tomcat/apache-tomcat-9.0.56/webapps/primer-servlet] has finished in [32] ms
26-Jan-2022 17:00:40.270 INFO [main] org.apache.catalina.startup.HostConfig.deployDirectory Desplegando el directorio [/home/paco/Documentos/DAM2/PSP/Tomcat/apache-tomcat-9.0.56/webapps/chat] de la aplicación web
26-Jan-2022 17:00:40.301 INFO [main] org.apache.jasper.servlet.TldScanner.scanJars Al menos un JAR, que se ha explorado buscando TLDs, aún no contenía TLDs. Activar historial de depuración para este historiador para una completa lista de los JARs que fueron explorados y de los que nos se halló TLDs. Saltarse JARs no necesarios durante la exploración puede dar lugar a una mejora de tiempo significativa en el arranque y compilación de JSP .
26-Jan-2022 17:00:40.303 INFO [main] org.apache.catalina.startup.HostConfig.deployDirectory Deployment of web application directory [/home/paco/Documentos/DAM2/PSP/Tomcat/apache-tomcat-9.0.56/webapps/chat] has finished in [33] ms
26-Jan-2022 17:00:40.304 INFO [main] org.apache.catalina.startup.HostConfig.deployDirectory Desplegando el directorio [/home/paco/Documentos/DAM2/PSP/Tomcat/apache-tomcat-9.0.56/webapps/examples] de la aplicación web
26-Jan-2022 17:00:40.454 INFO [main] org.apache.jasper.servlet.TldScanner.scanJars Al menos un JAR, que se ha explorado buscando TLDs, aún no contenía TLDs. Activar historial de depuración para este historiador para una completa lista de los JARs que fueron explorados y de los que nos se halló TLDs. Saltarse JARs no necesarios durante la exploración puede dar lugar a una mejora de tiempo significativa en el arranque y compilación de JSP .
26-Jan-2022 17:00:40.500 INFO [main] org.apache.catalina.startup.HostConfig.deployDirectory Deployment of web application directory [/home/paco/Documentos/DAM2/PSP/Tomcat/apache-tomcat-9.0.56/webapps/examples] has finished in [196] ms
26-Jan-2022 17:00:40.501 INFO [main] org.apache.catalina.startup.HostConfig.deployDirectory Desplegando el directorio [/home/paco/Documentos/DAM2/PSP/Tomcat/apache-tomcat-9.0.56/webapps/acceso] de la aplicación web
26-Jan-2022 17:00:40.546 INFO [main] org.apache.jasper.servlet.TldScanner.scanJars Al menos un JAR, que se ha explorado buscando TLDs, aún no contenía TLDs. Activar historial de depuración para este historiador para una completa lista de los JARs que fueron explorados y de los que nos se halló TLDs. Saltarse JARs no necesarios durante la exploración puede dar lugar a una mejora de tiempo significativa en el arranque y compilación de JSP .
26-Jan-2022 17:00:40.549 INFO [main] org.apache.catalina.startup.HostConfig.deployDirectory Deployment of web application directory [/home/paco/Documentos/DAM2/PSP/Tomcat/apache-tomcat-9.0.56/webapps/acceso] has finished in [47] ms
26-Jan-2022 17:00:40.549 INFO [main] org.apache.catalina.startup.HostConfig.deployDirectory Desplegando el directorio [/home/paco/Documentos/DAM2/PSP/Tomcat/apache-tomcat-9.0.56/webapps/servlet-dado] de la aplicación web
26-Jan-2022 17:00:40.592 INFO [main] org.apache.jasper.servlet.TldScanner.scanJars Al menos un JAR, que se ha explorado buscando TLDs, aún no contenía TLDs. Activar historial de depuración para este historiador para una completa lista de los JARs que fueron explorados y de los que nos se halló TLDs. Saltarse JARs no necesarios durante la exploración puede dar lugar a una mejora de tiempo significativa en el arranque y compilación de JSP .
26-Jan-2022 17:00:40.595 INFO [main] org.apache.catalina.startup.HostConfig.deployDirectory Deployment of web application directory [/home/paco/Documentos/DAM2/PSP/Tomcat/apache-tomcat-9.0.56/webapps/servlet-dado] has finished in [45] ms
26-Jan-2022 17:00:40.595 INFO [main] org.apache.catalina.startup.HostConfig.deployDirectory Desplegando el directorio [/home/paco/Documentos/DAM2/PSP/Tomcat/apache-tomcat-9.0.56/webapps/docs] de la aplicación web
26-Jan-2022 17:00:40.634 INFO [main] org.apache.jasper.servlet.TldScanner.scanJars Al menos un JAR, que se ha explorado buscando TLDs, aún no contenía TLDs. Activar historial de depuración para este historiador para una completa lista de los JARs que fueron explorados y de los que nos se halló TLDs. Saltarse JARs no necesarios durante la exploración puede dar lugar a una mejora de tiempo significativa en el arranque y compilación de JSP .
26-Jan-2022 17:00:40.636 INFO [main] org.apache.catalina.startup.HostConfig.deployDirectory Deployment of web application directory [/home/paco/Documentos/DAM2/PSP/Tomcat/apache-tomcat-9.0.56/webapps/docs] has finished in [40] ms
26-Jan-2022 17:00:40.639 INFO [main] org.apache.coyote.AbstractProtocol.start Starting ProtocolHandler ["http-nio-8080"]
26-Jan-2022 17:00:40.647 INFO [main] org.apache.catalina.startup.Catalina.start Server startup in [924] milliseconds
26-Jan-2022 18:12:48.203 INFO [Thread-2] org.apache.coyote.AbstractProtocol.pause Pausing ProtocolHandler ["http-nio-8080"]
26-Jan-2022 18:12:48.211 INFO [Thread-2] org.apache.catalina.core.StandardService.stopInternal Parando servicio [Catalina]
26-Jan-2022 18:12:48.262 INFO [Thread-2] org.apache.coyote.AbstractProtocol.stop Stopping ProtocolHandler ["http-nio-8080"]
26-Jan-2022 18:12:48.274 INFO [Thread-2] org.apache.coyote.AbstractProtocol.destroy Destroying ProtocolHandler ["http-nio-8080"]
