01-Feb-2022 11:13:13.863 INFO [main] org.apache.catalina.startup.VersionLoggerListener.log Nombre de la versión del servidor: Apache Tomcat/9.0.56
01-Feb-2022 11:13:13.869 INFO [main] org.apache.catalina.startup.VersionLoggerListener.log Server built:                      Dec 2 2021 14:30:07 UTC
01-Feb-2022 11:13:13.869 INFO [main] org.apache.catalina.startup.VersionLoggerListener.log Número de versión de servidor:     9.0.56.0
01-Feb-2022 11:13:13.870 INFO [main] org.apache.catalina.startup.VersionLoggerListener.log OS Name:                           Linux
01-Feb-2022 11:13:13.870 INFO [main] org.apache.catalina.startup.VersionLoggerListener.log Versión de Systema Operativo:      5.13.0-7614-generic
01-Feb-2022 11:13:13.870 INFO [main] org.apache.catalina.startup.VersionLoggerListener.log Arquitectura:                      amd64
01-Feb-2022 11:13:13.870 INFO [main] org.apache.catalina.startup.VersionLoggerListener.log Java Home:                         /usr/lib/jvm/java-17-oracle
01-Feb-2022 11:13:13.870 INFO [main] org.apache.catalina.startup.VersionLoggerListener.log JVM Version:                       17+35-LTS-2724
01-Feb-2022 11:13:13.871 INFO [main] org.apache.catalina.startup.VersionLoggerListener.log Vededor JVM:                       Oracle Corporation
01-Feb-2022 11:13:13.871 INFO [main] org.apache.catalina.startup.VersionLoggerListener.log CATALINA_BASE:                     /home/paco/Documentos/DAM2/PSP/Tomcat/apache-tomcat-9.0.56
01-Feb-2022 11:13:13.871 INFO [main] org.apache.catalina.startup.VersionLoggerListener.log CATALINA_HOME:                     /home/paco/Documentos/DAM2/PSP/Tomcat/apache-tomcat-9.0.56
01-Feb-2022 11:13:13.885 INFO [main] org.apache.catalina.startup.VersionLoggerListener.log Command line argument:             --add-opens=java.base/java.lang=ALL-UNNAMED
01-Feb-2022 11:13:13.885 INFO [main] org.apache.catalina.startup.VersionLoggerListener.log Command line argument:             --add-opens=java.base/java.io=ALL-UNNAMED
01-Feb-2022 11:13:13.886 INFO [main] org.apache.catalina.startup.VersionLoggerListener.log Command line argument:             --add-opens=java.base/java.util=ALL-UNNAMED
01-Feb-2022 11:13:13.886 INFO [main] org.apache.catalina.startup.VersionLoggerListener.log Command line argument:             --add-opens=java.base/java.util.concurrent=ALL-UNNAMED
01-Feb-2022 11:13:13.886 INFO [main] org.apache.catalina.startup.VersionLoggerListener.log Command line argument:             --add-opens=java.rmi/sun.rmi.transport=ALL-UNNAMED
01-Feb-2022 11:13:13.886 INFO [main] org.apache.catalina.startup.VersionLoggerListener.log Command line argument:             -Djava.util.logging.config.file=/home/paco/Documentos/DAM2/PSP/Tomcat/apache-tomcat-9.0.56/conf/logging.properties
01-Feb-2022 11:13:13.887 INFO [main] org.apache.catalina.startup.VersionLoggerListener.log Command line argument:             -Djava.util.logging.manager=org.apache.juli.ClassLoaderLogManager
01-Feb-2022 11:13:13.887 INFO [main] org.apache.catalina.startup.VersionLoggerListener.log Command line argument:             -Djdk.tls.ephemeralDHKeySize=2048
01-Feb-2022 11:13:13.887 INFO [main] org.apache.catalina.startup.VersionLoggerListener.log Command line argument:             -Djava.protocol.handler.pkgs=org.apache.catalina.webresources
01-Feb-2022 11:13:13.887 INFO [main] org.apache.catalina.startup.VersionLoggerListener.log Command line argument:             -Dorg.apache.catalina.security.SecurityListener.UMASK=0027
01-Feb-2022 11:13:13.887 INFO [main] org.apache.catalina.startup.VersionLoggerListener.log Command line argument:             -Dignore.endorsed.dirs=
01-Feb-2022 11:13:13.887 INFO [main] org.apache.catalina.startup.VersionLoggerListener.log Command line argument:             -Dcatalina.base=/home/paco/Documentos/DAM2/PSP/Tomcat/apache-tomcat-9.0.56
01-Feb-2022 11:13:13.888 INFO [main] org.apache.catalina.startup.VersionLoggerListener.log Command line argument:             -Dcatalina.home=/home/paco/Documentos/DAM2/PSP/Tomcat/apache-tomcat-9.0.56
01-Feb-2022 11:13:13.888 INFO [main] org.apache.catalina.startup.VersionLoggerListener.log Command line argument:             -Djava.io.tmpdir=/home/paco/Documentos/DAM2/PSP/Tomcat/apache-tomcat-9.0.56/temp
01-Feb-2022 11:13:13.890 INFO [main] org.apache.catalina.core.AprLifecycleListener.lifecycleEvent La biblioteca nativa de Apache Tomcat basada en ARP que permite un rendimiento óptimo en entornos de desarrollo no ha sido hallada en java.library.path: [/usr/java/packages/lib:/usr/lib64:/lib64:/lib:/usr/lib]
01-Feb-2022 11:13:14.255 INFO [main] org.apache.coyote.AbstractProtocol.init Inicializando el manejador de protocolo ["http-nio-8080"]

01-Feb-2022 11:13:14.285 INFO [main] org.apache.catalina.startup.Catalina.load Server initialization in [637] milliseconds
01-Feb-2022 11:13:14.342 INFO [main] org.apache.catalina.core.StandardService.startInternal Arrancando servicio [Catalina]
01-Feb-2022 11:13:14.343 INFO [main] org.apache.catalina.core.StandardEngine.startInternal Starting Servlet engine: [Apache Tomcat/9.0.56]
01-Feb-2022 11:13:14.351 INFO [main] org.apache.catalina.startup.HostConfig.deployDirectory Desplegando el directorio [/home/paco/Documentos/DAM2/PSP/Tomcat/apache-tomcat-9.0.56/webapps/Blog] de la aplicación web
01-Feb-2022 11:13:14.947 INFO [main] org.apache.jasper.servlet.TldScanner.scanJars Al menos un JAR, que se ha explorado buscando TLDs, aún no contenía TLDs. Activar historial de depuración para este historiador para una completa lista de los JARs que fueron explorados y de los que nos se halló TLDs. Saltarse JARs no necesarios durante la exploración puede dar lugar a una mejora de tiempo significativa en el arranque y compilación de JSP .
01-Feb-2022 11:13:15.053 INFO [main] org.apache.catalina.startup.HostConfig.deployDirectory Deployment of web application directory [/home/paco/Documentos/DAM2/PSP/Tomcat/apache-tomcat-9.0.56/webapps/Blog] has finished in [699] ms
01-Feb-2022 11:13:15.054 INFO [main] org.apache.catalina.startup.HostConfig.deployDirectory Desplegando el directorio [/home/paco/Documentos/DAM2/PSP/Tomcat/apache-tomcat-9.0.56/webapps/visitas] de la aplicación web
01-Feb-2022 11:13:15.306 INFO [main] org.apache.jasper.servlet.TldScanner.scanJars Al menos un JAR, que se ha explorado buscando TLDs, aún no contenía TLDs. Activar historial de depuración para este historiador para una completa lista de los JARs que fueron explorados y de los que nos se halló TLDs. Saltarse JARs no necesarios durante la exploración puede dar lugar a una mejora de tiempo significativa en el arranque y compilación de JSP .
01-Feb-2022 11:13:15.311 INFO [main] org.apache.catalina.startup.HostConfig.deployDirectory Deployment of web application directory [/home/paco/Documentos/DAM2/PSP/Tomcat/apache-tomcat-9.0.56/webapps/visitas] has finished in [256] ms
01-Feb-2022 11:13:15.311 INFO [main] org.apache.catalina.startup.HostConfig.deployDirectory Desplegando el directorio [/home/paco/Documentos/DAM2/PSP/Tomcat/apache-tomcat-9.0.56/webapps/host-manager] de la aplicación web
01-Feb-2022 11:13:15.542 INFO [main] org.apache.jasper.servlet.TldScanner.scanJars Al menos un JAR, que se ha explorado buscando TLDs, aún no contenía TLDs. Activar historial de depuración para este historiador para una completa lista de los JARs que fueron explorados y de los que nos se halló TLDs. Saltarse JARs no necesarios durante la exploración puede dar lugar a una mejora de tiempo significativa en el arranque y compilación de JSP .
01-Feb-2022 11:13:15.551 INFO [main] org.apache.catalina.startup.HostConfig.deployDirectory Deployment of web application directory [/home/paco/Documentos/DAM2/PSP/Tomcat/apache-tomcat-9.0.56/webapps/host-manager] has finished in [240] ms
01-Feb-2022 11:13:15.551 INFO [main] org.apache.catalina.startup.HostConfig.deployDirectory Desplegando el directorio [/home/paco/Documentos/DAM2/PSP/Tomcat/apache-tomcat-9.0.56/webapps/manager] de la aplicación web
01-Feb-2022 11:13:15.778 INFO [main] org.apache.jasper.servlet.TldScanner.scanJars Al menos un JAR, que se ha explorado buscando TLDs, aún no contenía TLDs. Activar historial de depuración para este historiador para una completa lista de los JARs que fueron explorados y de los que nos se halló TLDs. Saltarse JARs no necesarios durante la exploración puede dar lugar a una mejora de tiempo significativa en el arranque y compilación de JSP .
01-Feb-2022 11:13:15.782 INFO [main] org.apache.catalina.startup.HostConfig.deployDirectory Deployment of web application directory [/home/paco/Documentos/DAM2/PSP/Tomcat/apache-tomcat-9.0.56/webapps/manager] has finished in [230] ms
01-Feb-2022 11:13:15.782 INFO [main] org.apache.catalina.startup.HostConfig.deployDirectory Desplegando el directorio [/home/paco/Documentos/DAM2/PSP/Tomcat/apache-tomcat-9.0.56/webapps/ROOT] de la aplicación web
01-Feb-2022 11:13:15.991 INFO [main] org.apache.jasper.servlet.TldScanner.scanJars Al menos un JAR, que se ha explorado buscando TLDs, aún no contenía TLDs. Activar historial de depuración para este historiador para una completa lista de los JARs que fueron explorados y de los que nos se halló TLDs. Saltarse JARs no necesarios durante la exploración puede dar lugar a una mejora de tiempo significativa en el arranque y compilación de JSP .
01-Feb-2022 11:13:15.993 INFO [main] org.apache.catalina.startup.HostConfig.deployDirectory Deployment of web application directory [/home/paco/Documentos/DAM2/PSP/Tomcat/apache-tomcat-9.0.56/webapps/ROOT] has finished in [211] ms
01-Feb-2022 11:13:15.994 INFO [main] org.apache.catalina.startup.HostConfig.deployDirectory Desplegando el directorio [/home/paco/Documentos/DAM2/PSP/Tomcat/apache-tomcat-9.0.56/webapps/MusicToMuch] de la aplicación web
01-Feb-2022 11:13:16.303 INFO [main] org.apache.jasper.servlet.TldScanner.scanJars Al menos un JAR, que se ha explorado buscando TLDs, aún no contenía TLDs. Activar historial de depuración para este historiador para una completa lista de los JARs que fueron explorados y de los que nos se halló TLDs. Saltarse JARs no necesarios durante la exploración puede dar lugar a una mejora de tiempo significativa en el arranque y compilación de JSP .
01-Feb-2022 11:13:16.320 INFO [main] org.apache.catalina.startup.HostConfig.deployDirectory Deployment of web application directory [/home/paco/Documentos/DAM2/PSP/Tomcat/apache-tomcat-9.0.56/webapps/MusicToMuch] has finished in [327] ms
01-Feb-2022 11:13:16.321 INFO [main] org.apache.catalina.startup.HostConfig.deployDirectory Desplegando el directorio [/home/paco/Documentos/DAM2/PSP/Tomcat/apache-tomcat-9.0.56/webapps/iva] de la aplicación web
01-Feb-2022 11:13:16.499 INFO [main] org.apache.jasper.servlet.TldScanner.scanJars Al menos un JAR, que se ha explorado buscando TLDs, aún no contenía TLDs. Activar historial de depuración para este historiador para una completa lista de los JARs que fueron explorados y de los que nos se halló TLDs. Saltarse JARs no necesarios durante la exploración puede dar lugar a una mejora de tiempo significativa en el arranque y compilación de JSP .
01-Feb-2022 11:13:16.502 INFO [main] org.apache.catalina.startup.HostConfig.deployDirectory Deployment of web application directory [/home/paco/Documentos/DAM2/PSP/Tomcat/apache-tomcat-9.0.56/webapps/iva] has finished in [181] ms
01-Feb-2022 11:13:16.502 INFO [main] org.apache.catalina.startup.HostConfig.deployDirectory Desplegando el directorio [/home/paco/Documentos/DAM2/PSP/Tomcat/apache-tomcat-9.0.56/webapps/primer-servlet] de la aplicación web
01-Feb-2022 11:13:16.686 INFO [main] org.apache.jasper.servlet.TldScanner.scanJars Al menos un JAR, que se ha explorado buscando TLDs, aún no contenía TLDs. Activar historial de depuración para este historiador para una completa lista de los JARs que fueron explorados y de los que nos se halló TLDs. Saltarse JARs no necesarios durante la exploración puede dar lugar a una mejora de tiempo significativa en el arranque y compilación de JSP .
01-Feb-2022 11:13:16.688 INFO [main] org.apache.catalina.startup.HostConfig.deployDirectory Deployment of web application directory [/home/paco/Documentos/DAM2/PSP/Tomcat/apache-tomcat-9.0.56/webapps/primer-servlet] has finished in [186] ms
01-Feb-2022 11:13:16.689 INFO [main] org.apache.catalina.startup.HostConfig.deployDirectory Desplegando el directorio [/home/paco/Documentos/DAM2/PSP/Tomcat/apache-tomcat-9.0.56/webapps/chat] de la aplicación web
01-Feb-2022 11:13:16.829 INFO [main] org.apache.jasper.servlet.TldScanner.scanJars Al menos un JAR, que se ha explorado buscando TLDs, aún no contenía TLDs. Activar historial de depuración para este historiador para una completa lista de los JARs que fueron explorados y de los que nos se halló TLDs. Saltarse JARs no necesarios durante la exploración puede dar lugar a una mejora de tiempo significativa en el arranque y compilación de JSP .
01-Feb-2022 11:13:16.831 INFO [main] org.apache.catalina.startup.HostConfig.deployDirectory Deployment of web application directory [/home/paco/Documentos/DAM2/PSP/Tomcat/apache-tomcat-9.0.56/webapps/chat] has finished in [142] ms
01-Feb-2022 11:13:16.832 INFO [main] org.apache.catalina.startup.HostConfig.deployDirectory Desplegando el directorio [/home/paco/Documentos/DAM2/PSP/Tomcat/apache-tomcat-9.0.56/webapps/examples] de la aplicación web
01-Feb-2022 11:13:17.109 INFO [main] org.apache.jasper.servlet.TldScanner.scanJars Al menos un JAR, que se ha explorado buscando TLDs, aún no contenía TLDs. Activar historial de depuración para este historiador para una completa lista de los JARs que fueron explorados y de los que nos se halló TLDs. Saltarse JARs no necesarios durante la exploración puede dar lugar a una mejora de tiempo significativa en el arranque y compilación de JSP .
01-Feb-2022 11:13:17.148 INFO [main] org.apache.catalina.startup.HostConfig.deployDirectory Deployment of web application directory [/home/paco/Documentos/DAM2/PSP/Tomcat/apache-tomcat-9.0.56/webapps/examples] has finished in [317] ms
01-Feb-2022 11:13:17.149 INFO [main] org.apache.catalina.startup.HostConfig.deployDirectory Desplegando el directorio [/home/paco/Documentos/DAM2/PSP/Tomcat/apache-tomcat-9.0.56/webapps/acceso] de la aplicación web
01-Feb-2022 11:13:17.343 INFO [main] org.apache.jasper.servlet.TldScanner.scanJars Al menos un JAR, que se ha explorado buscando TLDs, aún no contenía TLDs. Activar historial de depuración para este historiador para una completa lista de los JARs que fueron explorados y de los que nos se halló TLDs. Saltarse JARs no necesarios durante la exploración puede dar lugar a una mejora de tiempo significativa en el arranque y compilación de JSP .
01-Feb-2022 11:13:17.346 INFO [main] org.apache.catalina.startup.HostConfig.deployDirectory Deployment of web application directory [/home/paco/Documentos/DAM2/PSP/Tomcat/apache-tomcat-9.0.56/webapps/acceso] has finished in [196] ms
01-Feb-2022 11:13:17.346 INFO [main] org.apache.catalina.startup.HostConfig.deployDirectory Desplegando el directorio [/home/paco/Documentos/DAM2/PSP/Tomcat/apache-tomcat-9.0.56/webapps/servlet-dado] de la aplicación web
01-Feb-2022 11:13:17.535 INFO [main] org.apache.jasper.servlet.TldScanner.scanJars Al menos un JAR, que se ha explorado buscando TLDs, aún no contenía TLDs. Activar historial de depuración para este historiador para una completa lista de los JARs que fueron explorados y de los que nos se halló TLDs. Saltarse JARs no necesarios durante la exploración puede dar lugar a una mejora de tiempo significativa en el arranque y compilación de JSP .
01-Feb-2022 11:13:17.538 INFO [main] org.apache.catalina.startup.HostConfig.deployDirectory Deployment of web application directory [/home/paco/Documentos/DAM2/PSP/Tomcat/apache-tomcat-9.0.56/webapps/servlet-dado] has finished in [191] ms
01-Feb-2022 11:13:17.538 INFO [main] org.apache.catalina.startup.HostConfig.deployDirectory Desplegando el directorio [/home/paco/Documentos/DAM2/PSP/Tomcat/apache-tomcat-9.0.56/webapps/docs] de la aplicación web
01-Feb-2022 11:13:17.678 INFO [main] org.apache.jasper.servlet.TldScanner.scanJars Al menos un JAR, que se ha explorado buscando TLDs, aún no contenía TLDs. Activar historial de depuración para este historiador para una completa lista de los JARs que fueron explorados y de los que nos se halló TLDs. Saltarse JARs no necesarios durante la exploración puede dar lugar a una mejora de tiempo significativa en el arranque y compilación de JSP .
01-Feb-2022 11:13:17.680 INFO [main] org.apache.catalina.startup.HostConfig.deployDirectory Deployment of web application directory [/home/paco/Documentos/DAM2/PSP/Tomcat/apache-tomcat-9.0.56/webapps/docs] has finished in [142] ms
01-Feb-2022 11:13:17.684 INFO [main] org.apache.coyote.AbstractProtocol.start Starting ProtocolHandler ["http-nio-8080"]
01-Feb-2022 11:13:17.693 INFO [main] org.apache.catalina.startup.Catalina.start Server startup in [3407] milliseconds
01-Feb-2022 11:16:35.636 INFO [Thread-2] org.apache.coyote.AbstractProtocol.pause Pausing ProtocolHandler ["http-nio-8080"]
01-Feb-2022 11:16:35.643 INFO [Thread-2] org.apache.catalina.core.StandardService.stopInternal Parando servicio [Catalina]
01-Feb-2022 11:16:35.715 WARNING [Thread-2] org.apache.catalina.loader.WebappClassLoaderBase.clearReferencesJdbc La aplicación web [MusicToMuch] registró el conductor JDBC [org.sqlite.JDBC] pero falló al anular el registro mientras la aplicación web estaba parada. Para prevenir un fallo de memoria, se ha anulado el registro del conductor JDBC por la fuerza.
01-Feb-2022 11:16:35.745 INFO [Thread-2] org.apache.coyote.AbstractProtocol.stop Stopping ProtocolHandler ["http-nio-8080"]
01-Feb-2022 11:16:35.749 INFO [Thread-2] org.apache.coyote.AbstractProtocol.destroy Destroying ProtocolHandler ["http-nio-8080"]
01-Feb-2022 11:16:38.972 INFO [main] org.apache.catalina.startup.VersionLoggerListener.log Nombre de la versión del servidor: Apache Tomcat/9.0.56
01-Feb-2022 11:16:38.980 INFO [main] org.apache.catalina.startup.VersionLoggerListener.log Server built:                      Dec 2 2021 14:30:07 UTC
01-Feb-2022 11:16:38.981 INFO [main] org.apache.catalina.startup.VersionLoggerListener.log Número de versión de servidor:     9.0.56.0
01-Feb-2022 11:16:38.981 INFO [main] org.apache.catalina.startup.VersionLoggerListener.log OS Name:                           Linux
01-Feb-2022 11:16:38.981 INFO [main] org.apache.catalina.startup.VersionLoggerListener.log Versión de Systema Operativo:      5.13.0-7614-generic
01-Feb-2022 11:16:38.981 INFO [main] org.apache.catalina.startup.VersionLoggerListener.log Arquitectura:                      amd64
01-Feb-2022 11:16:38.981 INFO [main] org.apache.catalina.startup.VersionLoggerListener.log Java Home:                         /usr/lib/jvm/java-17-oracle
01-Feb-2022 11:16:38.982 INFO [main] org.apache.catalina.startup.VersionLoggerListener.log JVM Version:                       17+35-LTS-2724
01-Feb-2022 11:16:38.982 INFO [main] org.apache.catalina.startup.VersionLoggerListener.log Vededor JVM:                       Oracle Corporation
01-Feb-2022 11:16:38.982 INFO [main] org.apache.catalina.startup.VersionLoggerListener.log CATALINA_BASE:                     /home/paco/Documentos/DAM2/PSP/Tomcat/apache-tomcat-9.0.56
01-Feb-2022 11:16:38.982 INFO [main] org.apache.catalina.startup.VersionLoggerListener.log CATALINA_HOME:                     /home/paco/Documentos/DAM2/PSP/Tomcat/apache-tomcat-9.0.56
01-Feb-2022 11:16:38.998 INFO [main] org.apache.catalina.startup.VersionLoggerListener.log Command line argument:             --add-opens=java.base/java.lang=ALL-UNNAMED
01-Feb-2022 11:16:38.998 INFO [main] org.apache.catalina.startup.VersionLoggerListener.log Command line argument:             --add-opens=java.base/java.io=ALL-UNNAMED
01-Feb-2022 11:16:38.998 INFO [main] org.apache.catalina.startup.VersionLoggerListener.log Command line argument:             --add-opens=java.base/java.util=ALL-UNNAMED
01-Feb-2022 11:16:38.999 INFO [main] org.apache.catalina.startup.VersionLoggerListener.log Command line argument:             --add-opens=java.base/java.util.concurrent=ALL-UNNAMED
01-Feb-2022 11:16:38.999 INFO [main] org.apache.catalina.startup.VersionLoggerListener.log Command line argument:             --add-opens=java.rmi/sun.rmi.transport=ALL-UNNAMED
01-Feb-2022 11:16:38.999 INFO [main] org.apache.catalina.startup.VersionLoggerListener.log Command line argument:             -Djava.util.logging.config.file=/home/paco/Documentos/DAM2/PSP/Tomcat/apache-tomcat-9.0.56/conf/logging.properties
01-Feb-2022 11:16:38.999 INFO [main] org.apache.catalina.startup.VersionLoggerListener.log Command line argument:             -Djava.util.logging.manager=org.apache.juli.ClassLoaderLogManager
01-Feb-2022 11:16:38.999 INFO [main] org.apache.catalina.startup.VersionLoggerListener.log Command line argument:             -Djdk.tls.ephemeralDHKeySize=2048
01-Feb-2022 11:16:39.000 INFO [main] org.apache.catalina.startup.VersionLoggerListener.log Command line argument:             -Djava.protocol.handler.pkgs=org.apache.catalina.webresources
01-Feb-2022 11:16:39.000 INFO [main] org.apache.catalina.startup.VersionLoggerListener.log Command line argument:             -Dorg.apache.catalina.security.SecurityListener.UMASK=0027
01-Feb-2022 11:16:39.000 INFO [main] org.apache.catalina.startup.VersionLoggerListener.log Command line argument:             -Dignore.endorsed.dirs=
01-Feb-2022 11:16:39.000 INFO [main] org.apache.catalina.startup.VersionLoggerListener.log Command line argument:             -Dcatalina.base=/home/paco/Documentos/DAM2/PSP/Tomcat/apache-tomcat-9.0.56
01-Feb-2022 11:16:39.000 INFO [main] org.apache.catalina.startup.VersionLoggerListener.log Command line argument:             -Dcatalina.home=/home/paco/Documentos/DAM2/PSP/Tomcat/apache-tomcat-9.0.56
01-Feb-2022 11:16:39.001 INFO [main] org.apache.catalina.startup.VersionLoggerListener.log Command line argument:             -Djava.io.tmpdir=/home/paco/Documentos/DAM2/PSP/Tomcat/apache-tomcat-9.0.56/temp
01-Feb-2022 11:16:39.003 INFO [main] org.apache.catalina.core.AprLifecycleListener.lifecycleEvent La biblioteca nativa de Apache Tomcat basada en ARP que permite un rendimiento óptimo en entornos de desarrollo no ha sido hallada en java.library.path: [/usr/java/packages/lib:/usr/lib64:/lib64:/lib:/usr/lib]
01-Feb-2022 11:16:39.549 INFO [main] org.apache.coyote.AbstractProtocol.init Inicializando el manejador de protocolo ["http-nio-8080"]

01-Feb-2022 11:16:39.605 INFO [main] org.apache.catalina.startup.Catalina.load Server initialization in [940] milliseconds
01-Feb-2022 11:16:39.689 INFO [main] org.apache.catalina.core.StandardService.startInternal Arrancando servicio [Catalina]
01-Feb-2022 11:16:39.690 INFO [main] org.apache.catalina.core.StandardEngine.startInternal Starting Servlet engine: [Apache Tomcat/9.0.56]
01-Feb-2022 11:16:39.706 INFO [main] org.apache.catalina.startup.HostConfig.deployDirectory Desplegando el directorio [/home/paco/Documentos/DAM2/PSP/Tomcat/apache-tomcat-9.0.56/webapps/Blog] de la aplicación web
01-Feb-2022 11:16:40.363 INFO [main] org.apache.jasper.servlet.TldScanner.scanJars Al menos un JAR, que se ha explorado buscando TLDs, aún no contenía TLDs. Activar historial de depuración para este historiador para una completa lista de los JARs que fueron explorados y de los que nos se halló TLDs. Saltarse JARs no necesarios durante la exploración puede dar lugar a una mejora de tiempo significativa en el arranque y compilación de JSP .
01-Feb-2022 11:16:40.440 INFO [main] org.apache.catalina.startup.HostConfig.deployDirectory Deployment of web application directory [/home/paco/Documentos/DAM2/PSP/Tomcat/apache-tomcat-9.0.56/webapps/Blog] has finished in [732] ms
01-Feb-2022 11:16:40.441 INFO [main] org.apache.catalina.startup.HostConfig.deployDirectory Desplegando el directorio [/home/paco/Documentos/DAM2/PSP/Tomcat/apache-tomcat-9.0.56/webapps/visitas] de la aplicación web
01-Feb-2022 11:16:40.664 INFO [main] org.apache.jasper.servlet.TldScanner.scanJars Al menos un JAR, que se ha explorado buscando TLDs, aún no contenía TLDs. Activar historial de depuración para este historiador para una completa lista de los JARs que fueron explorados y de los que nos se halló TLDs. Saltarse JARs no necesarios durante la exploración puede dar lugar a una mejora de tiempo significativa en el arranque y compilación de JSP .
01-Feb-2022 11:16:40.667 INFO [main] org.apache.catalina.startup.HostConfig.deployDirectory Deployment of web application directory [/home/paco/Documentos/DAM2/PSP/Tomcat/apache-tomcat-9.0.56/webapps/visitas] has finished in [226] ms
01-Feb-2022 11:16:40.668 INFO [main] org.apache.catalina.startup.HostConfig.deployDirectory Desplegando el directorio [/home/paco/Documentos/DAM2/PSP/Tomcat/apache-tomcat-9.0.56/webapps/host-manager] de la aplicación web
01-Feb-2022 11:16:40.894 INFO [main] org.apache.jasper.servlet.TldScanner.scanJars Al menos un JAR, que se ha explorado buscando TLDs, aún no contenía TLDs. Activar historial de depuración para este historiador para una completa lista de los JARs que fueron explorados y de los que nos se halló TLDs. Saltarse JARs no necesarios durante la exploración puede dar lugar a una mejora de tiempo significativa en el arranque y compilación de JSP .
01-Feb-2022 11:16:40.903 INFO [main] org.apache.catalina.startup.HostConfig.deployDirectory Deployment of web application directory [/home/paco/Documentos/DAM2/PSP/Tomcat/apache-tomcat-9.0.56/webapps/host-manager] has finished in [235] ms
01-Feb-2022 11:16:40.903 INFO [main] org.apache.catalina.startup.HostConfig.deployDirectory Desplegando el directorio [/home/paco/Documentos/DAM2/PSP/Tomcat/apache-tomcat-9.0.56/webapps/manager] de la aplicación web
01-Feb-2022 11:16:41.114 INFO [main] org.apache.jasper.servlet.TldScanner.scanJars Al menos un JAR, que se ha explorado buscando TLDs, aún no contenía TLDs. Activar historial de depuración para este historiador para una completa lista de los JARs que fueron explorados y de los que nos se halló TLDs. Saltarse JARs no necesarios durante la exploración puede dar lugar a una mejora de tiempo significativa en el arranque y compilación de JSP .
01-Feb-2022 11:16:41.117 INFO [main] org.apache.catalina.startup.HostConfig.deployDirectory Deployment of web application directory [/home/paco/Documentos/DAM2/PSP/Tomcat/apache-tomcat-9.0.56/webapps/manager] has finished in [214] ms
01-Feb-2022 11:16:41.118 INFO [main] org.apache.catalina.startup.HostConfig.deployDirectory Desplegando el directorio [/home/paco/Documentos/DAM2/PSP/Tomcat/apache-tomcat-9.0.56/webapps/ROOT] de la aplicación web
01-Feb-2022 11:16:41.341 INFO [main] org.apache.jasper.servlet.TldScanner.scanJars Al menos un JAR, que se ha explorado buscando TLDs, aún no contenía TLDs. Activar historial de depuración para este historiador para una completa lista de los JARs que fueron explorados y de los que nos se halló TLDs. Saltarse JARs no necesarios durante la exploración puede dar lugar a una mejora de tiempo significativa en el arranque y compilación de JSP .
01-Feb-2022 11:16:41.343 INFO [main] org.apache.catalina.startup.HostConfig.deployDirectory Deployment of web application directory [/home/paco/Documentos/DAM2/PSP/Tomcat/apache-tomcat-9.0.56/webapps/ROOT] has finished in [226] ms
01-Feb-2022 11:16:41.344 INFO [main] org.apache.catalina.startup.HostConfig.deployDirectory Desplegando el directorio [/home/paco/Documentos/DAM2/PSP/Tomcat/apache-tomcat-9.0.56/webapps/MusicToMuch] de la aplicación web
01-Feb-2022 11:16:41.607 INFO [main] org.apache.jasper.servlet.TldScanner.scanJars Al menos un JAR, que se ha explorado buscando TLDs, aún no contenía TLDs. Activar historial de depuración para este historiador para una completa lista de los JARs que fueron explorados y de los que nos se halló TLDs. Saltarse JARs no necesarios durante la exploración puede dar lugar a una mejora de tiempo significativa en el arranque y compilación de JSP .
01-Feb-2022 11:16:41.610 INFO [main] org.apache.catalina.startup.HostConfig.deployDirectory Deployment of web application directory [/home/paco/Documentos/DAM2/PSP/Tomcat/apache-tomcat-9.0.56/webapps/MusicToMuch] has finished in [267] ms
01-Feb-2022 11:16:41.610 INFO [main] org.apache.catalina.startup.HostConfig.deployDirectory Desplegando el directorio [/home/paco/Documentos/DAM2/PSP/Tomcat/apache-tomcat-9.0.56/webapps/iva] de la aplicación web
01-Feb-2022 11:16:41.800 INFO [main] org.apache.jasper.servlet.TldScanner.scanJars Al menos un JAR, que se ha explorado buscando TLDs, aún no contenía TLDs. Activar historial de depuración para este historiador para una completa lista de los JARs que fueron explorados y de los que nos se halló TLDs. Saltarse JARs no necesarios durante la exploración puede dar lugar a una mejora de tiempo significativa en el arranque y compilación de JSP .
01-Feb-2022 11:16:41.803 INFO [main] org.apache.catalina.startup.HostConfig.deployDirectory Deployment of web application directory [/home/paco/Documentos/DAM2/PSP/Tomcat/apache-tomcat-9.0.56/webapps/iva] has finished in [193] ms
01-Feb-2022 11:16:41.804 INFO [main] org.apache.catalina.startup.HostConfig.deployDirectory Desplegando el directorio [/home/paco/Documentos/DAM2/PSP/Tomcat/apache-tomcat-9.0.56/webapps/primer-servlet] de la aplicación web
01-Feb-2022 11:16:42.026 INFO [main] org.apache.jasper.servlet.TldScanner.scanJars Al menos un JAR, que se ha explorado buscando TLDs, aún no contenía TLDs. Activar historial de depuración para este historiador para una completa lista de los JARs que fueron explorados y de los que nos se halló TLDs. Saltarse JARs no necesarios durante la exploración puede dar lugar a una mejora de tiempo significativa en el arranque y compilación de JSP .
01-Feb-2022 11:16:42.029 INFO [main] org.apache.catalina.startup.HostConfig.deployDirectory Deployment of web application directory [/home/paco/Documentos/DAM2/PSP/Tomcat/apache-tomcat-9.0.56/webapps/primer-servlet] has finished in [225] ms
01-Feb-2022 11:16:42.030 INFO [main] org.apache.catalina.startup.HostConfig.deployDirectory Desplegando el directorio [/home/paco/Documentos/DAM2/PSP/Tomcat/apache-tomcat-9.0.56/webapps/chat] de la aplicación web
01-Feb-2022 11:16:42.231 INFO [main] org.apache.jasper.servlet.TldScanner.scanJars Al menos un JAR, que se ha explorado buscando TLDs, aún no contenía TLDs. Activar historial de depuración para este historiador para una completa lista de los JARs que fueron explorados y de los que nos se halló TLDs. Saltarse JARs no necesarios durante la exploración puede dar lugar a una mejora de tiempo significativa en el arranque y compilación de JSP .
01-Feb-2022 11:16:42.234 INFO [main] org.apache.catalina.startup.HostConfig.deployDirectory Deployment of web application directory [/home/paco/Documentos/DAM2/PSP/Tomcat/apache-tomcat-9.0.56/webapps/chat] has finished in [204] ms
01-Feb-2022 11:16:42.235 INFO [main] org.apache.catalina.startup.HostConfig.deployDirectory Desplegando el directorio [/home/paco/Documentos/DAM2/PSP/Tomcat/apache-tomcat-9.0.56/webapps/examples] de la aplicación web
01-Feb-2022 11:16:42.590 INFO [main] org.apache.jasper.servlet.TldScanner.scanJars Al menos un JAR, que se ha explorado buscando TLDs, aún no contenía TLDs. Activar historial de depuración para este historiador para una completa lista de los JARs que fueron explorados y de los que nos se halló TLDs. Saltarse JARs no necesarios durante la exploración puede dar lugar a una mejora de tiempo significativa en el arranque y compilación de JSP .
01-Feb-2022 11:16:42.630 INFO [main] org.apache.catalina.startup.HostConfig.deployDirectory Deployment of web application directory [/home/paco/Documentos/DAM2/PSP/Tomcat/apache-tomcat-9.0.56/webapps/examples] has finished in [395] ms
01-Feb-2022 11:16:42.630 INFO [main] org.apache.catalina.startup.HostConfig.deployDirectory Desplegando el directorio [/home/paco/Documentos/DAM2/PSP/Tomcat/apache-tomcat-9.0.56/webapps/acceso] de la aplicación web
01-Feb-2022 11:16:42.798 INFO [main] org.apache.jasper.servlet.TldScanner.scanJars Al menos un JAR, que se ha explorado buscando TLDs, aún no contenía TLDs. Activar historial de depuración para este historiador para una completa lista de los JARs que fueron explorados y de los que nos se halló TLDs. Saltarse JARs no necesarios durante la exploración puede dar lugar a una mejora de tiempo significativa en el arranque y compilación de JSP .
01-Feb-2022 11:16:42.800 INFO [main] org.apache.catalina.startup.HostConfig.deployDirectory Deployment of web application directory [/home/paco/Documentos/DAM2/PSP/Tomcat/apache-tomcat-9.0.56/webapps/acceso] has finished in [170] ms
01-Feb-2022 11:16:42.800 INFO [main] org.apache.catalina.startup.HostConfig.deployDirectory Desplegando el directorio [/home/paco/Documentos/DAM2/PSP/Tomcat/apache-tomcat-9.0.56/webapps/servlet-dado] de la aplicación web
01-Feb-2022 11:16:43.034 INFO [main] org.apache.jasper.servlet.TldScanner.scanJars Al menos un JAR, que se ha explorado buscando TLDs, aún no contenía TLDs. Activar historial de depuración para este historiador para una completa lista de los JARs que fueron explorados y de los que nos se halló TLDs. Saltarse JARs no necesarios durante la exploración puede dar lugar a una mejora de tiempo significativa en el arranque y compilación de JSP .
01-Feb-2022 11:16:43.037 INFO [main] org.apache.catalina.startup.HostConfig.deployDirectory Deployment of web application directory [/home/paco/Documentos/DAM2/PSP/Tomcat/apache-tomcat-9.0.56/webapps/servlet-dado] has finished in [236] ms
01-Feb-2022 11:16:43.037 INFO [main] org.apache.catalina.startup.HostConfig.deployDirectory Desplegando el directorio [/home/paco/Documentos/DAM2/PSP/Tomcat/apache-tomcat-9.0.56/webapps/docs] de la aplicación web
01-Feb-2022 11:16:43.219 INFO [main] org.apache.jasper.servlet.TldScanner.scanJars Al menos un JAR, que se ha explorado buscando TLDs, aún no contenía TLDs. Activar historial de depuración para este historiador para una completa lista de los JARs que fueron explorados y de los que nos se halló TLDs. Saltarse JARs no necesarios durante la exploración puede dar lugar a una mejora de tiempo significativa en el arranque y compilación de JSP .
01-Feb-2022 11:16:43.222 INFO [main] org.apache.catalina.startup.HostConfig.deployDirectory Deployment of web application directory [/home/paco/Documentos/DAM2/PSP/Tomcat/apache-tomcat-9.0.56/webapps/docs] has finished in [185] ms
01-Feb-2022 11:16:43.228 INFO [main] org.apache.coyote.AbstractProtocol.start Starting ProtocolHandler ["http-nio-8080"]
01-Feb-2022 11:16:43.241 INFO [main] org.apache.catalina.startup.Catalina.start Server startup in [3634] milliseconds
01-Feb-2022 11:25:20.614 INFO [Thread-2] org.apache.coyote.AbstractProtocol.pause Pausing ProtocolHandler ["http-nio-8080"]
01-Feb-2022 11:25:20.618 INFO [Thread-2] org.apache.catalina.core.StandardService.stopInternal Parando servicio [Catalina]
01-Feb-2022 11:25:20.655 WARNING [Thread-2] org.apache.catalina.loader.WebappClassLoaderBase.clearReferencesJdbc La aplicación web [MusicToMuch] registró el conductor JDBC [org.sqlite.JDBC] pero falló al anular el registro mientras la aplicación web estaba parada. Para prevenir un fallo de memoria, se ha anulado el registro del conductor JDBC por la fuerza.
01-Feb-2022 11:25:20.671 INFO [Thread-2] org.apache.coyote.AbstractProtocol.stop Stopping ProtocolHandler ["http-nio-8080"]
01-Feb-2022 11:25:20.683 INFO [Thread-2] org.apache.coyote.AbstractProtocol.destroy Destroying ProtocolHandler ["http-nio-8080"]
01-Feb-2022 11:25:23.773 INFO [main] org.apache.catalina.startup.VersionLoggerListener.log Nombre de la versión del servidor: Apache Tomcat/9.0.56
01-Feb-2022 11:25:23.778 INFO [main] org.apache.catalina.startup.VersionLoggerListener.log Server built:                      Dec 2 2021 14:30:07 UTC
01-Feb-2022 11:25:23.778 INFO [main] org.apache.catalina.startup.VersionLoggerListener.log Número de versión de servidor:     9.0.56.0
01-Feb-2022 11:25:23.778 INFO [main] org.apache.catalina.startup.VersionLoggerListener.log OS Name:                           Linux
01-Feb-2022 11:25:23.779 INFO [main] org.apache.catalina.startup.VersionLoggerListener.log Versión de Systema Operativo:      5.13.0-7614-generic
01-Feb-2022 11:25:23.779 INFO [main] org.apache.catalina.startup.VersionLoggerListener.log Arquitectura:                      amd64
01-Feb-2022 11:25:23.779 INFO [main] org.apache.catalina.startup.VersionLoggerListener.log Java Home:                         /usr/lib/jvm/java-17-oracle
01-Feb-2022 11:25:23.779 INFO [main] org.apache.catalina.startup.VersionLoggerListener.log JVM Version:                       17+35-LTS-2724
01-Feb-2022 11:25:23.779 INFO [main] org.apache.catalina.startup.VersionLoggerListener.log Vededor JVM:                       Oracle Corporation
01-Feb-2022 11:25:23.779 INFO [main] org.apache.catalina.startup.VersionLoggerListener.log CATALINA_BASE:                     /home/paco/Documentos/DAM2/PSP/Tomcat/apache-tomcat-9.0.56
01-Feb-2022 11:25:23.780 INFO [main] org.apache.catalina.startup.VersionLoggerListener.log CATALINA_HOME:                     /home/paco/Documentos/DAM2/PSP/Tomcat/apache-tomcat-9.0.56
01-Feb-2022 11:25:23.791 INFO [main] org.apache.catalina.startup.VersionLoggerListener.log Command line argument:             --add-opens=java.base/java.lang=ALL-UNNAMED
01-Feb-2022 11:25:23.791 INFO [main] org.apache.catalina.startup.VersionLoggerListener.log Command line argument:             --add-opens=java.base/java.io=ALL-UNNAMED
01-Feb-2022 11:25:23.791 INFO [main] org.apache.catalina.startup.VersionLoggerListener.log Command line argument:             --add-opens=java.base/java.util=ALL-UNNAMED
01-Feb-2022 11:25:23.791 INFO [main] org.apache.catalina.startup.VersionLoggerListener.log Command line argument:             --add-opens=java.base/java.util.concurrent=ALL-UNNAMED
01-Feb-2022 11:25:23.791 INFO [main] org.apache.catalina.startup.VersionLoggerListener.log Command line argument:             --add-opens=java.rmi/sun.rmi.transport=ALL-UNNAMED
01-Feb-2022 11:25:23.792 INFO [main] org.apache.catalina.startup.VersionLoggerListener.log Command line argument:             -Djava.util.logging.config.file=/home/paco/Documentos/DAM2/PSP/Tomcat/apache-tomcat-9.0.56/conf/logging.properties
01-Feb-2022 11:25:23.792 INFO [main] org.apache.catalina.startup.VersionLoggerListener.log Command line argument:             -Djava.util.logging.manager=org.apache.juli.ClassLoaderLogManager
01-Feb-2022 11:25:23.792 INFO [main] org.apache.catalina.startup.VersionLoggerListener.log Command line argument:             -Djdk.tls.ephemeralDHKeySize=2048
01-Feb-2022 11:25:23.792 INFO [main] org.apache.catalina.startup.VersionLoggerListener.log Command line argument:             -Djava.protocol.handler.pkgs=org.apache.catalina.webresources
01-Feb-2022 11:25:23.792 INFO [main] org.apache.catalina.startup.VersionLoggerListener.log Command line argument:             -Dorg.apache.catalina.security.SecurityListener.UMASK=0027
01-Feb-2022 11:25:23.792 INFO [main] org.apache.catalina.startup.VersionLoggerListener.log Command line argument:             -Dignore.endorsed.dirs=
01-Feb-2022 11:25:23.793 INFO [main] org.apache.catalina.startup.VersionLoggerListener.log Command line argument:             -Dcatalina.base=/home/paco/Documentos/DAM2/PSP/Tomcat/apache-tomcat-9.0.56
01-Feb-2022 11:25:23.798 INFO [main] org.apache.catalina.startup.VersionLoggerListener.log Command line argument:             -Dcatalina.home=/home/paco/Documentos/DAM2/PSP/Tomcat/apache-tomcat-9.0.56
01-Feb-2022 11:25:23.798 INFO [main] org.apache.catalina.startup.VersionLoggerListener.log Command line argument:             -Djava.io.tmpdir=/home/paco/Documentos/DAM2/PSP/Tomcat/apache-tomcat-9.0.56/temp
01-Feb-2022 11:25:23.801 INFO [main] org.apache.catalina.core.AprLifecycleListener.lifecycleEvent La biblioteca nativa de Apache Tomcat basada en ARP que permite un rendimiento óptimo en entornos de desarrollo no ha sido hallada en java.library.path: [/usr/java/packages/lib:/usr/lib64:/lib64:/lib:/usr/lib]
01-Feb-2022 11:25:24.289 INFO [main] org.apache.coyote.AbstractProtocol.init Inicializando el manejador de protocolo ["http-nio-8080"]

01-Feb-2022 11:25:24.320 INFO [main] org.apache.catalina.startup.Catalina.load Server initialization in [764] milliseconds
01-Feb-2022 11:25:24.393 INFO [main] org.apache.catalina.core.StandardService.startInternal Arrancando servicio [Catalina]
01-Feb-2022 11:25:24.394 INFO [main] org.apache.catalina.core.StandardEngine.startInternal Starting Servlet engine: [Apache Tomcat/9.0.56]
01-Feb-2022 11:25:24.406 INFO [main] org.apache.catalina.startup.HostConfig.deployDirectory Desplegando el directorio [/home/paco/Documentos/DAM2/PSP/Tomcat/apache-tomcat-9.0.56/webapps/Blog] de la aplicación web
01-Feb-2022 11:25:25.112 INFO [main] org.apache.jasper.servlet.TldScanner.scanJars Al menos un JAR, que se ha explorado buscando TLDs, aún no contenía TLDs. Activar historial de depuración para este historiador para una completa lista de los JARs que fueron explorados y de los que nos se halló TLDs. Saltarse JARs no necesarios durante la exploración puede dar lugar a una mejora de tiempo significativa en el arranque y compilación de JSP .
01-Feb-2022 11:25:25.176 INFO [main] org.apache.catalina.startup.HostConfig.deployDirectory Deployment of web application directory [/home/paco/Documentos/DAM2/PSP/Tomcat/apache-tomcat-9.0.56/webapps/Blog] has finished in [768] ms
01-Feb-2022 11:25:25.177 INFO [main] org.apache.catalina.startup.HostConfig.deployDirectory Desplegando el directorio [/home/paco/Documentos/DAM2/PSP/Tomcat/apache-tomcat-9.0.56/webapps/visitas] de la aplicación web
01-Feb-2022 11:25:25.392 INFO [main] org.apache.jasper.servlet.TldScanner.scanJars Al menos un JAR, que se ha explorado buscando TLDs, aún no contenía TLDs. Activar historial de depuración para este historiador para una completa lista de los JARs que fueron explorados y de los que nos se halló TLDs. Saltarse JARs no necesarios durante la exploración puede dar lugar a una mejora de tiempo significativa en el arranque y compilación de JSP .
01-Feb-2022 11:25:25.397 INFO [main] org.apache.catalina.startup.HostConfig.deployDirectory Deployment of web application directory [/home/paco/Documentos/DAM2/PSP/Tomcat/apache-tomcat-9.0.56/webapps/visitas] has finished in [220] ms
01-Feb-2022 11:25:25.397 INFO [main] org.apache.catalina.startup.HostConfig.deployDirectory Desplegando el directorio [/home/paco/Documentos/DAM2/PSP/Tomcat/apache-tomcat-9.0.56/webapps/host-manager] de la aplicación web
01-Feb-2022 11:25:25.651 INFO [main] org.apache.jasper.servlet.TldScanner.scanJars Al menos un JAR, que se ha explorado buscando TLDs, aún no contenía TLDs. Activar historial de depuración para este historiador para una completa lista de los JARs que fueron explorados y de los que nos se halló TLDs. Saltarse JARs no necesarios durante la exploración puede dar lugar a una mejora de tiempo significativa en el arranque y compilación de JSP .
01-Feb-2022 11:25:25.661 INFO [main] org.apache.catalina.startup.HostConfig.deployDirectory Deployment of web application directory [/home/paco/Documentos/DAM2/PSP/Tomcat/apache-tomcat-9.0.56/webapps/host-manager] has finished in [264] ms
01-Feb-2022 11:25:25.661 INFO [main] org.apache.catalina.startup.HostConfig.deployDirectory Desplegando el directorio [/home/paco/Documentos/DAM2/PSP/Tomcat/apache-tomcat-9.0.56/webapps/manager] de la aplicación web
01-Feb-2022 11:25:25.879 INFO [main] org.apache.jasper.servlet.TldScanner.scanJars Al menos un JAR, que se ha explorado buscando TLDs, aún no contenía TLDs. Activar historial de depuración para este historiador para una completa lista de los JARs que fueron explorados y de los que nos se halló TLDs. Saltarse JARs no necesarios durante la exploración puede dar lugar a una mejora de tiempo significativa en el arranque y compilación de JSP .
01-Feb-2022 11:25:25.882 INFO [main] org.apache.catalina.startup.HostConfig.deployDirectory Deployment of web application directory [/home/paco/Documentos/DAM2/PSP/Tomcat/apache-tomcat-9.0.56/webapps/manager] has finished in [221] ms
01-Feb-2022 11:25:25.882 INFO [main] org.apache.catalina.startup.HostConfig.deployDirectory Desplegando el directorio [/home/paco/Documentos/DAM2/PSP/Tomcat/apache-tomcat-9.0.56/webapps/ROOT] de la aplicación web
01-Feb-2022 11:25:26.112 INFO [main] org.apache.jasper.servlet.TldScanner.scanJars Al menos un JAR, que se ha explorado buscando TLDs, aún no contenía TLDs. Activar historial de depuración para este historiador para una completa lista de los JARs que fueron explorados y de los que nos se halló TLDs. Saltarse JARs no necesarios durante la exploración puede dar lugar a una mejora de tiempo significativa en el arranque y compilación de JSP .
01-Feb-2022 11:25:26.115 INFO [main] org.apache.catalina.startup.HostConfig.deployDirectory Deployment of web application directory [/home/paco/Documentos/DAM2/PSP/Tomcat/apache-tomcat-9.0.56/webapps/ROOT] has finished in [233] ms
01-Feb-2022 11:25:26.116 INFO [main] org.apache.catalina.startup.HostConfig.deployDirectory Desplegando el directorio [/home/paco/Documentos/DAM2/PSP/Tomcat/apache-tomcat-9.0.56/webapps/MusicToMuch] de la aplicación web
01-Feb-2022 11:25:26.506 INFO [main] org.apache.jasper.servlet.TldScanner.scanJars Al menos un JAR, que se ha explorado buscando TLDs, aún no contenía TLDs. Activar historial de depuración para este historiador para una completa lista de los JARs que fueron explorados y de los que nos se halló TLDs. Saltarse JARs no necesarios durante la exploración puede dar lugar a una mejora de tiempo significativa en el arranque y compilación de JSP .
01-Feb-2022 11:25:26.528 INFO [main] org.apache.catalina.startup.HostConfig.deployDirectory Deployment of web application directory [/home/paco/Documentos/DAM2/PSP/Tomcat/apache-tomcat-9.0.56/webapps/MusicToMuch] has finished in [411] ms
01-Feb-2022 11:25:26.528 INFO [main] org.apache.catalina.startup.HostConfig.deployDirectory Desplegando el directorio [/home/paco/Documentos/DAM2/PSP/Tomcat/apache-tomcat-9.0.56/webapps/iva] de la aplicación web
01-Feb-2022 11:25:26.766 INFO [main] org.apache.jasper.servlet.TldScanner.scanJars Al menos un JAR, que se ha explorado buscando TLDs, aún no contenía TLDs. Activar historial de depuración para este historiador para una completa lista de los JARs que fueron explorados y de los que nos se halló TLDs. Saltarse JARs no necesarios durante la exploración puede dar lugar a una mejora de tiempo significativa en el arranque y compilación de JSP .
01-Feb-2022 11:25:26.773 INFO [main] org.apache.catalina.startup.HostConfig.deployDirectory Deployment of web application directory [/home/paco/Documentos/DAM2/PSP/Tomcat/apache-tomcat-9.0.56/webapps/iva] has finished in [244] ms
01-Feb-2022 11:25:26.776 INFO [main] org.apache.catalina.startup.HostConfig.deployDirectory Desplegando el directorio [/home/paco/Documentos/DAM2/PSP/Tomcat/apache-tomcat-9.0.56/webapps/primer-servlet] de la aplicación web
01-Feb-2022 11:25:27.093 INFO [main] org.apache.jasper.servlet.TldScanner.scanJars Al menos un JAR, que se ha explorado buscando TLDs, aún no contenía TLDs. Activar historial de depuración para este historiador para una completa lista de los JARs que fueron explorados y de los que nos se halló TLDs. Saltarse JARs no necesarios durante la exploración puede dar lugar a una mejora de tiempo significativa en el arranque y compilación de JSP .
01-Feb-2022 11:25:27.096 INFO [main] org.apache.catalina.startup.HostConfig.deployDirectory Deployment of web application directory [/home/paco/Documentos/DAM2/PSP/Tomcat/apache-tomcat-9.0.56/webapps/primer-servlet] has finished in [320] ms
01-Feb-2022 11:25:27.097 INFO [main] org.apache.catalina.startup.HostConfig.deployDirectory Desplegando el directorio [/home/paco/Documentos/DAM2/PSP/Tomcat/apache-tomcat-9.0.56/webapps/chat] de la aplicación web
01-Feb-2022 11:25:27.330 INFO [main] org.apache.jasper.servlet.TldScanner.scanJars Al menos un JAR, que se ha explorado buscando TLDs, aún no contenía TLDs. Activar historial de depuración para este historiador para una completa lista de los JARs que fueron explorados y de los que nos se halló TLDs. Saltarse JARs no necesarios durante la exploración puede dar lugar a una mejora de tiempo significativa en el arranque y compilación de JSP .
01-Feb-2022 11:25:27.334 INFO [main] org.apache.catalina.startup.HostConfig.deployDirectory Deployment of web application directory [/home/paco/Documentos/DAM2/PSP/Tomcat/apache-tomcat-9.0.56/webapps/chat] has finished in [236] ms
01-Feb-2022 11:25:27.334 INFO [main] org.apache.catalina.startup.HostConfig.deployDirectory Desplegando el directorio [/home/paco/Documentos/DAM2/PSP/Tomcat/apache-tomcat-9.0.56/webapps/examples] de la aplicación web
01-Feb-2022 11:25:27.718 INFO [main] org.apache.jasper.servlet.TldScanner.scanJars Al menos un JAR, que se ha explorado buscando TLDs, aún no contenía TLDs. Activar historial de depuración para este historiador para una completa lista de los JARs que fueron explorados y de los que nos se halló TLDs. Saltarse JARs no necesarios durante la exploración puede dar lugar a una mejora de tiempo significativa en el arranque y compilación de JSP .
01-Feb-2022 11:25:27.776 INFO [main] org.apache.catalina.startup.HostConfig.deployDirectory Deployment of web application directory [/home/paco/Documentos/DAM2/PSP/Tomcat/apache-tomcat-9.0.56/webapps/examples] has finished in [442] ms
01-Feb-2022 11:25:27.777 INFO [main] org.apache.catalina.startup.HostConfig.deployDirectory Desplegando el directorio [/home/paco/Documentos/DAM2/PSP/Tomcat/apache-tomcat-9.0.56/webapps/acceso] de la aplicación web
01-Feb-2022 11:25:28.032 INFO [main] org.apache.jasper.servlet.TldScanner.scanJars Al menos un JAR, que se ha explorado buscando TLDs, aún no contenía TLDs. Activar historial de depuración para este historiador para una completa lista de los JARs que fueron explorados y de los que nos se halló TLDs. Saltarse JARs no necesarios durante la exploración puede dar lugar a una mejora de tiempo significativa en el arranque y compilación de JSP .
01-Feb-2022 11:25:28.048 INFO [main] org.apache.catalina.startup.HostConfig.deployDirectory Deployment of web application directory [/home/paco/Documentos/DAM2/PSP/Tomcat/apache-tomcat-9.0.56/webapps/acceso] has finished in [271] ms
01-Feb-2022 11:25:28.048 INFO [main] org.apache.catalina.startup.HostConfig.deployDirectory Desplegando el directorio [/home/paco/Documentos/DAM2/PSP/Tomcat/apache-tomcat-9.0.56/webapps/servlet-dado] de la aplicación web
01-Feb-2022 11:25:28.329 INFO [main] org.apache.jasper.servlet.TldScanner.scanJars Al menos un JAR, que se ha explorado buscando TLDs, aún no contenía TLDs. Activar historial de depuración para este historiador para una completa lista de los JARs que fueron explorados y de los que nos se halló TLDs. Saltarse JARs no necesarios durante la exploración puede dar lugar a una mejora de tiempo significativa en el arranque y compilación de JSP .
01-Feb-2022 11:25:28.333 INFO [main] org.apache.catalina.startup.HostConfig.deployDirectory Deployment of web application directory [/home/paco/Documentos/DAM2/PSP/Tomcat/apache-tomcat-9.0.56/webapps/servlet-dado] has finished in [285] ms
01-Feb-2022 11:25:28.334 INFO [main] org.apache.catalina.startup.HostConfig.deployDirectory Desplegando el directorio [/home/paco/Documentos/DAM2/PSP/Tomcat/apache-tomcat-9.0.56/webapps/docs] de la aplicación web
01-Feb-2022 11:25:28.507 INFO [main] org.apache.jasper.servlet.TldScanner.scanJars Al menos un JAR, que se ha explorado buscando TLDs, aún no contenía TLDs. Activar historial de depuración para este historiador para una completa lista de los JARs que fueron explorados y de los que nos se halló TLDs. Saltarse JARs no necesarios durante la exploración puede dar lugar a una mejora de tiempo significativa en el arranque y compilación de JSP .
01-Feb-2022 11:25:28.509 INFO [main] org.apache.catalina.startup.HostConfig.deployDirectory Deployment of web application directory [/home/paco/Documentos/DAM2/PSP/Tomcat/apache-tomcat-9.0.56/webapps/docs] has finished in [176] ms
01-Feb-2022 11:25:28.513 INFO [main] org.apache.coyote.AbstractProtocol.start Starting ProtocolHandler ["http-nio-8080"]
01-Feb-2022 11:25:28.528 INFO [main] org.apache.catalina.startup.Catalina.start Server startup in [4207] milliseconds
01-Feb-2022 12:42:16.484 INFO [Thread-2] org.apache.coyote.AbstractProtocol.pause Pausing ProtocolHandler ["http-nio-8080"]
01-Feb-2022 12:42:16.490 INFO [Thread-2] org.apache.catalina.core.StandardService.stopInternal Parando servicio [Catalina]
01-Feb-2022 12:42:16.518 WARNING [Thread-2] org.apache.catalina.loader.WebappClassLoaderBase.clearReferencesJdbc La aplicación web [MusicToMuch] registró el conductor JDBC [org.sqlite.JDBC] pero falló al anular el registro mientras la aplicación web estaba parada. Para prevenir un fallo de memoria, se ha anulado el registro del conductor JDBC por la fuerza.
01-Feb-2022 12:42:16.536 INFO [Thread-2] org.apache.coyote.AbstractProtocol.stop Stopping ProtocolHandler ["http-nio-8080"]
01-Feb-2022 12:42:16.544 INFO [Thread-2] org.apache.coyote.AbstractProtocol.destroy Destroying ProtocolHandler ["http-nio-8080"]
