16-Jan-2022 10:39:12.149 INFO [main] org.apache.catalina.core.ApplicationContext.log ContextListener: contextInitialized()
16-Jan-2022 10:39:12.149 INFO [main] org.apache.catalina.core.ApplicationContext.log SessionListener: contextInitialized()
16-Jan-2022 10:39:12.149 INFO [main] org.apache.catalina.core.ApplicationContext.log ContextListener: attributeAdded('StockTicker', 'async.Stockticker@5fd62371')
16-Jan-2022 10:44:14.639 INFO [Thread-2] org.apache.catalina.core.ApplicationContext.log SessionListener: contextDestroyed()
16-Jan-2022 10:44:14.639 INFO [Thread-2] org.apache.catalina.core.ApplicationContext.log ContextListener: contextDestroyed()
16-Jan-2022 10:44:16.922 INFO [main] org.apache.catalina.core.ApplicationContext.log ContextListener: contextInitialized()
16-Jan-2022 10:44:16.922 INFO [main] org.apache.catalina.core.ApplicationContext.log SessionListener: contextInitialized()
16-Jan-2022 10:44:16.923 INFO [main] org.apache.catalina.core.ApplicationContext.log ContextListener: attributeAdded('StockTicker', 'async.Stockticker@6a62689d')
16-Jan-2022 10:46:33.792 INFO [Thread-2] org.apache.catalina.core.ApplicationContext.log SessionListener: contextDestroyed()
16-Jan-2022 10:46:33.792 INFO [Thread-2] org.apache.catalina.core.ApplicationContext.log ContextListener: contextDestroyed()
16-Jan-2022 10:46:35.896 INFO [main] org.apache.catalina.core.ApplicationContext.log ContextListener: contextInitialized()
16-Jan-2022 10:46:35.896 INFO [main] org.apache.catalina.core.ApplicationContext.log SessionListener: contextInitialized()
16-Jan-2022 10:46:35.897 INFO [main] org.apache.catalina.core.ApplicationContext.log ContextListener: attributeAdded('StockTicker', 'async.Stockticker@71e5f61d')
16-Jan-2022 10:47:38.906 INFO [Thread-2] org.apache.catalina.core.ApplicationContext.log SessionListener: contextDestroyed()
16-Jan-2022 10:47:38.906 INFO [Thread-2] org.apache.catalina.core.ApplicationContext.log ContextListener: contextDestroyed()
16-Jan-2022 10:47:40.805 INFO [main] org.apache.catalina.core.ApplicationContext.log ContextListener: contextInitialized()
16-Jan-2022 10:47:40.805 INFO [main] org.apache.catalina.core.ApplicationContext.log SessionListener: contextInitialized()
16-Jan-2022 10:47:40.806 INFO [main] org.apache.catalina.core.ApplicationContext.log ContextListener: attributeAdded('StockTicker', 'async.Stockticker@6c345c5f')
16-Jan-2022 10:49:32.815 INFO [Thread-2] org.apache.catalina.core.ApplicationContext.log SessionListener: contextDestroyed()
16-Jan-2022 10:49:32.815 INFO [Thread-2] org.apache.catalina.core.ApplicationContext.log ContextListener: contextDestroyed()
16-Jan-2022 10:49:34.590 INFO [main] org.apache.catalina.core.ApplicationContext.log ContextListener: contextInitialized()
16-Jan-2022 10:49:34.590 INFO [main] org.apache.catalina.core.ApplicationContext.log SessionListener: contextInitialized()
16-Jan-2022 10:49:34.591 INFO [main] org.apache.catalina.core.ApplicationContext.log ContextListener: attributeAdded('StockTicker', 'async.Stockticker@51e4ccb3')
16-Jan-2022 10:50:24.274 INFO [Thread-2] org.apache.catalina.core.ApplicationContext.log SessionListener: contextDestroyed()
16-Jan-2022 10:50:24.274 INFO [Thread-2] org.apache.catalina.core.ApplicationContext.log ContextListener: contextDestroyed()
16-Jan-2022 10:50:26.499 INFO [main] org.apache.catalina.core.ApplicationContext.log ContextListener: contextInitialized()
16-Jan-2022 10:50:26.499 INFO [main] org.apache.catalina.core.ApplicationContext.log SessionListener: contextInitialized()
16-Jan-2022 10:50:26.500 INFO [main] org.apache.catalina.core.ApplicationContext.log ContextListener: attributeAdded('StockTicker', 'async.Stockticker@4fcee388')
16-Jan-2022 10:51:31.716 INFO [Thread-2] org.apache.catalina.core.ApplicationContext.log SessionListener: contextDestroyed()
16-Jan-2022 10:51:31.716 INFO [Thread-2] org.apache.catalina.core.ApplicationContext.log ContextListener: contextDestroyed()
16-Jan-2022 10:51:33.520 INFO [main] org.apache.catalina.core.ApplicationContext.log ContextListener: contextInitialized()
16-Jan-2022 10:51:33.520 INFO [main] org.apache.catalina.core.ApplicationContext.log SessionListener: contextInitialized()
16-Jan-2022 10:51:33.522 INFO [main] org.apache.catalina.core.ApplicationContext.log ContextListener: attributeAdded('StockTicker', 'async.Stockticker@47da3952')
16-Jan-2022 10:55:53.178 INFO [Thread-2] org.apache.catalina.core.ApplicationContext.log SessionListener: contextDestroyed()
16-Jan-2022 10:55:53.178 INFO [Thread-2] org.apache.catalina.core.ApplicationContext.log ContextListener: contextDestroyed()
16-Jan-2022 10:56:01.093 INFO [main] org.apache.catalina.core.ApplicationContext.log ContextListener: contextInitialized()
16-Jan-2022 10:56:01.093 INFO [main] org.apache.catalina.core.ApplicationContext.log SessionListener: contextInitialized()
16-Jan-2022 10:56:01.094 INFO [main] org.apache.catalina.core.ApplicationContext.log ContextListener: attributeAdded('StockTicker', 'async.Stockticker@4fcee388')
16-Jan-2022 11:05:55.640 INFO [Thread-2] org.apache.catalina.core.ApplicationContext.log SessionListener: contextDestroyed()
16-Jan-2022 11:05:55.640 INFO [Thread-2] org.apache.catalina.core.ApplicationContext.log ContextListener: contextDestroyed()
16-Jan-2022 11:05:58.929 INFO [main] org.apache.catalina.core.ApplicationContext.log ContextListener: contextInitialized()
16-Jan-2022 11:05:58.929 INFO [main] org.apache.catalina.core.ApplicationContext.log SessionListener: contextInitialized()
16-Jan-2022 11:05:58.930 INFO [main] org.apache.catalina.core.ApplicationContext.log ContextListener: attributeAdded('StockTicker', 'async.Stockticker@5118388b')
16-Jan-2022 11:06:38.093 INFO [Thread-2] org.apache.catalina.core.ApplicationContext.log SessionListener: contextDestroyed()
16-Jan-2022 11:06:38.093 INFO [Thread-2] org.apache.catalina.core.ApplicationContext.log ContextListener: contextDestroyed()
16-Jan-2022 11:06:39.838 INFO [main] org.apache.catalina.core.ApplicationContext.log ContextListener: contextInitialized()
16-Jan-2022 11:06:39.838 INFO [main] org.apache.catalina.core.ApplicationContext.log SessionListener: contextInitialized()
16-Jan-2022 11:06:39.839 INFO [main] org.apache.catalina.core.ApplicationContext.log ContextListener: attributeAdded('StockTicker', 'async.Stockticker@314b8f2d')
16-Jan-2022 11:08:37.812 INFO [Thread-2] org.apache.catalina.core.ApplicationContext.log SessionListener: contextDestroyed()
16-Jan-2022 11:08:37.812 INFO [Thread-2] org.apache.catalina.core.ApplicationContext.log ContextListener: contextDestroyed()
16-Jan-2022 11:08:39.389 INFO [main] org.apache.catalina.core.ApplicationContext.log ContextListener: contextInitialized()
16-Jan-2022 11:08:39.390 INFO [main] org.apache.catalina.core.ApplicationContext.log SessionListener: contextInitialized()
16-Jan-2022 11:08:39.391 INFO [main] org.apache.catalina.core.ApplicationContext.log ContextListener: attributeAdded('StockTicker', 'async.Stockticker@2cab9998')
16-Jan-2022 11:09:05.159 INFO [Thread-2] org.apache.catalina.core.ApplicationContext.log SessionListener: contextDestroyed()
16-Jan-2022 11:09:05.159 INFO [Thread-2] org.apache.catalina.core.ApplicationContext.log ContextListener: contextDestroyed()
16-Jan-2022 11:09:06.925 INFO [main] org.apache.catalina.core.ApplicationContext.log ContextListener: contextInitialized()
16-Jan-2022 11:09:06.925 INFO [main] org.apache.catalina.core.ApplicationContext.log SessionListener: contextInitialized()
16-Jan-2022 11:09:06.926 INFO [main] org.apache.catalina.core.ApplicationContext.log ContextListener: attributeAdded('StockTicker', 'async.Stockticker@61078690')
16-Jan-2022 11:20:11.125 INFO [Thread-2] org.apache.catalina.core.ApplicationContext.log SessionListener: contextDestroyed()
16-Jan-2022 11:20:11.125 INFO [Thread-2] org.apache.catalina.core.ApplicationContext.log ContextListener: contextDestroyed()
16-Jan-2022 11:20:13.172 INFO [main] org.apache.catalina.core.ApplicationContext.log ContextListener: contextInitialized()
16-Jan-2022 11:20:13.172 INFO [main] org.apache.catalina.core.ApplicationContext.log SessionListener: contextInitialized()
16-Jan-2022 11:20:13.173 INFO [main] org.apache.catalina.core.ApplicationContext.log ContextListener: attributeAdded('StockTicker', 'async.Stockticker@1cb3ec38')
16-Jan-2022 11:20:43.021 INFO [Thread-2] org.apache.catalina.core.ApplicationContext.log SessionListener: contextDestroyed()
16-Jan-2022 11:20:43.021 INFO [Thread-2] org.apache.catalina.core.ApplicationContext.log ContextListener: contextDestroyed()
