10-Feb-2022 10:38:28.163 INFO [main] org.apache.catalina.core.ApplicationContext.log ContextListener: contextInitialized()
10-Feb-2022 10:38:28.163 INFO [main] org.apache.catalina.core.ApplicationContext.log SessionListener: contextInitialized()
10-Feb-2022 10:38:28.164 INFO [main] org.apache.catalina.core.ApplicationContext.log ContextListener: attributeAdded('StockTicker', 'async.Stockticker@3eea7c4b')
10-Feb-2022 10:39:32.132 INFO [Thread-2] org.apache.catalina.core.ApplicationContext.log SessionListener: contextDestroyed()
10-Feb-2022 10:39:32.132 INFO [Thread-2] org.apache.catalina.core.ApplicationContext.log ContextListener: contextDestroyed()
10-Feb-2022 10:39:37.959 INFO [main] org.apache.catalina.core.ApplicationContext.log ContextListener: contextInitialized()
10-Feb-2022 10:39:37.959 INFO [main] org.apache.catalina.core.ApplicationContext.log SessionListener: contextInitialized()
10-Feb-2022 10:39:37.961 INFO [main] org.apache.catalina.core.ApplicationContext.log ContextListener: attributeAdded('StockTicker', 'async.Stockticker@7e199cec')
10-Feb-2022 10:44:41.595 INFO [Thread-2] org.apache.catalina.core.ApplicationContext.log SessionListener: contextDestroyed()
10-Feb-2022 10:44:41.596 INFO [Thread-2] org.apache.catalina.core.ApplicationContext.log ContextListener: contextDestroyed()
10-Feb-2022 10:44:47.114 INFO [main] org.apache.catalina.core.ApplicationContext.log ContextListener: contextInitialized()
10-Feb-2022 10:44:47.114 INFO [main] org.apache.catalina.core.ApplicationContext.log SessionListener: contextInitialized()
10-Feb-2022 10:44:47.115 INFO [main] org.apache.catalina.core.ApplicationContext.log ContextListener: attributeAdded('StockTicker', 'async.Stockticker@3e6b8b27')
10-Feb-2022 10:50:57.914 INFO [Thread-2] org.apache.catalina.core.ApplicationContext.log SessionListener: contextDestroyed()
10-Feb-2022 10:50:57.914 INFO [Thread-2] org.apache.catalina.core.ApplicationContext.log ContextListener: contextDestroyed()
10-Feb-2022 10:51:03.532 INFO [main] org.apache.catalina.core.ApplicationContext.log ContextListener: contextInitialized()
10-Feb-2022 10:51:03.532 INFO [main] org.apache.catalina.core.ApplicationContext.log SessionListener: contextInitialized()
10-Feb-2022 10:51:03.533 INFO [main] org.apache.catalina.core.ApplicationContext.log ContextListener: attributeAdded('StockTicker', 'async.Stockticker@583f6270')
10-Feb-2022 10:53:02.263 INFO [Thread-2] org.apache.catalina.core.ApplicationContext.log SessionListener: contextDestroyed()
10-Feb-2022 10:53:02.263 INFO [Thread-2] org.apache.catalina.core.ApplicationContext.log ContextListener: contextDestroyed()
10-Feb-2022 10:53:07.810 INFO [main] org.apache.catalina.core.ApplicationContext.log ContextListener: contextInitialized()
10-Feb-2022 10:53:07.811 INFO [main] org.apache.catalina.core.ApplicationContext.log SessionListener: contextInitialized()
10-Feb-2022 10:53:07.812 INFO [main] org.apache.catalina.core.ApplicationContext.log ContextListener: attributeAdded('StockTicker', 'async.Stockticker@3e6b8b27')
10-Feb-2022 11:03:36.771 INFO [Thread-2] org.apache.catalina.core.ApplicationContext.log SessionListener: contextDestroyed()
10-Feb-2022 11:03:36.771 INFO [Thread-2] org.apache.catalina.core.ApplicationContext.log ContextListener: contextDestroyed()
10-Feb-2022 11:03:47.075 INFO [main] org.apache.catalina.core.ApplicationContext.log ContextListener: contextInitialized()
10-Feb-2022 11:03:47.076 INFO [main] org.apache.catalina.core.ApplicationContext.log SessionListener: contextInitialized()
10-Feb-2022 11:03:47.077 INFO [main] org.apache.catalina.core.ApplicationContext.log ContextListener: attributeAdded('StockTicker', 'async.Stockticker@3d4b3b94')
10-Feb-2022 11:45:09.054 INFO [Thread-2] org.apache.catalina.core.ApplicationContext.log SessionListener: contextDestroyed()
10-Feb-2022 11:45:09.054 INFO [Thread-2] org.apache.catalina.core.ApplicationContext.log ContextListener: contextDestroyed()
10-Feb-2022 11:45:15.462 INFO [main] org.apache.catalina.core.ApplicationContext.log ContextListener: contextInitialized()
10-Feb-2022 11:45:15.462 INFO [main] org.apache.catalina.core.ApplicationContext.log SessionListener: contextInitialized()
10-Feb-2022 11:45:15.463 INFO [main] org.apache.catalina.core.ApplicationContext.log ContextListener: attributeAdded('StockTicker', 'async.Stockticker@53a65166')
10-Feb-2022 11:45:55.463 SEVERE [http-nio-8080-exec-9] org.apache.catalina.core.StandardWrapperValve.invoke Servlet.service() para servlet [Editar] lanzó excepción
	java.time.format.DateTimeParseException: Text '' could not be parsed at index 0
		at java.base/java.time.format.DateTimeFormatter.parseResolved0(DateTimeFormatter.java:2052)
		at java.base/java.time.format.DateTimeFormatter.parse(DateTimeFormatter.java:1954)
		at java.base/java.time.LocalDate.parse(LocalDate.java:430)
		at java.base/java.time.LocalDate.parse(LocalDate.java:415)
		at musicToMuch.Editar.insertarEntrada(Editar.java:224)
		at musicToMuch.Editar.doPost(Editar.java:50)
		at javax.servlet.http.HttpServlet.service(HttpServlet.java:681)
		at javax.servlet.http.HttpServlet.service(HttpServlet.java:764)
		at org.apache.catalina.core.ApplicationFilterChain.internalDoFilter(ApplicationFilterChain.java:227)
		at org.apache.catalina.core.ApplicationFilterChain.doFilter(ApplicationFilterChain.java:162)
		at org.apache.tomcat.websocket.server.WsFilter.doFilter(WsFilter.java:53)
		at org.apache.catalina.core.ApplicationFilterChain.internalDoFilter(ApplicationFilterChain.java:189)
		at org.apache.catalina.core.ApplicationFilterChain.doFilter(ApplicationFilterChain.java:162)
		at org.apache.catalina.core.StandardWrapperValve.invoke(StandardWrapperValve.java:197)
		at org.apache.catalina.core.StandardContextValve.invoke(StandardContextValve.java:97)
		at org.apache.catalina.authenticator.AuthenticatorBase.invoke(AuthenticatorBase.java:540)
		at org.apache.catalina.core.StandardHostValve.invoke(StandardHostValve.java:135)
		at org.apache.catalina.valves.ErrorReportValve.invoke(ErrorReportValve.java:92)
		at org.apache.catalina.valves.AbstractAccessLogValve.invoke(AbstractAccessLogValve.java:687)
		at org.apache.catalina.core.StandardEngineValve.invoke(StandardEngineValve.java:78)
		at org.apache.catalina.connector.CoyoteAdapter.service(CoyoteAdapter.java:357)
		at org.apache.coyote.http11.Http11Processor.service(Http11Processor.java:382)
		at org.apache.coyote.AbstractProcessorLight.process(AbstractProcessorLight.java:65)
		at org.apache.coyote.AbstractProtocol$ConnectionHandler.process(AbstractProtocol.java:895)
		at org.apache.tomcat.util.net.NioEndpoint$SocketProcessor.doRun(NioEndpoint.java:1732)
		at org.apache.tomcat.util.net.SocketProcessorBase.run(SocketProcessorBase.java:49)
		at org.apache.tomcat.util.threads.ThreadPoolExecutor.runWorker(ThreadPoolExecutor.java:1191)
		at org.apache.tomcat.util.threads.ThreadPoolExecutor$Worker.run(ThreadPoolExecutor.java:659)
		at org.apache.tomcat.util.threads.TaskThread$WrappingRunnable.run(TaskThread.java:61)
		at java.base/java.lang.Thread.run(Thread.java:833)
10-Feb-2022 11:47:25.964 INFO [Thread-2] org.apache.catalina.core.ApplicationContext.log SessionListener: contextDestroyed()
10-Feb-2022 11:47:25.964 INFO [Thread-2] org.apache.catalina.core.ApplicationContext.log ContextListener: contextDestroyed()
10-Feb-2022 11:47:31.236 INFO [main] org.apache.catalina.core.ApplicationContext.log ContextListener: contextInitialized()
10-Feb-2022 11:47:31.236 INFO [main] org.apache.catalina.core.ApplicationContext.log SessionListener: contextInitialized()
10-Feb-2022 11:47:31.237 INFO [main] org.apache.catalina.core.ApplicationContext.log ContextListener: attributeAdded('StockTicker', 'async.Stockticker@7416b560')
10-Feb-2022 11:48:42.881 INFO [Thread-2] org.apache.catalina.core.ApplicationContext.log SessionListener: contextDestroyed()
10-Feb-2022 11:48:42.881 INFO [Thread-2] org.apache.catalina.core.ApplicationContext.log ContextListener: contextDestroyed()
10-Feb-2022 11:48:49.019 INFO [main] org.apache.catalina.core.ApplicationContext.log ContextListener: contextInitialized()
10-Feb-2022 11:48:49.020 INFO [main] org.apache.catalina.core.ApplicationContext.log SessionListener: contextInitialized()
10-Feb-2022 11:48:49.021 INFO [main] org.apache.catalina.core.ApplicationContext.log ContextListener: attributeAdded('StockTicker', 'async.Stockticker@614427b2')
10-Feb-2022 11:50:58.833 INFO [Thread-2] org.apache.catalina.core.ApplicationContext.log SessionListener: contextDestroyed()
10-Feb-2022 11:50:58.833 INFO [Thread-2] org.apache.catalina.core.ApplicationContext.log ContextListener: contextDestroyed()
10-Feb-2022 11:51:05.538 INFO [main] org.apache.catalina.core.ApplicationContext.log ContextListener: contextInitialized()
10-Feb-2022 11:51:05.539 INFO [main] org.apache.catalina.core.ApplicationContext.log SessionListener: contextInitialized()
10-Feb-2022 11:51:05.540 INFO [main] org.apache.catalina.core.ApplicationContext.log ContextListener: attributeAdded('StockTicker', 'async.Stockticker@3d4b3b94')
10-Feb-2022 11:52:47.407 INFO [Thread-2] org.apache.catalina.core.ApplicationContext.log SessionListener: contextDestroyed()
10-Feb-2022 11:52:47.407 INFO [Thread-2] org.apache.catalina.core.ApplicationContext.log ContextListener: contextDestroyed()
10-Feb-2022 11:52:53.741 INFO [main] org.apache.catalina.core.ApplicationContext.log ContextListener: contextInitialized()
10-Feb-2022 11:52:53.741 INFO [main] org.apache.catalina.core.ApplicationContext.log SessionListener: contextInitialized()
10-Feb-2022 11:52:53.743 INFO [main] org.apache.catalina.core.ApplicationContext.log ContextListener: attributeAdded('StockTicker', 'async.Stockticker@3e6b8b27')
10-Feb-2022 11:54:16.931 INFO [Thread-2] org.apache.catalina.core.ApplicationContext.log SessionListener: contextDestroyed()
10-Feb-2022 11:54:16.931 INFO [Thread-2] org.apache.catalina.core.ApplicationContext.log ContextListener: contextDestroyed()
10-Feb-2022 11:54:22.656 INFO [main] org.apache.catalina.core.ApplicationContext.log ContextListener: contextInitialized()
10-Feb-2022 11:54:22.656 INFO [main] org.apache.catalina.core.ApplicationContext.log SessionListener: contextInitialized()
10-Feb-2022 11:54:22.657 INFO [main] org.apache.catalina.core.ApplicationContext.log ContextListener: attributeAdded('StockTicker', 'async.Stockticker@3e6b8b27')
10-Feb-2022 11:57:18.558 INFO [Thread-2] org.apache.catalina.core.ApplicationContext.log SessionListener: contextDestroyed()
10-Feb-2022 11:57:18.558 INFO [Thread-2] org.apache.catalina.core.ApplicationContext.log ContextListener: contextDestroyed()
10-Feb-2022 11:57:25.392 INFO [main] org.apache.catalina.core.ApplicationContext.log ContextListener: contextInitialized()
10-Feb-2022 11:57:25.392 INFO [main] org.apache.catalina.core.ApplicationContext.log SessionListener: contextInitialized()
10-Feb-2022 11:57:25.393 INFO [main] org.apache.catalina.core.ApplicationContext.log ContextListener: attributeAdded('StockTicker', 'async.Stockticker@63dd81ee')
10-Feb-2022 11:58:10.945 INFO [Thread-2] org.apache.catalina.core.ApplicationContext.log SessionListener: contextDestroyed()
10-Feb-2022 11:58:10.945 INFO [Thread-2] org.apache.catalina.core.ApplicationContext.log ContextListener: contextDestroyed()
10-Feb-2022 11:58:17.450 INFO [main] org.apache.catalina.core.ApplicationContext.log ContextListener: contextInitialized()
10-Feb-2022 11:58:17.450 INFO [main] org.apache.catalina.core.ApplicationContext.log SessionListener: contextInitialized()
10-Feb-2022 11:58:17.451 INFO [main] org.apache.catalina.core.ApplicationContext.log ContextListener: attributeAdded('StockTicker', 'async.Stockticker@5b95a754')
10-Feb-2022 12:00:14.146 INFO [Thread-2] org.apache.catalina.core.ApplicationContext.log SessionListener: contextDestroyed()
10-Feb-2022 12:00:14.146 INFO [Thread-2] org.apache.catalina.core.ApplicationContext.log ContextListener: contextDestroyed()
10-Feb-2022 12:00:20.271 INFO [main] org.apache.catalina.core.ApplicationContext.log ContextListener: contextInitialized()
10-Feb-2022 12:00:20.271 INFO [main] org.apache.catalina.core.ApplicationContext.log SessionListener: contextInitialized()
10-Feb-2022 12:00:20.272 INFO [main] org.apache.catalina.core.ApplicationContext.log ContextListener: attributeAdded('StockTicker', 'async.Stockticker@614427b2')
10-Feb-2022 12:01:11.652 INFO [Thread-2] org.apache.catalina.core.ApplicationContext.log SessionListener: contextDestroyed()
10-Feb-2022 12:01:11.652 INFO [Thread-2] org.apache.catalina.core.ApplicationContext.log ContextListener: contextDestroyed()
10-Feb-2022 12:01:18.247 INFO [main] org.apache.catalina.core.ApplicationContext.log ContextListener: contextInitialized()
10-Feb-2022 12:01:18.247 INFO [main] org.apache.catalina.core.ApplicationContext.log SessionListener: contextInitialized()
10-Feb-2022 12:01:18.248 INFO [main] org.apache.catalina.core.ApplicationContext.log ContextListener: attributeAdded('StockTicker', 'async.Stockticker@3d4b3b94')
10-Feb-2022 12:02:30.349 INFO [Thread-2] org.apache.catalina.core.ApplicationContext.log SessionListener: contextDestroyed()
10-Feb-2022 12:02:30.349 INFO [Thread-2] org.apache.catalina.core.ApplicationContext.log ContextListener: contextDestroyed()
10-Feb-2022 12:02:40.363 INFO [main] org.apache.catalina.core.ApplicationContext.log ContextListener: contextInitialized()
10-Feb-2022 12:02:40.363 INFO [main] org.apache.catalina.core.ApplicationContext.log SessionListener: contextInitialized()
10-Feb-2022 12:02:40.364 INFO [main] org.apache.catalina.core.ApplicationContext.log ContextListener: attributeAdded('StockTicker', 'async.Stockticker@5b95a754')
10-Feb-2022 12:03:02.207 INFO [Thread-2] org.apache.catalina.core.ApplicationContext.log SessionListener: contextDestroyed()
10-Feb-2022 12:03:02.207 INFO [Thread-2] org.apache.catalina.core.ApplicationContext.log ContextListener: contextDestroyed()
10-Feb-2022 12:03:08.510 INFO [main] org.apache.catalina.core.ApplicationContext.log ContextListener: contextInitialized()
10-Feb-2022 12:03:08.510 INFO [main] org.apache.catalina.core.ApplicationContext.log SessionListener: contextInitialized()
10-Feb-2022 12:03:08.512 INFO [main] org.apache.catalina.core.ApplicationContext.log ContextListener: attributeAdded('StockTicker', 'async.Stockticker@58230224')
10-Feb-2022 12:05:02.679 INFO [Thread-2] org.apache.catalina.core.ApplicationContext.log SessionListener: contextDestroyed()
10-Feb-2022 12:05:02.679 INFO [Thread-2] org.apache.catalina.core.ApplicationContext.log ContextListener: contextDestroyed()
10-Feb-2022 12:05:09.111 INFO [main] org.apache.catalina.core.ApplicationContext.log ContextListener: contextInitialized()
10-Feb-2022 12:05:09.111 INFO [main] org.apache.catalina.core.ApplicationContext.log SessionListener: contextInitialized()
10-Feb-2022 12:05:09.113 INFO [main] org.apache.catalina.core.ApplicationContext.log ContextListener: attributeAdded('StockTicker', 'async.Stockticker@614427b2')
10-Feb-2022 12:05:27.809 INFO [Thread-2] org.apache.catalina.core.ApplicationContext.log SessionListener: contextDestroyed()
10-Feb-2022 12:05:27.809 INFO [Thread-2] org.apache.catalina.core.ApplicationContext.log ContextListener: contextDestroyed()
10-Feb-2022 12:05:36.815 INFO [main] org.apache.catalina.core.ApplicationContext.log ContextListener: contextInitialized()
10-Feb-2022 12:05:36.815 INFO [main] org.apache.catalina.core.ApplicationContext.log SessionListener: contextInitialized()
10-Feb-2022 12:05:36.817 INFO [main] org.apache.catalina.core.ApplicationContext.log ContextListener: attributeAdded('StockTicker', 'async.Stockticker@614427b2')
10-Feb-2022 12:06:34.715 INFO [Thread-2] org.apache.catalina.core.ApplicationContext.log SessionListener: contextDestroyed()
10-Feb-2022 12:06:34.715 INFO [Thread-2] org.apache.catalina.core.ApplicationContext.log ContextListener: contextDestroyed()
10-Feb-2022 12:06:41.949 INFO [main] org.apache.catalina.core.ApplicationContext.log ContextListener: contextInitialized()
10-Feb-2022 12:06:41.949 INFO [main] org.apache.catalina.core.ApplicationContext.log SessionListener: contextInitialized()
10-Feb-2022 12:06:41.950 INFO [main] org.apache.catalina.core.ApplicationContext.log ContextListener: attributeAdded('StockTicker', 'async.Stockticker@3d4b3b94')
10-Feb-2022 12:06:56.819 SEVERE [http-nio-8080-exec-7] org.apache.catalina.core.StandardWrapperValve.invoke Servlet.service() para servlet [CambiarPasswd] lanzó excepción
	java.lang.IllegalStateException: No puedo llamar a sendRedirect() tras llevar a cabo la respuesta
		at org.apache.catalina.connector.ResponseFacade.sendRedirect(ResponseFacade.java:488)
		at musicToMuch.CambiarPasswd.doPost(CambiarPasswd.java:41)
		at javax.servlet.http.HttpServlet.service(HttpServlet.java:681)
		at javax.servlet.http.HttpServlet.service(HttpServlet.java:764)
		at org.apache.catalina.core.ApplicationFilterChain.internalDoFilter(ApplicationFilterChain.java:227)
		at org.apache.catalina.core.ApplicationFilterChain.doFilter(ApplicationFilterChain.java:162)
		at org.apache.tomcat.websocket.server.WsFilter.doFilter(WsFilter.java:53)
		at org.apache.catalina.core.ApplicationFilterChain.internalDoFilter(ApplicationFilterChain.java:189)
		at org.apache.catalina.core.ApplicationFilterChain.doFilter(ApplicationFilterChain.java:162)
		at org.apache.catalina.core.StandardWrapperValve.invoke(StandardWrapperValve.java:197)
		at org.apache.catalina.core.StandardContextValve.invoke(StandardContextValve.java:97)
		at org.apache.catalina.authenticator.AuthenticatorBase.invoke(AuthenticatorBase.java:540)
		at org.apache.catalina.core.StandardHostValve.invoke(StandardHostValve.java:135)
		at org.apache.catalina.valves.ErrorReportValve.invoke(ErrorReportValve.java:92)
		at org.apache.catalina.valves.AbstractAccessLogValve.invoke(AbstractAccessLogValve.java:687)
		at org.apache.catalina.core.StandardEngineValve.invoke(StandardEngineValve.java:78)
		at org.apache.catalina.connector.CoyoteAdapter.service(CoyoteAdapter.java:357)
		at org.apache.coyote.http11.Http11Processor.service(Http11Processor.java:382)
		at org.apache.coyote.AbstractProcessorLight.process(AbstractProcessorLight.java:65)
		at org.apache.coyote.AbstractProtocol$ConnectionHandler.process(AbstractProtocol.java:895)
		at org.apache.tomcat.util.net.NioEndpoint$SocketProcessor.doRun(NioEndpoint.java:1732)
		at org.apache.tomcat.util.net.SocketProcessorBase.run(SocketProcessorBase.java:49)
		at org.apache.tomcat.util.threads.ThreadPoolExecutor.runWorker(ThreadPoolExecutor.java:1191)
		at org.apache.tomcat.util.threads.ThreadPoolExecutor$Worker.run(ThreadPoolExecutor.java:659)
		at org.apache.tomcat.util.threads.TaskThread$WrappingRunnable.run(TaskThread.java:61)
		at java.base/java.lang.Thread.run(Thread.java:833)
10-Feb-2022 12:07:16.695 INFO [Thread-2] org.apache.catalina.core.ApplicationContext.log SessionListener: contextDestroyed()
10-Feb-2022 12:07:16.695 INFO [Thread-2] org.apache.catalina.core.ApplicationContext.log ContextListener: contextDestroyed()
10-Feb-2022 12:07:23.510 INFO [main] org.apache.catalina.core.ApplicationContext.log ContextListener: contextInitialized()
10-Feb-2022 12:07:23.511 INFO [main] org.apache.catalina.core.ApplicationContext.log SessionListener: contextInitialized()
10-Feb-2022 12:07:23.512 INFO [main] org.apache.catalina.core.ApplicationContext.log ContextListener: attributeAdded('StockTicker', 'async.Stockticker@583f6270')
10-Feb-2022 12:11:25.305 INFO [Thread-2] org.apache.catalina.core.ApplicationContext.log SessionListener: contextDestroyed()
10-Feb-2022 12:11:25.305 INFO [Thread-2] org.apache.catalina.core.ApplicationContext.log ContextListener: contextDestroyed()
10-Feb-2022 12:12:28.024 INFO [main] org.apache.catalina.core.ApplicationContext.log ContextListener: contextInitialized()
10-Feb-2022 12:12:28.024 INFO [main] org.apache.catalina.core.ApplicationContext.log SessionListener: contextInitialized()
10-Feb-2022 12:12:28.026 INFO [main] org.apache.catalina.core.ApplicationContext.log ContextListener: attributeAdded('StockTicker', 'async.Stockticker@614427b2')
10-Feb-2022 12:13:44.135 INFO [Thread-2] org.apache.catalina.core.ApplicationContext.log SessionListener: contextDestroyed()
10-Feb-2022 12:13:44.135 INFO [Thread-2] org.apache.catalina.core.ApplicationContext.log ContextListener: contextDestroyed()
10-Feb-2022 12:13:50.305 INFO [main] org.apache.catalina.core.ApplicationContext.log ContextListener: contextInitialized()
10-Feb-2022 12:13:50.305 INFO [main] org.apache.catalina.core.ApplicationContext.log SessionListener: contextInitialized()
10-Feb-2022 12:13:50.306 INFO [main] org.apache.catalina.core.ApplicationContext.log ContextListener: attributeAdded('StockTicker', 'async.Stockticker@614427b2')
10-Feb-2022 12:14:54.844 INFO [Thread-2] org.apache.catalina.core.ApplicationContext.log SessionListener: contextDestroyed()
10-Feb-2022 12:14:54.844 INFO [Thread-2] org.apache.catalina.core.ApplicationContext.log ContextListener: contextDestroyed()
10-Feb-2022 12:15:01.072 INFO [main] org.apache.catalina.core.ApplicationContext.log ContextListener: contextInitialized()
10-Feb-2022 12:15:01.073 INFO [main] org.apache.catalina.core.ApplicationContext.log SessionListener: contextInitialized()
10-Feb-2022 12:15:01.074 INFO [main] org.apache.catalina.core.ApplicationContext.log ContextListener: attributeAdded('StockTicker', 'async.Stockticker@614427b2')
10-Feb-2022 12:15:19.250 SEVERE [http-nio-8080-exec-8] org.apache.catalina.core.StandardWrapperValve.invoke Servlet.service() para servlet [Editar] lanzó excepción
	java.time.format.DateTimeParseException: Text '' could not be parsed at index 0
		at java.base/java.time.format.DateTimeFormatter.parseResolved0(DateTimeFormatter.java:2052)
		at java.base/java.time.format.DateTimeFormatter.parse(DateTimeFormatter.java:1954)
		at java.base/java.time.LocalDate.parse(LocalDate.java:430)
		at java.base/java.time.LocalDate.parse(LocalDate.java:415)
		at musicToMuch.Editar.insertarEntrada(Editar.java:224)
		at musicToMuch.Editar.doPost(Editar.java:50)
		at javax.servlet.http.HttpServlet.service(HttpServlet.java:681)
		at javax.servlet.http.HttpServlet.service(HttpServlet.java:764)
		at org.apache.catalina.core.ApplicationFilterChain.internalDoFilter(ApplicationFilterChain.java:227)
		at org.apache.catalina.core.ApplicationFilterChain.doFilter(ApplicationFilterChain.java:162)
		at org.apache.tomcat.websocket.server.WsFilter.doFilter(WsFilter.java:53)
		at org.apache.catalina.core.ApplicationFilterChain.internalDoFilter(ApplicationFilterChain.java:189)
		at org.apache.catalina.core.ApplicationFilterChain.doFilter(ApplicationFilterChain.java:162)
		at org.apache.catalina.core.StandardWrapperValve.invoke(StandardWrapperValve.java:197)
		at org.apache.catalina.core.StandardContextValve.invoke(StandardContextValve.java:97)
		at org.apache.catalina.authenticator.AuthenticatorBase.invoke(AuthenticatorBase.java:540)
		at org.apache.catalina.core.StandardHostValve.invoke(StandardHostValve.java:135)
		at org.apache.catalina.valves.ErrorReportValve.invoke(ErrorReportValve.java:92)
		at org.apache.catalina.valves.AbstractAccessLogValve.invoke(AbstractAccessLogValve.java:687)
		at org.apache.catalina.core.StandardEngineValve.invoke(StandardEngineValve.java:78)
		at org.apache.catalina.connector.CoyoteAdapter.service(CoyoteAdapter.java:357)
		at org.apache.coyote.http11.Http11Processor.service(Http11Processor.java:382)
		at org.apache.coyote.AbstractProcessorLight.process(AbstractProcessorLight.java:65)
		at org.apache.coyote.AbstractProtocol$ConnectionHandler.process(AbstractProtocol.java:895)
		at org.apache.tomcat.util.net.NioEndpoint$SocketProcessor.doRun(NioEndpoint.java:1732)
		at org.apache.tomcat.util.net.SocketProcessorBase.run(SocketProcessorBase.java:49)
		at org.apache.tomcat.util.threads.ThreadPoolExecutor.runWorker(ThreadPoolExecutor.java:1191)
		at org.apache.tomcat.util.threads.ThreadPoolExecutor$Worker.run(ThreadPoolExecutor.java:659)
		at org.apache.tomcat.util.threads.TaskThread$WrappingRunnable.run(TaskThread.java:61)
		at java.base/java.lang.Thread.run(Thread.java:833)
10-Feb-2022 12:17:00.132 INFO [Thread-2] org.apache.catalina.core.ApplicationContext.log SessionListener: contextDestroyed()
10-Feb-2022 12:17:00.132 INFO [Thread-2] org.apache.catalina.core.ApplicationContext.log ContextListener: contextDestroyed()
10-Feb-2022 12:17:07.480 INFO [main] org.apache.catalina.core.ApplicationContext.log ContextListener: contextInitialized()
10-Feb-2022 12:17:07.481 INFO [main] org.apache.catalina.core.ApplicationContext.log SessionListener: contextInitialized()
10-Feb-2022 12:17:07.482 INFO [main] org.apache.catalina.core.ApplicationContext.log ContextListener: attributeAdded('StockTicker', 'async.Stockticker@9353d68')
10-Feb-2022 12:17:11.175 SEVERE [http-nio-8080-exec-2] org.apache.catalina.core.StandardWrapperValve.invoke Servlet.service() para servlet [Editar] lanzó excepción
	java.time.format.DateTimeParseException: Text '' could not be parsed at index 0
		at java.base/java.time.format.DateTimeFormatter.parseResolved0(DateTimeFormatter.java:2052)
		at java.base/java.time.format.DateTimeFormatter.parse(DateTimeFormatter.java:1954)
		at java.base/java.time.LocalDate.parse(LocalDate.java:430)
		at java.base/java.time.LocalDate.parse(LocalDate.java:415)
		at musicToMuch.Editar.insertarEntrada(Editar.java:224)
		at musicToMuch.Editar.doPost(Editar.java:50)
		at javax.servlet.http.HttpServlet.service(HttpServlet.java:681)
		at javax.servlet.http.HttpServlet.service(HttpServlet.java:764)
		at org.apache.catalina.core.ApplicationFilterChain.internalDoFilter(ApplicationFilterChain.java:227)
		at org.apache.catalina.core.ApplicationFilterChain.doFilter(ApplicationFilterChain.java:162)
		at org.apache.tomcat.websocket.server.WsFilter.doFilter(WsFilter.java:53)
		at org.apache.catalina.core.ApplicationFilterChain.internalDoFilter(ApplicationFilterChain.java:189)
		at org.apache.catalina.core.ApplicationFilterChain.doFilter(ApplicationFilterChain.java:162)
		at org.apache.catalina.core.StandardWrapperValve.invoke(StandardWrapperValve.java:197)
		at org.apache.catalina.core.StandardContextValve.invoke(StandardContextValve.java:97)
		at org.apache.catalina.authenticator.AuthenticatorBase.invoke(AuthenticatorBase.java:540)
		at org.apache.catalina.core.StandardHostValve.invoke(StandardHostValve.java:135)
		at org.apache.catalina.valves.ErrorReportValve.invoke(ErrorReportValve.java:92)
		at org.apache.catalina.valves.AbstractAccessLogValve.invoke(AbstractAccessLogValve.java:687)
		at org.apache.catalina.core.StandardEngineValve.invoke(StandardEngineValve.java:78)
		at org.apache.catalina.connector.CoyoteAdapter.service(CoyoteAdapter.java:357)
		at org.apache.coyote.http11.Http11Processor.service(Http11Processor.java:382)
		at org.apache.coyote.AbstractProcessorLight.process(AbstractProcessorLight.java:65)
		at org.apache.coyote.AbstractProtocol$ConnectionHandler.process(AbstractProtocol.java:895)
		at org.apache.tomcat.util.net.NioEndpoint$SocketProcessor.doRun(NioEndpoint.java:1732)
		at org.apache.tomcat.util.net.SocketProcessorBase.run(SocketProcessorBase.java:49)
		at org.apache.tomcat.util.threads.ThreadPoolExecutor.runWorker(ThreadPoolExecutor.java:1191)
		at org.apache.tomcat.util.threads.ThreadPoolExecutor$Worker.run(ThreadPoolExecutor.java:659)
		at org.apache.tomcat.util.threads.TaskThread$WrappingRunnable.run(TaskThread.java:61)
		at java.base/java.lang.Thread.run(Thread.java:833)
10-Feb-2022 12:19:01.990 INFO [Thread-2] org.apache.catalina.core.ApplicationContext.log SessionListener: contextDestroyed()
10-Feb-2022 12:19:01.990 INFO [Thread-2] org.apache.catalina.core.ApplicationContext.log ContextListener: contextDestroyed()
10-Feb-2022 12:19:39.215 INFO [main] org.apache.catalina.core.ApplicationContext.log ContextListener: contextInitialized()
10-Feb-2022 12:19:39.215 INFO [main] org.apache.catalina.core.ApplicationContext.log SessionListener: contextInitialized()
10-Feb-2022 12:19:39.216 INFO [main] org.apache.catalina.core.ApplicationContext.log ContextListener: attributeAdded('StockTicker', 'async.Stockticker@614427b2')
10-Feb-2022 12:21:42.940 INFO [Thread-2] org.apache.catalina.core.ApplicationContext.log SessionListener: contextDestroyed()
10-Feb-2022 12:21:42.940 INFO [Thread-2] org.apache.catalina.core.ApplicationContext.log ContextListener: contextDestroyed()
10-Feb-2022 12:26:09.683 INFO [main] org.apache.catalina.core.ApplicationContext.log ContextListener: contextInitialized()
10-Feb-2022 12:26:09.684 INFO [main] org.apache.catalina.core.ApplicationContext.log SessionListener: contextInitialized()
10-Feb-2022 12:26:09.685 INFO [main] org.apache.catalina.core.ApplicationContext.log ContextListener: attributeAdded('StockTicker', 'async.Stockticker@21304869')
10-Feb-2022 12:27:15.226 INFO [Thread-2] org.apache.catalina.core.ApplicationContext.log SessionListener: contextDestroyed()
10-Feb-2022 12:27:15.226 INFO [Thread-2] org.apache.catalina.core.ApplicationContext.log ContextListener: contextDestroyed()
10-Feb-2022 12:27:31.169 INFO [main] org.apache.catalina.core.ApplicationContext.log ContextListener: contextInitialized()
10-Feb-2022 12:27:31.169 INFO [main] org.apache.catalina.core.ApplicationContext.log SessionListener: contextInitialized()
10-Feb-2022 12:27:31.171 INFO [main] org.apache.catalina.core.ApplicationContext.log ContextListener: attributeAdded('StockTicker', 'async.Stockticker@614427b2')
10-Feb-2022 12:28:24.019 INFO [Thread-2] org.apache.catalina.core.ApplicationContext.log SessionListener: contextDestroyed()
10-Feb-2022 12:28:24.019 INFO [Thread-2] org.apache.catalina.core.ApplicationContext.log ContextListener: contextDestroyed()
10-Feb-2022 12:28:54.284 INFO [main] org.apache.catalina.core.ApplicationContext.log ContextListener: contextInitialized()
10-Feb-2022 12:28:54.284 INFO [main] org.apache.catalina.core.ApplicationContext.log SessionListener: contextInitialized()
10-Feb-2022 12:28:54.287 INFO [main] org.apache.catalina.core.ApplicationContext.log ContextListener: attributeAdded('StockTicker', 'async.Stockticker@3d4b3b94')
10-Feb-2022 12:31:41.815 INFO [Thread-2] org.apache.catalina.core.ApplicationContext.log SessionListener: contextDestroyed()
10-Feb-2022 12:31:41.815 INFO [Thread-2] org.apache.catalina.core.ApplicationContext.log ContextListener: contextDestroyed()
10-Feb-2022 12:31:48.306 INFO [main] org.apache.catalina.core.ApplicationContext.log ContextListener: contextInitialized()
10-Feb-2022 12:31:48.306 INFO [main] org.apache.catalina.core.ApplicationContext.log SessionListener: contextInitialized()
10-Feb-2022 12:31:48.308 INFO [main] org.apache.catalina.core.ApplicationContext.log ContextListener: attributeAdded('StockTicker', 'async.Stockticker@500341c4')
10-Feb-2022 12:33:27.691 INFO [Thread-2] org.apache.catalina.core.ApplicationContext.log SessionListener: contextDestroyed()
10-Feb-2022 12:33:27.691 INFO [Thread-2] org.apache.catalina.core.ApplicationContext.log ContextListener: contextDestroyed()
10-Feb-2022 12:33:34.399 INFO [main] org.apache.catalina.core.ApplicationContext.log ContextListener: contextInitialized()
10-Feb-2022 12:33:34.399 INFO [main] org.apache.catalina.core.ApplicationContext.log SessionListener: contextInitialized()
10-Feb-2022 12:33:34.401 INFO [main] org.apache.catalina.core.ApplicationContext.log ContextListener: attributeAdded('StockTicker', 'async.Stockticker@7e199cec')
10-Feb-2022 12:34:39.133 INFO [Thread-2] org.apache.catalina.core.ApplicationContext.log SessionListener: contextDestroyed()
10-Feb-2022 12:34:39.133 INFO [Thread-2] org.apache.catalina.core.ApplicationContext.log ContextListener: contextDestroyed()
10-Feb-2022 12:34:45.310 INFO [main] org.apache.catalina.core.ApplicationContext.log ContextListener: contextInitialized()
10-Feb-2022 12:34:45.310 INFO [main] org.apache.catalina.core.ApplicationContext.log SessionListener: contextInitialized()
10-Feb-2022 12:34:45.311 INFO [main] org.apache.catalina.core.ApplicationContext.log ContextListener: attributeAdded('StockTicker', 'async.Stockticker@7e199cec')
10-Feb-2022 12:37:30.093 INFO [Thread-2] org.apache.catalina.core.ApplicationContext.log SessionListener: contextDestroyed()
10-Feb-2022 12:37:30.094 INFO [Thread-2] org.apache.catalina.core.ApplicationContext.log ContextListener: contextDestroyed()
10-Feb-2022 12:37:36.378 INFO [main] org.apache.catalina.core.ApplicationContext.log ContextListener: contextInitialized()
10-Feb-2022 12:37:36.378 INFO [main] org.apache.catalina.core.ApplicationContext.log SessionListener: contextInitialized()
10-Feb-2022 12:37:36.379 INFO [main] org.apache.catalina.core.ApplicationContext.log ContextListener: attributeAdded('StockTicker', 'async.Stockticker@500341c4')
10-Feb-2022 12:38:25.679 INFO [Thread-2] org.apache.catalina.core.ApplicationContext.log SessionListener: contextDestroyed()
10-Feb-2022 12:38:25.679 INFO [Thread-2] org.apache.catalina.core.ApplicationContext.log ContextListener: contextDestroyed()
10-Feb-2022 12:38:31.740 INFO [main] org.apache.catalina.core.ApplicationContext.log ContextListener: contextInitialized()
10-Feb-2022 12:38:31.741 INFO [main] org.apache.catalina.core.ApplicationContext.log SessionListener: contextInitialized()
10-Feb-2022 12:38:31.742 INFO [main] org.apache.catalina.core.ApplicationContext.log ContextListener: attributeAdded('StockTicker', 'async.Stockticker@5b95a754')
10-Feb-2022 12:38:38.215 INFO [Thread-2] org.apache.catalina.core.ApplicationContext.log SessionListener: contextDestroyed()
10-Feb-2022 12:38:38.215 INFO [Thread-2] org.apache.catalina.core.ApplicationContext.log ContextListener: contextDestroyed()
10-Feb-2022 12:38:46.510 INFO [main] org.apache.catalina.core.ApplicationContext.log ContextListener: contextInitialized()
10-Feb-2022 12:38:46.510 INFO [main] org.apache.catalina.core.ApplicationContext.log SessionListener: contextInitialized()
10-Feb-2022 12:38:46.512 INFO [main] org.apache.catalina.core.ApplicationContext.log ContextListener: attributeAdded('StockTicker', 'async.Stockticker@500341c4')
10-Feb-2022 13:31:18.441 INFO [Thread-2] org.apache.catalina.core.ApplicationContext.log SessionListener: contextDestroyed()
10-Feb-2022 13:31:18.441 INFO [Thread-2] org.apache.catalina.core.ApplicationContext.log ContextListener: contextDestroyed()
10-Feb-2022 13:33:32.437 INFO [main] org.apache.catalina.core.ApplicationContext.log ContextListener: contextInitialized()
10-Feb-2022 13:33:32.437 INFO [main] org.apache.catalina.core.ApplicationContext.log SessionListener: contextInitialized()
10-Feb-2022 13:33:32.438 INFO [main] org.apache.catalina.core.ApplicationContext.log ContextListener: attributeAdded('StockTicker', 'async.Stockticker@4d0927df')
10-Feb-2022 13:53:04.067 INFO [Thread-2] org.apache.catalina.core.ApplicationContext.log SessionListener: contextDestroyed()
10-Feb-2022 13:53:04.067 INFO [Thread-2] org.apache.catalina.core.ApplicationContext.log ContextListener: contextDestroyed()
10-Feb-2022 13:53:11.307 INFO [main] org.apache.catalina.core.ApplicationContext.log ContextListener: contextInitialized()
10-Feb-2022 13:53:11.307 INFO [main] org.apache.catalina.core.ApplicationContext.log SessionListener: contextInitialized()
10-Feb-2022 13:53:11.309 INFO [main] org.apache.catalina.core.ApplicationContext.log ContextListener: attributeAdded('StockTicker', 'async.Stockticker@614427b2')
10-Feb-2022 13:56:06.054 INFO [Thread-2] org.apache.catalina.core.ApplicationContext.log SessionListener: contextDestroyed()
10-Feb-2022 13:56:06.054 INFO [Thread-2] org.apache.catalina.core.ApplicationContext.log ContextListener: contextDestroyed()
10-Feb-2022 15:32:31.256 INFO [main] org.apache.catalina.core.ApplicationContext.log ContextListener: contextInitialized()
10-Feb-2022 15:32:31.257 INFO [main] org.apache.catalina.core.ApplicationContext.log SessionListener: contextInitialized()
10-Feb-2022 15:32:31.268 INFO [main] org.apache.catalina.core.ApplicationContext.log ContextListener: attributeAdded('StockTicker', 'async.Stockticker@3eea7c4b')
10-Feb-2022 16:00:38.744 INFO [Thread-2] org.apache.catalina.core.ApplicationContext.log SessionListener: contextDestroyed()
10-Feb-2022 16:00:38.744 INFO [Thread-2] org.apache.catalina.core.ApplicationContext.log ContextListener: contextDestroyed()
10-Feb-2022 16:00:45.668 INFO [main] org.apache.catalina.core.ApplicationContext.log ContextListener: contextInitialized()
10-Feb-2022 16:00:45.668 INFO [main] org.apache.catalina.core.ApplicationContext.log SessionListener: contextInitialized()
10-Feb-2022 16:00:45.669 INFO [main] org.apache.catalina.core.ApplicationContext.log ContextListener: attributeAdded('StockTicker', 'async.Stockticker@e18848d')
10-Feb-2022 16:01:30.248 INFO [Thread-2] org.apache.catalina.core.ApplicationContext.log SessionListener: contextDestroyed()
10-Feb-2022 16:01:30.248 INFO [Thread-2] org.apache.catalina.core.ApplicationContext.log ContextListener: contextDestroyed()
10-Feb-2022 16:01:37.001 INFO [main] org.apache.catalina.core.ApplicationContext.log ContextListener: contextInitialized()
10-Feb-2022 16:01:37.001 INFO [main] org.apache.catalina.core.ApplicationContext.log SessionListener: contextInitialized()
10-Feb-2022 16:01:37.002 INFO [main] org.apache.catalina.core.ApplicationContext.log ContextListener: attributeAdded('StockTicker', 'async.Stockticker@28b5cee')
10-Feb-2022 16:02:12.095 INFO [Thread-2] org.apache.catalina.core.ApplicationContext.log SessionListener: contextDestroyed()
10-Feb-2022 16:02:12.095 INFO [Thread-2] org.apache.catalina.core.ApplicationContext.log ContextListener: contextDestroyed()
10-Feb-2022 16:02:17.506 INFO [main] org.apache.catalina.core.ApplicationContext.log ContextListener: contextInitialized()
10-Feb-2022 16:02:17.506 INFO [main] org.apache.catalina.core.ApplicationContext.log SessionListener: contextInitialized()
10-Feb-2022 16:02:17.507 INFO [main] org.apache.catalina.core.ApplicationContext.log ContextListener: attributeAdded('StockTicker', 'async.Stockticker@7e199cec')
10-Feb-2022 16:02:58.623 INFO [Thread-2] org.apache.catalina.core.ApplicationContext.log SessionListener: contextDestroyed()
10-Feb-2022 16:02:58.623 INFO [Thread-2] org.apache.catalina.core.ApplicationContext.log ContextListener: contextDestroyed()
10-Feb-2022 16:03:04.870 INFO [main] org.apache.catalina.core.ApplicationContext.log ContextListener: contextInitialized()
10-Feb-2022 16:03:04.870 INFO [main] org.apache.catalina.core.ApplicationContext.log SessionListener: contextInitialized()
10-Feb-2022 16:03:04.871 INFO [main] org.apache.catalina.core.ApplicationContext.log ContextListener: attributeAdded('StockTicker', 'async.Stockticker@500341c4')
10-Feb-2022 16:04:33.004 INFO [Thread-2] org.apache.catalina.core.ApplicationContext.log SessionListener: contextDestroyed()
10-Feb-2022 16:04:33.004 INFO [Thread-2] org.apache.catalina.core.ApplicationContext.log ContextListener: contextDestroyed()
10-Feb-2022 16:04:40.458 INFO [main] org.apache.catalina.core.ApplicationContext.log ContextListener: contextInitialized()
10-Feb-2022 16:04:40.458 INFO [main] org.apache.catalina.core.ApplicationContext.log SessionListener: contextInitialized()
10-Feb-2022 16:04:40.459 INFO [main] org.apache.catalina.core.ApplicationContext.log ContextListener: attributeAdded('StockTicker', 'async.Stockticker@2bd24c09')
10-Feb-2022 16:05:54.354 INFO [Thread-2] org.apache.catalina.core.ApplicationContext.log SessionListener: contextDestroyed()
10-Feb-2022 16:05:54.354 INFO [Thread-2] org.apache.catalina.core.ApplicationContext.log ContextListener: contextDestroyed()
10-Feb-2022 16:05:59.749 INFO [main] org.apache.catalina.core.ApplicationContext.log ContextListener: contextInitialized()
10-Feb-2022 16:05:59.749 INFO [main] org.apache.catalina.core.ApplicationContext.log SessionListener: contextInitialized()
10-Feb-2022 16:05:59.750 INFO [main] org.apache.catalina.core.ApplicationContext.log ContextListener: attributeAdded('StockTicker', 'async.Stockticker@73f506d7')
10-Feb-2022 16:06:37.695 INFO [Thread-2] org.apache.catalina.core.ApplicationContext.log SessionListener: contextDestroyed()
10-Feb-2022 16:06:37.695 INFO [Thread-2] org.apache.catalina.core.ApplicationContext.log ContextListener: contextDestroyed()
10-Feb-2022 16:06:43.746 INFO [main] org.apache.catalina.core.ApplicationContext.log ContextListener: contextInitialized()
10-Feb-2022 16:06:43.747 INFO [main] org.apache.catalina.core.ApplicationContext.log SessionListener: contextInitialized()
10-Feb-2022 16:06:43.748 INFO [main] org.apache.catalina.core.ApplicationContext.log ContextListener: attributeAdded('StockTicker', 'async.Stockticker@73f506d7')
10-Feb-2022 16:08:03.470 INFO [Thread-2] org.apache.catalina.core.ApplicationContext.log SessionListener: contextDestroyed()
10-Feb-2022 16:08:03.470 INFO [Thread-2] org.apache.catalina.core.ApplicationContext.log ContextListener: contextDestroyed()
10-Feb-2022 16:08:08.535 INFO [main] org.apache.catalina.core.ApplicationContext.log ContextListener: contextInitialized()
10-Feb-2022 16:08:08.535 INFO [main] org.apache.catalina.core.ApplicationContext.log SessionListener: contextInitialized()
10-Feb-2022 16:08:08.536 INFO [main] org.apache.catalina.core.ApplicationContext.log ContextListener: attributeAdded('StockTicker', 'async.Stockticker@7e199cec')
10-Feb-2022 16:09:05.802 INFO [Thread-2] org.apache.catalina.core.ApplicationContext.log SessionListener: contextDestroyed()
10-Feb-2022 16:09:05.802 INFO [Thread-2] org.apache.catalina.core.ApplicationContext.log ContextListener: contextDestroyed()
10-Feb-2022 16:09:13.777 INFO [main] org.apache.catalina.core.ApplicationContext.log ContextListener: contextInitialized()
10-Feb-2022 16:09:13.777 INFO [main] org.apache.catalina.core.ApplicationContext.log SessionListener: contextInitialized()
10-Feb-2022 16:09:13.778 INFO [main] org.apache.catalina.core.ApplicationContext.log ContextListener: attributeAdded('StockTicker', 'async.Stockticker@2b960c2b')
10-Feb-2022 16:20:29.745 INFO [Thread-2] org.apache.catalina.core.ApplicationContext.log SessionListener: contextDestroyed()
10-Feb-2022 16:20:29.745 INFO [Thread-2] org.apache.catalina.core.ApplicationContext.log ContextListener: contextDestroyed()
10-Feb-2022 16:20:39.582 INFO [main] org.apache.catalina.core.ApplicationContext.log ContextListener: contextInitialized()
10-Feb-2022 16:20:39.582 INFO [main] org.apache.catalina.core.ApplicationContext.log SessionListener: contextInitialized()
10-Feb-2022 16:20:39.583 INFO [main] org.apache.catalina.core.ApplicationContext.log ContextListener: attributeAdded('StockTicker', 'async.Stockticker@1b0e81b3')
10-Feb-2022 16:22:25.868 INFO [Thread-2] org.apache.catalina.core.ApplicationContext.log SessionListener: contextDestroyed()
10-Feb-2022 16:22:25.868 INFO [Thread-2] org.apache.catalina.core.ApplicationContext.log ContextListener: contextDestroyed()
10-Feb-2022 16:22:31.373 INFO [main] org.apache.catalina.core.ApplicationContext.log ContextListener: contextInitialized()
10-Feb-2022 16:22:31.373 INFO [main] org.apache.catalina.core.ApplicationContext.log SessionListener: contextInitialized()
10-Feb-2022 16:22:31.374 INFO [main] org.apache.catalina.core.ApplicationContext.log ContextListener: attributeAdded('StockTicker', 'async.Stockticker@73f506d7')
10-Feb-2022 16:24:24.963 INFO [Thread-2] org.apache.catalina.core.ApplicationContext.log SessionListener: contextDestroyed()
10-Feb-2022 16:24:24.963 INFO [Thread-2] org.apache.catalina.core.ApplicationContext.log ContextListener: contextDestroyed()
10-Feb-2022 16:24:30.327 INFO [main] org.apache.catalina.core.ApplicationContext.log ContextListener: contextInitialized()
10-Feb-2022 16:24:30.327 INFO [main] org.apache.catalina.core.ApplicationContext.log SessionListener: contextInitialized()
10-Feb-2022 16:24:30.328 INFO [main] org.apache.catalina.core.ApplicationContext.log ContextListener: attributeAdded('StockTicker', 'async.Stockticker@73f506d7')
10-Feb-2022 16:29:07.454 INFO [Thread-2] org.apache.catalina.core.ApplicationContext.log SessionListener: contextDestroyed()
10-Feb-2022 16:29:07.454 INFO [Thread-2] org.apache.catalina.core.ApplicationContext.log ContextListener: contextDestroyed()
10-Feb-2022 16:29:13.615 INFO [main] org.apache.catalina.core.ApplicationContext.log ContextListener: contextInitialized()
10-Feb-2022 16:29:13.615 INFO [main] org.apache.catalina.core.ApplicationContext.log SessionListener: contextInitialized()
10-Feb-2022 16:29:13.616 INFO [main] org.apache.catalina.core.ApplicationContext.log ContextListener: attributeAdded('StockTicker', 'async.Stockticker@73f506d7')
10-Feb-2022 16:30:56.757 INFO [Thread-2] org.apache.catalina.core.ApplicationContext.log SessionListener: contextDestroyed()
10-Feb-2022 16:30:56.757 INFO [Thread-2] org.apache.catalina.core.ApplicationContext.log ContextListener: contextDestroyed()
10-Feb-2022 16:31:02.387 INFO [main] org.apache.catalina.core.ApplicationContext.log ContextListener: contextInitialized()
10-Feb-2022 16:31:02.387 INFO [main] org.apache.catalina.core.ApplicationContext.log SessionListener: contextInitialized()
10-Feb-2022 16:31:02.388 INFO [main] org.apache.catalina.core.ApplicationContext.log ContextListener: attributeAdded('StockTicker', 'async.Stockticker@7e199cec')
10-Feb-2022 16:37:08.382 INFO [Thread-2] org.apache.catalina.core.ApplicationContext.log SessionListener: contextDestroyed()
10-Feb-2022 16:37:08.382 INFO [Thread-2] org.apache.catalina.core.ApplicationContext.log ContextListener: contextDestroyed()
10-Feb-2022 16:37:13.893 INFO [main] org.apache.catalina.core.ApplicationContext.log ContextListener: contextInitialized()
10-Feb-2022 16:37:13.893 INFO [main] org.apache.catalina.core.ApplicationContext.log SessionListener: contextInitialized()
10-Feb-2022 16:37:13.894 INFO [main] org.apache.catalina.core.ApplicationContext.log ContextListener: attributeAdded('StockTicker', 'async.Stockticker@614427b2')
10-Feb-2022 16:39:30.874 INFO [Thread-2] org.apache.catalina.core.ApplicationContext.log SessionListener: contextDestroyed()
10-Feb-2022 16:39:30.874 INFO [Thread-2] org.apache.catalina.core.ApplicationContext.log ContextListener: contextDestroyed()
10-Feb-2022 16:39:36.604 INFO [main] org.apache.catalina.core.ApplicationContext.log ContextListener: contextInitialized()
10-Feb-2022 16:39:36.604 INFO [main] org.apache.catalina.core.ApplicationContext.log SessionListener: contextInitialized()
10-Feb-2022 16:39:36.605 INFO [main] org.apache.catalina.core.ApplicationContext.log ContextListener: attributeAdded('StockTicker', 'async.Stockticker@2bd24c09')
10-Feb-2022 16:51:29.341 INFO [Thread-2] org.apache.catalina.core.ApplicationContext.log SessionListener: contextDestroyed()
10-Feb-2022 16:51:29.341 INFO [Thread-2] org.apache.catalina.core.ApplicationContext.log ContextListener: contextDestroyed()
10-Feb-2022 16:51:47.394 INFO [main] org.apache.catalina.core.ApplicationContext.log ContextListener: contextInitialized()
10-Feb-2022 16:51:47.394 INFO [main] org.apache.catalina.core.ApplicationContext.log SessionListener: contextInitialized()
10-Feb-2022 16:51:47.394 INFO [main] org.apache.catalina.core.ApplicationContext.log ContextListener: attributeAdded('StockTicker', 'async.Stockticker@53a65166')
10-Feb-2022 16:53:55.687 INFO [Thread-2] org.apache.catalina.core.ApplicationContext.log SessionListener: contextDestroyed()
10-Feb-2022 16:53:55.687 INFO [Thread-2] org.apache.catalina.core.ApplicationContext.log ContextListener: contextDestroyed()
10-Feb-2022 16:54:01.424 INFO [main] org.apache.catalina.core.ApplicationContext.log ContextListener: contextInitialized()
10-Feb-2022 16:54:01.424 INFO [main] org.apache.catalina.core.ApplicationContext.log SessionListener: contextInitialized()
10-Feb-2022 16:54:01.425 INFO [main] org.apache.catalina.core.ApplicationContext.log ContextListener: attributeAdded('StockTicker', 'async.Stockticker@73f506d7')
10-Feb-2022 16:54:26.387 INFO [Thread-2] org.apache.catalina.core.ApplicationContext.log SessionListener: contextDestroyed()
10-Feb-2022 16:54:26.388 INFO [Thread-2] org.apache.catalina.core.ApplicationContext.log ContextListener: contextDestroyed()
10-Feb-2022 16:54:33.287 INFO [main] org.apache.catalina.core.ApplicationContext.log ContextListener: contextInitialized()
10-Feb-2022 16:54:33.287 INFO [main] org.apache.catalina.core.ApplicationContext.log SessionListener: contextInitialized()
10-Feb-2022 16:54:33.288 INFO [main] org.apache.catalina.core.ApplicationContext.log ContextListener: attributeAdded('StockTicker', 'async.Stockticker@73f506d7')
10-Feb-2022 16:54:56.570 INFO [Thread-2] org.apache.catalina.core.ApplicationContext.log SessionListener: contextDestroyed()
10-Feb-2022 16:54:56.570 INFO [Thread-2] org.apache.catalina.core.ApplicationContext.log ContextListener: contextDestroyed()
10-Feb-2022 16:55:02.572 INFO [main] org.apache.catalina.core.ApplicationContext.log ContextListener: contextInitialized()
10-Feb-2022 16:55:02.572 INFO [main] org.apache.catalina.core.ApplicationContext.log SessionListener: contextInitialized()
10-Feb-2022 16:55:02.574 INFO [main] org.apache.catalina.core.ApplicationContext.log ContextListener: attributeAdded('StockTicker', 'async.Stockticker@7e199cec')
10-Feb-2022 17:04:47.333 INFO [Thread-2] org.apache.catalina.core.ApplicationContext.log SessionListener: contextDestroyed()
10-Feb-2022 17:04:47.333 INFO [Thread-2] org.apache.catalina.core.ApplicationContext.log ContextListener: contextDestroyed()
10-Feb-2022 17:04:53.558 INFO [main] org.apache.catalina.core.ApplicationContext.log ContextListener: contextInitialized()
10-Feb-2022 17:04:53.558 INFO [main] org.apache.catalina.core.ApplicationContext.log SessionListener: contextInitialized()
10-Feb-2022 17:04:53.559 INFO [main] org.apache.catalina.core.ApplicationContext.log ContextListener: attributeAdded('StockTicker', 'async.Stockticker@500341c4')
10-Feb-2022 17:06:39.674 INFO [Thread-2] org.apache.catalina.core.ApplicationContext.log SessionListener: contextDestroyed()
10-Feb-2022 17:06:39.674 INFO [Thread-2] org.apache.catalina.core.ApplicationContext.log ContextListener: contextDestroyed()
10-Feb-2022 17:06:46.248 INFO [main] org.apache.catalina.core.ApplicationContext.log ContextListener: contextInitialized()
10-Feb-2022 17:06:46.249 INFO [main] org.apache.catalina.core.ApplicationContext.log SessionListener: contextInitialized()
10-Feb-2022 17:06:46.250 INFO [main] org.apache.catalina.core.ApplicationContext.log ContextListener: attributeAdded('StockTicker', 'async.Stockticker@7e199cec')
10-Feb-2022 17:07:31.389 INFO [Thread-2] org.apache.catalina.core.ApplicationContext.log SessionListener: contextDestroyed()
10-Feb-2022 17:07:31.389 INFO [Thread-2] org.apache.catalina.core.ApplicationContext.log ContextListener: contextDestroyed()
10-Feb-2022 17:07:38.793 INFO [main] org.apache.catalina.core.ApplicationContext.log ContextListener: contextInitialized()
10-Feb-2022 17:07:38.793 INFO [main] org.apache.catalina.core.ApplicationContext.log SessionListener: contextInitialized()
10-Feb-2022 17:07:38.796 INFO [main] org.apache.catalina.core.ApplicationContext.log ContextListener: attributeAdded('StockTicker', 'async.Stockticker@73f506d7')
10-Feb-2022 17:08:34.136 INFO [Thread-2] org.apache.catalina.core.ApplicationContext.log SessionListener: contextDestroyed()
10-Feb-2022 17:08:34.136 INFO [Thread-2] org.apache.catalina.core.ApplicationContext.log ContextListener: contextDestroyed()
