14-Feb-2022 11:14:19.072 INFO [main] org.apache.catalina.core.ApplicationContext.log ContextListener: contextInitialized()
14-Feb-2022 11:14:19.072 INFO [main] org.apache.catalina.core.ApplicationContext.log SessionListener: contextInitialized()
14-Feb-2022 11:14:19.073 INFO [main] org.apache.catalina.core.ApplicationContext.log ContextListener: attributeAdded('StockTicker', 'async.Stockticker@46f32536')
14-Feb-2022 11:18:16.453 INFO [Thread-2] org.apache.catalina.core.ApplicationContext.log SessionListener: contextDestroyed()
14-Feb-2022 11:18:16.453 INFO [Thread-2] org.apache.catalina.core.ApplicationContext.log ContextListener: contextDestroyed()
14-Feb-2022 11:18:24.703 INFO [main] org.apache.catalina.core.ApplicationContext.log ContextListener: contextInitialized()
14-Feb-2022 11:18:24.703 INFO [main] org.apache.catalina.core.ApplicationContext.log SessionListener: contextInitialized()
14-Feb-2022 11:18:24.704 INFO [main] org.apache.catalina.core.ApplicationContext.log ContextListener: attributeAdded('StockTicker', 'async.Stockticker@36cc6055')
14-Feb-2022 11:22:53.398 INFO [Thread-2] org.apache.catalina.core.ApplicationContext.log SessionListener: contextDestroyed()
14-Feb-2022 11:22:53.398 INFO [Thread-2] org.apache.catalina.core.ApplicationContext.log ContextListener: contextDestroyed()
14-Feb-2022 11:22:59.309 INFO [main] org.apache.catalina.core.ApplicationContext.log ContextListener: contextInitialized()
14-Feb-2022 11:22:59.309 INFO [main] org.apache.catalina.core.ApplicationContext.log SessionListener: contextInitialized()
14-Feb-2022 11:22:59.311 INFO [main] org.apache.catalina.core.ApplicationContext.log ContextListener: attributeAdded('StockTicker', 'async.Stockticker@7452e4ec')
14-Feb-2022 11:24:25.161 INFO [Thread-2] org.apache.catalina.core.ApplicationContext.log SessionListener: contextDestroyed()
14-Feb-2022 11:24:25.161 INFO [Thread-2] org.apache.catalina.core.ApplicationContext.log ContextListener: contextDestroyed()
14-Feb-2022 11:24:31.376 INFO [main] org.apache.catalina.core.ApplicationContext.log ContextListener: contextInitialized()
14-Feb-2022 11:24:31.376 INFO [main] org.apache.catalina.core.ApplicationContext.log SessionListener: contextInitialized()
14-Feb-2022 11:24:31.378 INFO [main] org.apache.catalina.core.ApplicationContext.log ContextListener: attributeAdded('StockTicker', 'async.Stockticker@7452e4ec')
14-Feb-2022 11:26:10.555 INFO [Thread-2] org.apache.catalina.core.ApplicationContext.log SessionListener: contextDestroyed()
14-Feb-2022 11:26:10.555 INFO [Thread-2] org.apache.catalina.core.ApplicationContext.log ContextListener: contextDestroyed()
14-Feb-2022 11:26:16.510 INFO [main] org.apache.catalina.core.ApplicationContext.log ContextListener: contextInitialized()
14-Feb-2022 11:26:16.510 INFO [main] org.apache.catalina.core.ApplicationContext.log SessionListener: contextInitialized()
14-Feb-2022 11:26:16.512 INFO [main] org.apache.catalina.core.ApplicationContext.log ContextListener: attributeAdded('StockTicker', 'async.Stockticker@6cd7d05')
14-Feb-2022 11:26:54.002 INFO [Thread-2] org.apache.catalina.core.ApplicationContext.log SessionListener: contextDestroyed()
14-Feb-2022 11:26:54.002 INFO [Thread-2] org.apache.catalina.core.ApplicationContext.log ContextListener: contextDestroyed()
14-Feb-2022 11:27:00.533 INFO [main] org.apache.catalina.core.ApplicationContext.log ContextListener: contextInitialized()
14-Feb-2022 11:27:00.533 INFO [main] org.apache.catalina.core.ApplicationContext.log SessionListener: contextInitialized()
14-Feb-2022 11:27:00.535 INFO [main] org.apache.catalina.core.ApplicationContext.log ContextListener: attributeAdded('StockTicker', 'async.Stockticker@785dbe3a')
14-Feb-2022 11:27:31.853 INFO [Thread-2] org.apache.catalina.core.ApplicationContext.log SessionListener: contextDestroyed()
14-Feb-2022 11:27:31.853 INFO [Thread-2] org.apache.catalina.core.ApplicationContext.log ContextListener: contextDestroyed()
14-Feb-2022 11:27:38.306 INFO [main] org.apache.catalina.core.ApplicationContext.log ContextListener: contextInitialized()
14-Feb-2022 11:27:38.307 INFO [main] org.apache.catalina.core.ApplicationContext.log SessionListener: contextInitialized()
14-Feb-2022 11:27:38.308 INFO [main] org.apache.catalina.core.ApplicationContext.log ContextListener: attributeAdded('StockTicker', 'async.Stockticker@785dbe3a')
14-Feb-2022 11:28:14.751 INFO [Thread-2] org.apache.catalina.core.ApplicationContext.log SessionListener: contextDestroyed()
14-Feb-2022 11:28:14.751 INFO [Thread-2] org.apache.catalina.core.ApplicationContext.log ContextListener: contextDestroyed()
14-Feb-2022 11:28:20.634 INFO [main] org.apache.catalina.core.ApplicationContext.log ContextListener: contextInitialized()
14-Feb-2022 11:28:20.634 INFO [main] org.apache.catalina.core.ApplicationContext.log SessionListener: contextInitialized()
14-Feb-2022 11:28:20.635 INFO [main] org.apache.catalina.core.ApplicationContext.log ContextListener: attributeAdded('StockTicker', 'async.Stockticker@2a654f27')
14-Feb-2022 11:50:37.389 INFO [Thread-2] org.apache.catalina.core.ApplicationContext.log SessionListener: contextDestroyed()
14-Feb-2022 11:50:37.389 INFO [Thread-2] org.apache.catalina.core.ApplicationContext.log ContextListener: contextDestroyed()
14-Feb-2022 11:50:43.775 INFO [main] org.apache.catalina.core.ApplicationContext.log ContextListener: contextInitialized()
14-Feb-2022 11:50:43.775 INFO [main] org.apache.catalina.core.ApplicationContext.log SessionListener: contextInitialized()
14-Feb-2022 11:50:43.777 INFO [main] org.apache.catalina.core.ApplicationContext.log ContextListener: attributeAdded('StockTicker', 'async.Stockticker@6cd7d05')
14-Feb-2022 11:57:42.432 INFO [Thread-2] org.apache.catalina.core.ApplicationContext.log SessionListener: contextDestroyed()
14-Feb-2022 11:57:42.432 INFO [Thread-2] org.apache.catalina.core.ApplicationContext.log ContextListener: contextDestroyed()
14-Feb-2022 15:52:20.881 INFO [main] org.apache.catalina.core.ApplicationContext.log ContextListener: contextInitialized()
14-Feb-2022 15:52:20.882 INFO [main] org.apache.catalina.core.ApplicationContext.log SessionListener: contextInitialized()
14-Feb-2022 15:52:20.883 INFO [main] org.apache.catalina.core.ApplicationContext.log ContextListener: attributeAdded('StockTicker', 'async.Stockticker@3ee39a1c')
14-Feb-2022 15:57:10.225 INFO [Thread-2] org.apache.catalina.core.ApplicationContext.log SessionListener: contextDestroyed()
14-Feb-2022 15:57:10.225 INFO [Thread-2] org.apache.catalina.core.ApplicationContext.log ContextListener: contextDestroyed()
14-Feb-2022 20:35:24.397 INFO [main] org.apache.catalina.core.ApplicationContext.log ContextListener: contextInitialized()
14-Feb-2022 20:35:24.397 INFO [main] org.apache.catalina.core.ApplicationContext.log SessionListener: contextInitialized()
14-Feb-2022 20:35:24.398 INFO [main] org.apache.catalina.core.ApplicationContext.log ContextListener: attributeAdded('StockTicker', 'async.Stockticker@9e7d82e')
14-Feb-2022 20:37:13.231 INFO [Thread-2] org.apache.catalina.core.ApplicationContext.log SessionListener: contextDestroyed()
14-Feb-2022 20:37:13.231 INFO [Thread-2] org.apache.catalina.core.ApplicationContext.log ContextListener: contextDestroyed()
14-Feb-2022 20:44:39.635 INFO [main] org.apache.catalina.core.ApplicationContext.log ContextListener: contextInitialized()
14-Feb-2022 20:44:39.636 INFO [main] org.apache.catalina.core.ApplicationContext.log SessionListener: contextInitialized()
14-Feb-2022 20:44:39.637 INFO [main] org.apache.catalina.core.ApplicationContext.log ContextListener: attributeAdded('StockTicker', 'async.Stockticker@649df002')
14-Feb-2022 20:46:52.101 INFO [Thread-2] org.apache.catalina.core.ApplicationContext.log SessionListener: contextDestroyed()
14-Feb-2022 20:46:52.101 INFO [Thread-2] org.apache.catalina.core.ApplicationContext.log ContextListener: contextDestroyed()
14-Feb-2022 20:47:00.857 INFO [main] org.apache.catalina.core.ApplicationContext.log ContextListener: contextInitialized()
14-Feb-2022 20:47:00.857 INFO [main] org.apache.catalina.core.ApplicationContext.log SessionListener: contextInitialized()
14-Feb-2022 20:47:00.858 INFO [main] org.apache.catalina.core.ApplicationContext.log ContextListener: attributeAdded('StockTicker', 'async.Stockticker@7e199cec')
14-Feb-2022 20:47:38.109 INFO [Thread-2] org.apache.catalina.core.ApplicationContext.log SessionListener: contextDestroyed()
14-Feb-2022 20:47:38.110 INFO [Thread-2] org.apache.catalina.core.ApplicationContext.log ContextListener: contextDestroyed()
14-Feb-2022 20:51:58.005 INFO [main] org.apache.catalina.core.ApplicationContext.log ContextListener: contextInitialized()
14-Feb-2022 20:51:58.005 INFO [main] org.apache.catalina.core.ApplicationContext.log SessionListener: contextInitialized()
14-Feb-2022 20:51:58.006 INFO [main] org.apache.catalina.core.ApplicationContext.log ContextListener: attributeAdded('StockTicker', 'async.Stockticker@7452e4ec')
14-Feb-2022 20:52:53.672 INFO [Thread-2] org.apache.catalina.core.ApplicationContext.log SessionListener: contextDestroyed()
14-Feb-2022 20:52:53.672 INFO [Thread-2] org.apache.catalina.core.ApplicationContext.log ContextListener: contextDestroyed()
14-Feb-2022 20:53:04.161 INFO [main] org.apache.catalina.core.ApplicationContext.log ContextListener: contextInitialized()
14-Feb-2022 20:53:04.161 INFO [main] org.apache.catalina.core.ApplicationContext.log SessionListener: contextInitialized()
14-Feb-2022 20:53:04.162 INFO [main] org.apache.catalina.core.ApplicationContext.log ContextListener: attributeAdded('StockTicker', 'async.Stockticker@9e7d82e')
14-Feb-2022 20:55:35.296 INFO [Thread-2] org.apache.catalina.core.ApplicationContext.log SessionListener: contextDestroyed()
14-Feb-2022 20:55:35.296 INFO [Thread-2] org.apache.catalina.core.ApplicationContext.log ContextListener: contextDestroyed()
14-Feb-2022 20:55:43.880 INFO [main] org.apache.catalina.core.ApplicationContext.log ContextListener: contextInitialized()
14-Feb-2022 20:55:43.880 INFO [main] org.apache.catalina.core.ApplicationContext.log SessionListener: contextInitialized()
14-Feb-2022 20:55:43.881 INFO [main] org.apache.catalina.core.ApplicationContext.log ContextListener: attributeAdded('StockTicker', 'async.Stockticker@9e7d82e')
14-Feb-2022 20:55:56.570 INFO [Thread-2] org.apache.catalina.core.ApplicationContext.log SessionListener: contextDestroyed()
14-Feb-2022 20:55:56.570 INFO [Thread-2] org.apache.catalina.core.ApplicationContext.log ContextListener: contextDestroyed()
14-Feb-2022 20:56:07.557 INFO [main] org.apache.catalina.core.ApplicationContext.log ContextListener: contextInitialized()
14-Feb-2022 20:56:07.557 INFO [main] org.apache.catalina.core.ApplicationContext.log SessionListener: contextInitialized()
14-Feb-2022 20:56:07.558 INFO [main] org.apache.catalina.core.ApplicationContext.log ContextListener: attributeAdded('StockTicker', 'async.Stockticker@28b5cee')
14-Feb-2022 20:57:19.922 INFO [Thread-2] org.apache.catalina.core.ApplicationContext.log SessionListener: contextDestroyed()
14-Feb-2022 20:57:19.922 INFO [Thread-2] org.apache.catalina.core.ApplicationContext.log ContextListener: contextDestroyed()
