08-Feb-2022 08:37:34.252 INFO [main] org.apache.catalina.core.ApplicationContext.log ContextListener: contextInitialized()
08-Feb-2022 08:37:34.252 INFO [main] org.apache.catalina.core.ApplicationContext.log SessionListener: contextInitialized()
08-Feb-2022 08:37:34.253 INFO [main] org.apache.catalina.core.ApplicationContext.log ContextListener: attributeAdded('StockTicker', 'async.Stockticker@2a654f27')
08-Feb-2022 08:43:09.020 INFO [Thread-2] org.apache.catalina.core.ApplicationContext.log SessionListener: contextDestroyed()
08-Feb-2022 08:43:09.020 INFO [Thread-2] org.apache.catalina.core.ApplicationContext.log ContextListener: contextDestroyed()
08-Feb-2022 08:43:13.964 INFO [main] org.apache.catalina.core.ApplicationContext.log ContextListener: contextInitialized()
08-Feb-2022 08:43:13.964 INFO [main] org.apache.catalina.core.ApplicationContext.log SessionListener: contextInitialized()
08-Feb-2022 08:43:13.966 INFO [main] org.apache.catalina.core.ApplicationContext.log ContextListener: attributeAdded('StockTicker', 'async.Stockticker@4746d52d')
08-Feb-2022 08:44:36.195 INFO [Thread-2] org.apache.catalina.core.ApplicationContext.log SessionListener: contextDestroyed()
08-Feb-2022 08:44:36.195 INFO [Thread-2] org.apache.catalina.core.ApplicationContext.log ContextListener: contextDestroyed()
08-Feb-2022 08:45:03.572 INFO [main] org.apache.catalina.core.ApplicationContext.log ContextListener: contextInitialized()
08-Feb-2022 08:45:03.573 INFO [main] org.apache.catalina.core.ApplicationContext.log SessionListener: contextInitialized()
08-Feb-2022 08:45:03.573 INFO [main] org.apache.catalina.core.ApplicationContext.log ContextListener: attributeAdded('StockTicker', 'async.Stockticker@500341c4')
08-Feb-2022 08:46:27.396 INFO [Thread-2] org.apache.catalina.core.ApplicationContext.log SessionListener: contextDestroyed()
08-Feb-2022 08:46:27.396 INFO [Thread-2] org.apache.catalina.core.ApplicationContext.log ContextListener: contextDestroyed()
08-Feb-2022 08:46:32.551 INFO [main] org.apache.catalina.core.ApplicationContext.log ContextListener: contextInitialized()
08-Feb-2022 08:46:32.551 INFO [main] org.apache.catalina.core.ApplicationContext.log SessionListener: contextInitialized()
08-Feb-2022 08:46:32.552 INFO [main] org.apache.catalina.core.ApplicationContext.log ContextListener: attributeAdded('StockTicker', 'async.Stockticker@500341c4')
08-Feb-2022 08:47:25.726 INFO [Thread-2] org.apache.catalina.core.ApplicationContext.log SessionListener: contextDestroyed()
08-Feb-2022 08:47:25.727 INFO [Thread-2] org.apache.catalina.core.ApplicationContext.log ContextListener: contextDestroyed()
08-Feb-2022 08:47:30.799 INFO [main] org.apache.catalina.core.ApplicationContext.log ContextListener: contextInitialized()
08-Feb-2022 08:47:30.799 INFO [main] org.apache.catalina.core.ApplicationContext.log SessionListener: contextInitialized()
08-Feb-2022 08:47:30.801 INFO [main] org.apache.catalina.core.ApplicationContext.log ContextListener: attributeAdded('StockTicker', 'async.Stockticker@5ae68d0e')
08-Feb-2022 08:49:23.468 INFO [Thread-2] org.apache.catalina.core.ApplicationContext.log SessionListener: contextDestroyed()
08-Feb-2022 08:49:23.468 INFO [Thread-2] org.apache.catalina.core.ApplicationContext.log ContextListener: contextDestroyed()
08-Feb-2022 08:49:28.208 INFO [main] org.apache.catalina.core.ApplicationContext.log ContextListener: contextInitialized()
08-Feb-2022 08:49:28.208 INFO [main] org.apache.catalina.core.ApplicationContext.log SessionListener: contextInitialized()
08-Feb-2022 08:49:28.208 INFO [main] org.apache.catalina.core.ApplicationContext.log ContextListener: attributeAdded('StockTicker', 'async.Stockticker@50d507ab')
08-Feb-2022 09:00:09.731 INFO [Thread-2] org.apache.catalina.core.ApplicationContext.log SessionListener: contextDestroyed()
08-Feb-2022 09:00:09.731 INFO [Thread-2] org.apache.catalina.core.ApplicationContext.log ContextListener: contextDestroyed()
08-Feb-2022 09:00:14.509 INFO [main] org.apache.catalina.core.ApplicationContext.log ContextListener: contextInitialized()
08-Feb-2022 09:00:14.509 INFO [main] org.apache.catalina.core.ApplicationContext.log SessionListener: contextInitialized()
08-Feb-2022 09:00:14.510 INFO [main] org.apache.catalina.core.ApplicationContext.log ContextListener: attributeAdded('StockTicker', 'async.Stockticker@2bd24c09')
08-Feb-2022 09:02:17.235 INFO [Thread-2] org.apache.catalina.core.ApplicationContext.log SessionListener: contextDestroyed()
08-Feb-2022 09:02:17.235 INFO [Thread-2] org.apache.catalina.core.ApplicationContext.log ContextListener: contextDestroyed()
08-Feb-2022 09:02:22.429 INFO [main] org.apache.catalina.core.ApplicationContext.log ContextListener: contextInitialized()
08-Feb-2022 09:02:22.429 INFO [main] org.apache.catalina.core.ApplicationContext.log SessionListener: contextInitialized()
08-Feb-2022 09:02:22.430 INFO [main] org.apache.catalina.core.ApplicationContext.log ContextListener: attributeAdded('StockTicker', 'async.Stockticker@2bd24c09')
08-Feb-2022 09:03:10.449 INFO [Thread-2] org.apache.catalina.core.ApplicationContext.log SessionListener: contextDestroyed()
08-Feb-2022 09:03:10.449 INFO [Thread-2] org.apache.catalina.core.ApplicationContext.log ContextListener: contextDestroyed()
08-Feb-2022 09:03:15.215 INFO [main] org.apache.catalina.core.ApplicationContext.log ContextListener: contextInitialized()
08-Feb-2022 09:03:15.215 INFO [main] org.apache.catalina.core.ApplicationContext.log SessionListener: contextInitialized()
08-Feb-2022 09:03:15.216 INFO [main] org.apache.catalina.core.ApplicationContext.log ContextListener: attributeAdded('StockTicker', 'async.Stockticker@2bd24c09')
08-Feb-2022 09:05:12.037 INFO [Thread-2] org.apache.catalina.core.ApplicationContext.log SessionListener: contextDestroyed()
08-Feb-2022 09:05:12.037 INFO [Thread-2] org.apache.catalina.core.ApplicationContext.log ContextListener: contextDestroyed()
08-Feb-2022 09:05:18.131 INFO [main] org.apache.catalina.core.ApplicationContext.log ContextListener: contextInitialized()
08-Feb-2022 09:05:18.131 INFO [main] org.apache.catalina.core.ApplicationContext.log SessionListener: contextInitialized()
08-Feb-2022 09:05:18.133 INFO [main] org.apache.catalina.core.ApplicationContext.log ContextListener: attributeAdded('StockTicker', 'async.Stockticker@58230224')
08-Feb-2022 09:13:37.703 INFO [Thread-2] org.apache.catalina.core.ApplicationContext.log SessionListener: contextDestroyed()
08-Feb-2022 09:13:37.703 INFO [Thread-2] org.apache.catalina.core.ApplicationContext.log ContextListener: contextDestroyed()
08-Feb-2022 09:13:43.187 INFO [main] org.apache.catalina.core.ApplicationContext.log ContextListener: contextInitialized()
08-Feb-2022 09:13:43.187 INFO [main] org.apache.catalina.core.ApplicationContext.log SessionListener: contextInitialized()
08-Feb-2022 09:13:43.189 INFO [main] org.apache.catalina.core.ApplicationContext.log ContextListener: attributeAdded('StockTicker', 'async.Stockticker@500341c4')
08-Feb-2022 09:14:42.812 INFO [Thread-2] org.apache.catalina.core.ApplicationContext.log SessionListener: contextDestroyed()
08-Feb-2022 09:14:42.812 INFO [Thread-2] org.apache.catalina.core.ApplicationContext.log ContextListener: contextDestroyed()
08-Feb-2022 09:14:48.238 INFO [main] org.apache.catalina.core.ApplicationContext.log ContextListener: contextInitialized()
08-Feb-2022 09:14:48.238 INFO [main] org.apache.catalina.core.ApplicationContext.log SessionListener: contextInitialized()
08-Feb-2022 09:14:48.239 INFO [main] org.apache.catalina.core.ApplicationContext.log ContextListener: attributeAdded('StockTicker', 'async.Stockticker@2bd24c09')
08-Feb-2022 09:17:51.607 INFO [Thread-2] org.apache.catalina.core.ApplicationContext.log SessionListener: contextDestroyed()
08-Feb-2022 09:17:51.607 INFO [Thread-2] org.apache.catalina.core.ApplicationContext.log ContextListener: contextDestroyed()
08-Feb-2022 09:17:56.567 INFO [main] org.apache.catalina.core.ApplicationContext.log ContextListener: contextInitialized()
08-Feb-2022 09:17:56.567 INFO [main] org.apache.catalina.core.ApplicationContext.log SessionListener: contextInitialized()
08-Feb-2022 09:17:56.568 INFO [main] org.apache.catalina.core.ApplicationContext.log ContextListener: attributeAdded('StockTicker', 'async.Stockticker@2bd24c09')
08-Feb-2022 09:19:03.656 INFO [Thread-2] org.apache.catalina.core.ApplicationContext.log SessionListener: contextDestroyed()
08-Feb-2022 09:19:03.656 INFO [Thread-2] org.apache.catalina.core.ApplicationContext.log ContextListener: contextDestroyed()
08-Feb-2022 09:19:08.723 INFO [main] org.apache.catalina.core.ApplicationContext.log ContextListener: contextInitialized()
08-Feb-2022 09:19:08.723 INFO [main] org.apache.catalina.core.ApplicationContext.log SessionListener: contextInitialized()
08-Feb-2022 09:19:08.724 INFO [main] org.apache.catalina.core.ApplicationContext.log ContextListener: attributeAdded('StockTicker', 'async.Stockticker@252d690')
08-Feb-2022 09:21:48.590 INFO [Thread-2] org.apache.catalina.core.ApplicationContext.log SessionListener: contextDestroyed()
08-Feb-2022 09:21:48.590 INFO [Thread-2] org.apache.catalina.core.ApplicationContext.log ContextListener: contextDestroyed()
08-Feb-2022 09:21:54.136 INFO [main] org.apache.catalina.core.ApplicationContext.log ContextListener: contextInitialized()
08-Feb-2022 09:21:54.137 INFO [main] org.apache.catalina.core.ApplicationContext.log SessionListener: contextInitialized()
08-Feb-2022 09:21:54.138 INFO [main] org.apache.catalina.core.ApplicationContext.log ContextListener: attributeAdded('StockTicker', 'async.Stockticker@583f6270')
08-Feb-2022 09:57:23.279 INFO [Thread-2] org.apache.catalina.core.ApplicationContext.log SessionListener: contextDestroyed()
08-Feb-2022 09:57:23.279 INFO [Thread-2] org.apache.catalina.core.ApplicationContext.log ContextListener: contextDestroyed()
08-Feb-2022 09:57:28.741 INFO [main] org.apache.catalina.core.ApplicationContext.log ContextListener: contextInitialized()
08-Feb-2022 09:57:28.741 INFO [main] org.apache.catalina.core.ApplicationContext.log SessionListener: contextInitialized()
08-Feb-2022 09:57:28.742 INFO [main] org.apache.catalina.core.ApplicationContext.log ContextListener: attributeAdded('StockTicker', 'async.Stockticker@5b95a754')
08-Feb-2022 09:59:05.130 INFO [Thread-2] org.apache.catalina.core.ApplicationContext.log SessionListener: contextDestroyed()
08-Feb-2022 09:59:05.130 INFO [Thread-2] org.apache.catalina.core.ApplicationContext.log ContextListener: contextDestroyed()
08-Feb-2022 09:59:10.416 INFO [main] org.apache.catalina.core.ApplicationContext.log ContextListener: contextInitialized()
08-Feb-2022 09:59:10.416 INFO [main] org.apache.catalina.core.ApplicationContext.log SessionListener: contextInitialized()
08-Feb-2022 09:59:10.417 INFO [main] org.apache.catalina.core.ApplicationContext.log ContextListener: attributeAdded('StockTicker', 'async.Stockticker@5d965dbd')
08-Feb-2022 09:59:21.174 SEVERE [http-nio-8080-exec-8] org.apache.catalina.core.StandardWrapperValve.invoke Servlet.service() para servlet [Editar] lanzó excepción
	java.lang.NullPointerException: Cannot invoke "String.equals(Object)" because the return value of "javax.servlet.http.HttpServletRequest.getParameter(String)" is null
		at musicToMuch.Editar.doPost(Editar.java:38)
		at javax.servlet.http.HttpServlet.service(HttpServlet.java:681)
		at javax.servlet.http.HttpServlet.service(HttpServlet.java:764)
		at org.apache.catalina.core.ApplicationFilterChain.internalDoFilter(ApplicationFilterChain.java:227)
		at org.apache.catalina.core.ApplicationFilterChain.doFilter(ApplicationFilterChain.java:162)
		at org.apache.tomcat.websocket.server.WsFilter.doFilter(WsFilter.java:53)
		at org.apache.catalina.core.ApplicationFilterChain.internalDoFilter(ApplicationFilterChain.java:189)
		at org.apache.catalina.core.ApplicationFilterChain.doFilter(ApplicationFilterChain.java:162)
		at org.apache.catalina.core.StandardWrapperValve.invoke(StandardWrapperValve.java:197)
		at org.apache.catalina.core.StandardContextValve.invoke(StandardContextValve.java:97)
		at org.apache.catalina.authenticator.AuthenticatorBase.invoke(AuthenticatorBase.java:540)
		at org.apache.catalina.core.StandardHostValve.invoke(StandardHostValve.java:135)
		at org.apache.catalina.valves.ErrorReportValve.invoke(ErrorReportValve.java:92)
		at org.apache.catalina.valves.AbstractAccessLogValve.invoke(AbstractAccessLogValve.java:687)
		at org.apache.catalina.core.StandardEngineValve.invoke(StandardEngineValve.java:78)
		at org.apache.catalina.connector.CoyoteAdapter.service(CoyoteAdapter.java:357)
		at org.apache.coyote.http11.Http11Processor.service(Http11Processor.java:382)
		at org.apache.coyote.AbstractProcessorLight.process(AbstractProcessorLight.java:65)
		at org.apache.coyote.AbstractProtocol$ConnectionHandler.process(AbstractProtocol.java:895)
		at org.apache.tomcat.util.net.NioEndpoint$SocketProcessor.doRun(NioEndpoint.java:1732)
		at org.apache.tomcat.util.net.SocketProcessorBase.run(SocketProcessorBase.java:49)
		at org.apache.tomcat.util.threads.ThreadPoolExecutor.runWorker(ThreadPoolExecutor.java:1191)
		at org.apache.tomcat.util.threads.ThreadPoolExecutor$Worker.run(ThreadPoolExecutor.java:659)
		at org.apache.tomcat.util.threads.TaskThread$WrappingRunnable.run(TaskThread.java:61)
		at java.base/java.lang.Thread.run(Thread.java:833)
08-Feb-2022 10:00:18.066 INFO [Thread-2] org.apache.catalina.core.ApplicationContext.log SessionListener: contextDestroyed()
08-Feb-2022 10:00:18.066 INFO [Thread-2] org.apache.catalina.core.ApplicationContext.log ContextListener: contextDestroyed()
08-Feb-2022 10:00:23.102 INFO [main] org.apache.catalina.core.ApplicationContext.log ContextListener: contextInitialized()
08-Feb-2022 10:00:23.102 INFO [main] org.apache.catalina.core.ApplicationContext.log SessionListener: contextInitialized()
08-Feb-2022 10:00:23.103 INFO [main] org.apache.catalina.core.ApplicationContext.log ContextListener: attributeAdded('StockTicker', 'async.Stockticker@785dbe3a')
08-Feb-2022 10:00:40.468 SEVERE [http-nio-8080-exec-7] org.apache.catalina.core.StandardWrapperValve.invoke Servlet.service() para servlet [Editar] lanzó excepción
	java.lang.NumberFormatException: Cannot parse null string
		at java.base/java.lang.Integer.parseInt(Integer.java:630)
		at java.base/java.lang.Integer.parseInt(Integer.java:786)
		at musicToMuch.Editar.updateEntrada(Editar.java:121)
		at musicToMuch.Editar.doPost(Editar.java:40)
		at javax.servlet.http.HttpServlet.service(HttpServlet.java:681)
		at javax.servlet.http.HttpServlet.service(HttpServlet.java:764)
		at org.apache.catalina.core.ApplicationFilterChain.internalDoFilter(ApplicationFilterChain.java:227)
		at org.apache.catalina.core.ApplicationFilterChain.doFilter(ApplicationFilterChain.java:162)
		at org.apache.tomcat.websocket.server.WsFilter.doFilter(WsFilter.java:53)
		at org.apache.catalina.core.ApplicationFilterChain.internalDoFilter(ApplicationFilterChain.java:189)
		at org.apache.catalina.core.ApplicationFilterChain.doFilter(ApplicationFilterChain.java:162)
		at org.apache.catalina.core.StandardWrapperValve.invoke(StandardWrapperValve.java:197)
		at org.apache.catalina.core.StandardContextValve.invoke(StandardContextValve.java:97)
		at org.apache.catalina.authenticator.AuthenticatorBase.invoke(AuthenticatorBase.java:540)
		at org.apache.catalina.core.StandardHostValve.invoke(StandardHostValve.java:135)
		at org.apache.catalina.valves.ErrorReportValve.invoke(ErrorReportValve.java:92)
		at org.apache.catalina.valves.AbstractAccessLogValve.invoke(AbstractAccessLogValve.java:687)
		at org.apache.catalina.core.StandardEngineValve.invoke(StandardEngineValve.java:78)
		at org.apache.catalina.connector.CoyoteAdapter.service(CoyoteAdapter.java:357)
		at org.apache.coyote.http11.Http11Processor.service(Http11Processor.java:382)
		at org.apache.coyote.AbstractProcessorLight.process(AbstractProcessorLight.java:65)
		at org.apache.coyote.AbstractProtocol$ConnectionHandler.process(AbstractProtocol.java:895)
		at org.apache.tomcat.util.net.NioEndpoint$SocketProcessor.doRun(NioEndpoint.java:1732)
		at org.apache.tomcat.util.net.SocketProcessorBase.run(SocketProcessorBase.java:49)
		at org.apache.tomcat.util.threads.ThreadPoolExecutor.runWorker(ThreadPoolExecutor.java:1191)
		at org.apache.tomcat.util.threads.ThreadPoolExecutor$Worker.run(ThreadPoolExecutor.java:659)
		at org.apache.tomcat.util.threads.TaskThread$WrappingRunnable.run(TaskThread.java:61)
		at java.base/java.lang.Thread.run(Thread.java:833)
08-Feb-2022 10:01:57.793 INFO [Thread-2] org.apache.catalina.core.ApplicationContext.log SessionListener: contextDestroyed()
08-Feb-2022 10:01:57.793 INFO [Thread-2] org.apache.catalina.core.ApplicationContext.log ContextListener: contextDestroyed()
08-Feb-2022 10:02:03.464 INFO [main] org.apache.catalina.core.ApplicationContext.log ContextListener: contextInitialized()
08-Feb-2022 10:02:03.464 INFO [main] org.apache.catalina.core.ApplicationContext.log SessionListener: contextInitialized()
08-Feb-2022 10:02:03.465 INFO [main] org.apache.catalina.core.ApplicationContext.log ContextListener: attributeAdded('StockTicker', 'async.Stockticker@58230224')
08-Feb-2022 10:04:36.857 INFO [Thread-2] org.apache.catalina.core.ApplicationContext.log SessionListener: contextDestroyed()
08-Feb-2022 10:04:36.857 INFO [Thread-2] org.apache.catalina.core.ApplicationContext.log ContextListener: contextDestroyed()
08-Feb-2022 10:04:42.254 INFO [main] org.apache.catalina.core.ApplicationContext.log ContextListener: contextInitialized()
08-Feb-2022 10:04:42.254 INFO [main] org.apache.catalina.core.ApplicationContext.log SessionListener: contextInitialized()
08-Feb-2022 10:04:42.255 INFO [main] org.apache.catalina.core.ApplicationContext.log ContextListener: attributeAdded('StockTicker', 'async.Stockticker@5d965dbd')
08-Feb-2022 10:14:00.028 INFO [Thread-2] org.apache.catalina.core.ApplicationContext.log SessionListener: contextDestroyed()
08-Feb-2022 10:14:00.028 INFO [Thread-2] org.apache.catalina.core.ApplicationContext.log ContextListener: contextDestroyed()
08-Feb-2022 10:14:09.291 INFO [main] org.apache.catalina.core.ApplicationContext.log ContextListener: contextInitialized()
08-Feb-2022 10:14:09.291 INFO [main] org.apache.catalina.core.ApplicationContext.log SessionListener: contextInitialized()
08-Feb-2022 10:14:09.292 INFO [main] org.apache.catalina.core.ApplicationContext.log ContextListener: attributeAdded('StockTicker', 'async.Stockticker@50d507ab')
08-Feb-2022 10:22:35.481 INFO [Thread-2] org.apache.catalina.core.ApplicationContext.log SessionListener: contextDestroyed()
08-Feb-2022 10:22:35.481 INFO [Thread-2] org.apache.catalina.core.ApplicationContext.log ContextListener: contextDestroyed()
08-Feb-2022 10:22:40.745 INFO [main] org.apache.catalina.core.ApplicationContext.log ContextListener: contextInitialized()
08-Feb-2022 10:22:40.746 INFO [main] org.apache.catalina.core.ApplicationContext.log SessionListener: contextInitialized()
08-Feb-2022 10:22:40.747 INFO [main] org.apache.catalina.core.ApplicationContext.log ContextListener: attributeAdded('StockTicker', 'async.Stockticker@58230224')
08-Feb-2022 10:23:19.019 INFO [Thread-2] org.apache.catalina.core.ApplicationContext.log SessionListener: contextDestroyed()
08-Feb-2022 10:23:19.020 INFO [Thread-2] org.apache.catalina.core.ApplicationContext.log ContextListener: contextDestroyed()
08-Feb-2022 10:23:26.978 INFO [main] org.apache.catalina.core.ApplicationContext.log ContextListener: contextInitialized()
08-Feb-2022 10:23:26.978 INFO [main] org.apache.catalina.core.ApplicationContext.log SessionListener: contextInitialized()
08-Feb-2022 10:23:26.980 INFO [main] org.apache.catalina.core.ApplicationContext.log ContextListener: attributeAdded('StockTicker', 'async.Stockticker@2bd24c09')
08-Feb-2022 10:27:04.610 INFO [Thread-2] org.apache.catalina.core.ApplicationContext.log SessionListener: contextDestroyed()
08-Feb-2022 10:27:04.610 INFO [Thread-2] org.apache.catalina.core.ApplicationContext.log ContextListener: contextDestroyed()
08-Feb-2022 10:27:10.291 INFO [main] org.apache.catalina.core.ApplicationContext.log ContextListener: contextInitialized()
08-Feb-2022 10:27:10.291 INFO [main] org.apache.catalina.core.ApplicationContext.log SessionListener: contextInitialized()
08-Feb-2022 10:27:10.292 INFO [main] org.apache.catalina.core.ApplicationContext.log ContextListener: attributeAdded('StockTicker', 'async.Stockticker@2bd24c09')
08-Feb-2022 10:28:19.353 INFO [Thread-2] org.apache.catalina.core.ApplicationContext.log SessionListener: contextDestroyed()
08-Feb-2022 10:28:19.353 INFO [Thread-2] org.apache.catalina.core.ApplicationContext.log ContextListener: contextDestroyed()
08-Feb-2022 10:28:24.527 INFO [main] org.apache.catalina.core.ApplicationContext.log ContextListener: contextInitialized()
08-Feb-2022 10:28:24.527 INFO [main] org.apache.catalina.core.ApplicationContext.log SessionListener: contextInitialized()
08-Feb-2022 10:28:24.528 INFO [main] org.apache.catalina.core.ApplicationContext.log ContextListener: attributeAdded('StockTicker', 'async.Stockticker@252d690')
08-Feb-2022 10:29:22.823 INFO [Thread-2] org.apache.catalina.core.ApplicationContext.log SessionListener: contextDestroyed()
08-Feb-2022 10:29:22.823 INFO [Thread-2] org.apache.catalina.core.ApplicationContext.log ContextListener: contextDestroyed()
08-Feb-2022 10:29:28.519 INFO [main] org.apache.catalina.core.ApplicationContext.log ContextListener: contextInitialized()
08-Feb-2022 10:29:28.520 INFO [main] org.apache.catalina.core.ApplicationContext.log SessionListener: contextInitialized()
08-Feb-2022 10:29:28.521 INFO [main] org.apache.catalina.core.ApplicationContext.log ContextListener: attributeAdded('StockTicker', 'async.Stockticker@500341c4')
08-Feb-2022 10:42:58.545 INFO [Thread-2] org.apache.catalina.core.ApplicationContext.log SessionListener: contextDestroyed()
08-Feb-2022 10:42:58.545 INFO [Thread-2] org.apache.catalina.core.ApplicationContext.log ContextListener: contextDestroyed()
08-Feb-2022 10:43:03.413 INFO [main] org.apache.catalina.core.ApplicationContext.log ContextListener: contextInitialized()
08-Feb-2022 10:43:03.413 INFO [main] org.apache.catalina.core.ApplicationContext.log SessionListener: contextInitialized()
08-Feb-2022 10:43:03.414 INFO [main] org.apache.catalina.core.ApplicationContext.log ContextListener: attributeAdded('StockTicker', 'async.Stockticker@4746d52d')
08-Feb-2022 10:43:19.188 SEVERE [http-nio-8080-exec-8] org.apache.catalina.core.StandardWrapperValve.invoke Servlet.service() para servlet [Editar] lanzó excepción
	java.lang.NumberFormatException: Cannot parse null string
		at java.base/java.lang.Integer.parseInt(Integer.java:630)
		at java.base/java.lang.Integer.parseInt(Integer.java:786)
		at musicToMuch.Editar.updateEntrada(Editar.java:130)
		at musicToMuch.Editar.doPost(Editar.java:40)
		at javax.servlet.http.HttpServlet.service(HttpServlet.java:681)
		at javax.servlet.http.HttpServlet.service(HttpServlet.java:764)
		at org.apache.catalina.core.ApplicationFilterChain.internalDoFilter(ApplicationFilterChain.java:227)
		at org.apache.catalina.core.ApplicationFilterChain.doFilter(ApplicationFilterChain.java:162)
		at org.apache.tomcat.websocket.server.WsFilter.doFilter(WsFilter.java:53)
		at org.apache.catalina.core.ApplicationFilterChain.internalDoFilter(ApplicationFilterChain.java:189)
		at org.apache.catalina.core.ApplicationFilterChain.doFilter(ApplicationFilterChain.java:162)
		at org.apache.catalina.core.StandardWrapperValve.invoke(StandardWrapperValve.java:197)
		at org.apache.catalina.core.StandardContextValve.invoke(StandardContextValve.java:97)
		at org.apache.catalina.authenticator.AuthenticatorBase.invoke(AuthenticatorBase.java:540)
		at org.apache.catalina.core.StandardHostValve.invoke(StandardHostValve.java:135)
		at org.apache.catalina.valves.ErrorReportValve.invoke(ErrorReportValve.java:92)
		at org.apache.catalina.valves.AbstractAccessLogValve.invoke(AbstractAccessLogValve.java:687)
		at org.apache.catalina.core.StandardEngineValve.invoke(StandardEngineValve.java:78)
		at org.apache.catalina.connector.CoyoteAdapter.service(CoyoteAdapter.java:357)
		at org.apache.coyote.http11.Http11Processor.service(Http11Processor.java:382)
		at org.apache.coyote.AbstractProcessorLight.process(AbstractProcessorLight.java:65)
		at org.apache.coyote.AbstractProtocol$ConnectionHandler.process(AbstractProtocol.java:895)
		at org.apache.tomcat.util.net.NioEndpoint$SocketProcessor.doRun(NioEndpoint.java:1732)
		at org.apache.tomcat.util.net.SocketProcessorBase.run(SocketProcessorBase.java:49)
		at org.apache.tomcat.util.threads.ThreadPoolExecutor.runWorker(ThreadPoolExecutor.java:1191)
		at org.apache.tomcat.util.threads.ThreadPoolExecutor$Worker.run(ThreadPoolExecutor.java:659)
		at org.apache.tomcat.util.threads.TaskThread$WrappingRunnable.run(TaskThread.java:61)
		at java.base/java.lang.Thread.run(Thread.java:833)
08-Feb-2022 10:57:32.467 INFO [Thread-2] org.apache.catalina.core.ApplicationContext.log SessionListener: contextDestroyed()
08-Feb-2022 10:57:32.467 INFO [Thread-2] org.apache.catalina.core.ApplicationContext.log ContextListener: contextDestroyed()
08-Feb-2022 10:57:37.285 INFO [main] org.apache.catalina.core.ApplicationContext.log ContextListener: contextInitialized()
08-Feb-2022 10:57:37.285 INFO [main] org.apache.catalina.core.ApplicationContext.log SessionListener: contextInitialized()
08-Feb-2022 10:57:37.286 INFO [main] org.apache.catalina.core.ApplicationContext.log ContextListener: attributeAdded('StockTicker', 'async.Stockticker@685efb22')
08-Feb-2022 10:59:21.760 INFO [Thread-2] org.apache.catalina.core.ApplicationContext.log SessionListener: contextDestroyed()
08-Feb-2022 10:59:21.760 INFO [Thread-2] org.apache.catalina.core.ApplicationContext.log ContextListener: contextDestroyed()
08-Feb-2022 10:59:28.264 INFO [main] org.apache.catalina.core.ApplicationContext.log ContextListener: contextInitialized()
08-Feb-2022 10:59:28.264 INFO [main] org.apache.catalina.core.ApplicationContext.log SessionListener: contextInitialized()
08-Feb-2022 10:59:28.265 INFO [main] org.apache.catalina.core.ApplicationContext.log ContextListener: attributeAdded('StockTicker', 'async.Stockticker@252d690')
08-Feb-2022 11:00:07.618 INFO [Thread-2] org.apache.catalina.core.ApplicationContext.log SessionListener: contextDestroyed()
08-Feb-2022 11:00:07.618 INFO [Thread-2] org.apache.catalina.core.ApplicationContext.log ContextListener: contextDestroyed()
08-Feb-2022 11:00:13.532 INFO [main] org.apache.catalina.core.ApplicationContext.log ContextListener: contextInitialized()
08-Feb-2022 11:00:13.533 INFO [main] org.apache.catalina.core.ApplicationContext.log SessionListener: contextInitialized()
08-Feb-2022 11:00:13.534 INFO [main] org.apache.catalina.core.ApplicationContext.log ContextListener: attributeAdded('StockTicker', 'async.Stockticker@500341c4')
08-Feb-2022 11:01:10.483 INFO [Thread-2] org.apache.catalina.core.ApplicationContext.log SessionListener: contextDestroyed()
08-Feb-2022 11:01:10.483 INFO [Thread-2] org.apache.catalina.core.ApplicationContext.log ContextListener: contextDestroyed()
08-Feb-2022 11:01:19.984 INFO [main] org.apache.catalina.core.ApplicationContext.log ContextListener: contextInitialized()
08-Feb-2022 11:01:19.984 INFO [main] org.apache.catalina.core.ApplicationContext.log SessionListener: contextInitialized()
08-Feb-2022 11:01:19.985 INFO [main] org.apache.catalina.core.ApplicationContext.log ContextListener: attributeAdded('StockTicker', 'async.Stockticker@2bd24c09')
08-Feb-2022 11:03:11.481 INFO [Thread-2] org.apache.catalina.core.ApplicationContext.log SessionListener: contextDestroyed()
08-Feb-2022 11:03:11.481 INFO [Thread-2] org.apache.catalina.core.ApplicationContext.log ContextListener: contextDestroyed()
