03-Feb-2022 11:52:43.027 INFO [main] org.apache.catalina.core.ApplicationContext.log ContextListener: contextInitialized()
03-Feb-2022 11:52:43.027 INFO [main] org.apache.catalina.core.ApplicationContext.log SessionListener: contextInitialized()
03-Feb-2022 11:52:43.028 INFO [main] org.apache.catalina.core.ApplicationContext.log ContextListener: attributeAdded('StockTicker', 'async.Stockticker@34612ba9')
03-Feb-2022 12:06:21.658 INFO [Thread-2] org.apache.catalina.core.ApplicationContext.log SessionListener: contextDestroyed()
03-Feb-2022 12:06:21.658 INFO [Thread-2] org.apache.catalina.core.ApplicationContext.log ContextListener: contextDestroyed()
03-Feb-2022 12:06:26.326 INFO [main] org.apache.catalina.core.ApplicationContext.log ContextListener: contextInitialized()
03-Feb-2022 12:06:26.326 INFO [main] org.apache.catalina.core.ApplicationContext.log SessionListener: contextInitialized()
03-Feb-2022 12:06:26.327 INFO [main] org.apache.catalina.core.ApplicationContext.log ContextListener: attributeAdded('StockTicker', 'async.Stockticker@3eea7c4b')
03-Feb-2022 12:09:12.759 INFO [Thread-2] org.apache.catalina.core.ApplicationContext.log SessionListener: contextDestroyed()
03-Feb-2022 12:09:12.759 INFO [Thread-2] org.apache.catalina.core.ApplicationContext.log ContextListener: contextDestroyed()
03-Feb-2022 12:09:18.372 INFO [main] org.apache.catalina.core.ApplicationContext.log ContextListener: contextInitialized()
03-Feb-2022 12:09:18.372 INFO [main] org.apache.catalina.core.ApplicationContext.log SessionListener: contextInitialized()
03-Feb-2022 12:09:18.373 INFO [main] org.apache.catalina.core.ApplicationContext.log ContextListener: attributeAdded('StockTicker', 'async.Stockticker@2d481de0')
03-Feb-2022 12:10:08.052 INFO [Thread-2] org.apache.catalina.core.ApplicationContext.log SessionListener: contextDestroyed()
03-Feb-2022 12:10:08.052 INFO [Thread-2] org.apache.catalina.core.ApplicationContext.log ContextListener: contextDestroyed()
03-Feb-2022 12:10:13.737 INFO [main] org.apache.catalina.core.ApplicationContext.log ContextListener: contextInitialized()
03-Feb-2022 12:10:13.737 INFO [main] org.apache.catalina.core.ApplicationContext.log SessionListener: contextInitialized()
03-Feb-2022 12:10:13.738 INFO [main] org.apache.catalina.core.ApplicationContext.log ContextListener: attributeAdded('StockTicker', 'async.Stockticker@3c73d613')
03-Feb-2022 12:19:12.972 INFO [Thread-2] org.apache.catalina.core.ApplicationContext.log SessionListener: contextDestroyed()
03-Feb-2022 12:19:12.972 INFO [Thread-2] org.apache.catalina.core.ApplicationContext.log ContextListener: contextDestroyed()
03-Feb-2022 12:19:18.611 INFO [main] org.apache.catalina.core.ApplicationContext.log ContextListener: contextInitialized()
03-Feb-2022 12:19:18.611 INFO [main] org.apache.catalina.core.ApplicationContext.log SessionListener: contextInitialized()
03-Feb-2022 12:19:18.612 INFO [main] org.apache.catalina.core.ApplicationContext.log ContextListener: attributeAdded('StockTicker', 'async.Stockticker@34612ba9')
03-Feb-2022 12:20:31.993 INFO [Thread-2] org.apache.catalina.core.ApplicationContext.log SessionListener: contextDestroyed()
03-Feb-2022 12:20:31.994 INFO [Thread-2] org.apache.catalina.core.ApplicationContext.log ContextListener: contextDestroyed()
03-Feb-2022 12:20:36.827 INFO [main] org.apache.catalina.core.ApplicationContext.log ContextListener: contextInitialized()
03-Feb-2022 12:20:36.829 INFO [main] org.apache.catalina.core.ApplicationContext.log SessionListener: contextInitialized()
03-Feb-2022 12:20:36.834 INFO [main] org.apache.catalina.core.ApplicationContext.log ContextListener: attributeAdded('StockTicker', 'async.Stockticker@37669c4')
03-Feb-2022 12:21:35.460 INFO [Thread-2] org.apache.catalina.core.ApplicationContext.log SessionListener: contextDestroyed()
03-Feb-2022 12:21:35.460 INFO [Thread-2] org.apache.catalina.core.ApplicationContext.log ContextListener: contextDestroyed()
03-Feb-2022 12:21:40.771 INFO [main] org.apache.catalina.core.ApplicationContext.log ContextListener: contextInitialized()
03-Feb-2022 12:21:40.771 INFO [main] org.apache.catalina.core.ApplicationContext.log SessionListener: contextInitialized()
03-Feb-2022 12:21:40.772 INFO [main] org.apache.catalina.core.ApplicationContext.log ContextListener: attributeAdded('StockTicker', 'async.Stockticker@1913188a')
03-Feb-2022 12:28:40.110 INFO [Thread-2] org.apache.catalina.core.ApplicationContext.log SessionListener: contextDestroyed()
03-Feb-2022 12:28:40.110 INFO [Thread-2] org.apache.catalina.core.ApplicationContext.log ContextListener: contextDestroyed()
03-Feb-2022 12:28:45.298 INFO [main] org.apache.catalina.core.ApplicationContext.log ContextListener: contextInitialized()
03-Feb-2022 12:28:45.298 INFO [main] org.apache.catalina.core.ApplicationContext.log SessionListener: contextInitialized()
03-Feb-2022 12:28:45.299 INFO [main] org.apache.catalina.core.ApplicationContext.log ContextListener: attributeAdded('StockTicker', 'async.Stockticker@1e3469df')
03-Feb-2022 12:40:53.259 INFO [Thread-2] org.apache.catalina.core.ApplicationContext.log SessionListener: contextDestroyed()
03-Feb-2022 12:40:53.259 INFO [Thread-2] org.apache.catalina.core.ApplicationContext.log ContextListener: contextDestroyed()
03-Feb-2022 12:40:58.841 INFO [main] org.apache.catalina.core.ApplicationContext.log ContextListener: contextInitialized()
03-Feb-2022 12:40:58.841 INFO [main] org.apache.catalina.core.ApplicationContext.log SessionListener: contextInitialized()
03-Feb-2022 12:40:58.842 INFO [main] org.apache.catalina.core.ApplicationContext.log ContextListener: attributeAdded('StockTicker', 'async.Stockticker@50d507ab')
03-Feb-2022 12:43:16.331 INFO [Thread-2] org.apache.catalina.core.ApplicationContext.log SessionListener: contextDestroyed()
03-Feb-2022 12:43:16.331 INFO [Thread-2] org.apache.catalina.core.ApplicationContext.log ContextListener: contextDestroyed()
03-Feb-2022 12:43:21.998 INFO [main] org.apache.catalina.core.ApplicationContext.log ContextListener: contextInitialized()
03-Feb-2022 12:43:21.998 INFO [main] org.apache.catalina.core.ApplicationContext.log SessionListener: contextInitialized()
03-Feb-2022 12:43:21.999 INFO [main] org.apache.catalina.core.ApplicationContext.log ContextListener: attributeAdded('StockTicker', 'async.Stockticker@1913188a')
03-Feb-2022 12:44:55.416 INFO [Thread-2] org.apache.catalina.core.ApplicationContext.log SessionListener: contextDestroyed()
03-Feb-2022 12:44:55.416 INFO [Thread-2] org.apache.catalina.core.ApplicationContext.log ContextListener: contextDestroyed()
03-Feb-2022 12:45:01.062 INFO [main] org.apache.catalina.core.ApplicationContext.log ContextListener: contextInitialized()
03-Feb-2022 12:45:01.062 INFO [main] org.apache.catalina.core.ApplicationContext.log SessionListener: contextInitialized()
03-Feb-2022 12:45:01.063 INFO [main] org.apache.catalina.core.ApplicationContext.log ContextListener: attributeAdded('StockTicker', 'async.Stockticker@2e9f8c8f')
03-Feb-2022 12:46:26.820 INFO [Thread-2] org.apache.catalina.core.ApplicationContext.log SessionListener: contextDestroyed()
03-Feb-2022 12:46:26.820 INFO [Thread-2] org.apache.catalina.core.ApplicationContext.log ContextListener: contextDestroyed()
03-Feb-2022 12:47:14.698 INFO [main] org.apache.catalina.core.ApplicationContext.log ContextListener: contextInitialized()
03-Feb-2022 12:47:14.698 INFO [main] org.apache.catalina.core.ApplicationContext.log SessionListener: contextInitialized()
03-Feb-2022 12:47:14.699 INFO [main] org.apache.catalina.core.ApplicationContext.log ContextListener: attributeAdded('StockTicker', 'async.Stockticker@1e3469df')
03-Feb-2022 12:48:33.788 INFO [Thread-2] org.apache.catalina.core.ApplicationContext.log SessionListener: contextDestroyed()
03-Feb-2022 12:48:33.788 INFO [Thread-2] org.apache.catalina.core.ApplicationContext.log ContextListener: contextDestroyed()
03-Feb-2022 12:48:38.976 INFO [main] org.apache.catalina.core.ApplicationContext.log ContextListener: contextInitialized()
03-Feb-2022 12:48:38.977 INFO [main] org.apache.catalina.core.ApplicationContext.log SessionListener: contextInitialized()
03-Feb-2022 12:48:38.978 INFO [main] org.apache.catalina.core.ApplicationContext.log ContextListener: attributeAdded('StockTicker', 'async.Stockticker@37669c4')
03-Feb-2022 12:49:34.417 INFO [Thread-2] org.apache.catalina.core.ApplicationContext.log SessionListener: contextDestroyed()
03-Feb-2022 12:49:34.417 INFO [Thread-2] org.apache.catalina.core.ApplicationContext.log ContextListener: contextDestroyed()
03-Feb-2022 12:49:39.903 INFO [main] org.apache.catalina.core.ApplicationContext.log ContextListener: contextInitialized()
03-Feb-2022 12:49:39.903 INFO [main] org.apache.catalina.core.ApplicationContext.log SessionListener: contextInitialized()
03-Feb-2022 12:49:39.904 INFO [main] org.apache.catalina.core.ApplicationContext.log ContextListener: attributeAdded('StockTicker', 'async.Stockticker@1e3469df')
03-Feb-2022 13:00:21.051 INFO [Thread-2] org.apache.catalina.core.ApplicationContext.log SessionListener: contextDestroyed()
03-Feb-2022 13:00:21.052 INFO [Thread-2] org.apache.catalina.core.ApplicationContext.log ContextListener: contextDestroyed()
03-Feb-2022 13:00:30.927 INFO [main] org.apache.catalina.core.ApplicationContext.log ContextListener: contextInitialized()
03-Feb-2022 13:00:30.928 INFO [main] org.apache.catalina.core.ApplicationContext.log SessionListener: contextInitialized()
03-Feb-2022 13:00:30.928 INFO [main] org.apache.catalina.core.ApplicationContext.log ContextListener: attributeAdded('StockTicker', 'async.Stockticker@48531d5')
03-Feb-2022 13:04:59.399 INFO [Thread-2] org.apache.catalina.core.ApplicationContext.log SessionListener: contextDestroyed()
03-Feb-2022 13:04:59.400 INFO [Thread-2] org.apache.catalina.core.ApplicationContext.log ContextListener: contextDestroyed()
03-Feb-2022 13:05:05.429 INFO [main] org.apache.catalina.core.ApplicationContext.log ContextListener: contextInitialized()
03-Feb-2022 13:05:05.429 INFO [main] org.apache.catalina.core.ApplicationContext.log SessionListener: contextInitialized()
03-Feb-2022 13:05:05.430 INFO [main] org.apache.catalina.core.ApplicationContext.log ContextListener: attributeAdded('StockTicker', 'async.Stockticker@1e3469df')
03-Feb-2022 13:06:14.739 INFO [Thread-2] org.apache.catalina.core.ApplicationContext.log SessionListener: contextDestroyed()
03-Feb-2022 13:06:14.740 INFO [Thread-2] org.apache.catalina.core.ApplicationContext.log ContextListener: contextDestroyed()
03-Feb-2022 13:06:19.934 INFO [main] org.apache.catalina.core.ApplicationContext.log ContextListener: contextInitialized()
03-Feb-2022 13:06:19.934 INFO [main] org.apache.catalina.core.ApplicationContext.log SessionListener: contextInitialized()
03-Feb-2022 13:06:19.935 INFO [main] org.apache.catalina.core.ApplicationContext.log ContextListener: attributeAdded('StockTicker', 'async.Stockticker@5f735240')
03-Feb-2022 13:06:50.848 INFO [Thread-2] org.apache.catalina.core.ApplicationContext.log SessionListener: contextDestroyed()
03-Feb-2022 13:06:50.848 INFO [Thread-2] org.apache.catalina.core.ApplicationContext.log ContextListener: contextDestroyed()
03-Feb-2022 13:06:55.974 INFO [main] org.apache.catalina.core.ApplicationContext.log ContextListener: contextInitialized()
03-Feb-2022 13:06:55.974 INFO [main] org.apache.catalina.core.ApplicationContext.log SessionListener: contextInitialized()
03-Feb-2022 13:06:55.975 INFO [main] org.apache.catalina.core.ApplicationContext.log ContextListener: attributeAdded('StockTicker', 'async.Stockticker@1913188a')
03-Feb-2022 13:21:18.113 INFO [Thread-2] org.apache.catalina.core.ApplicationContext.log SessionListener: contextDestroyed()
03-Feb-2022 13:21:18.113 INFO [Thread-2] org.apache.catalina.core.ApplicationContext.log ContextListener: contextDestroyed()
03-Feb-2022 13:21:24.117 INFO [main] org.apache.catalina.core.ApplicationContext.log ContextListener: contextInitialized()
03-Feb-2022 13:21:24.117 INFO [main] org.apache.catalina.core.ApplicationContext.log SessionListener: contextInitialized()
03-Feb-2022 13:21:24.118 INFO [main] org.apache.catalina.core.ApplicationContext.log ContextListener: attributeAdded('StockTicker', 'async.Stockticker@2e9f8c8f')
03-Feb-2022 13:24:02.783 INFO [Thread-2] org.apache.catalina.core.ApplicationContext.log SessionListener: contextDestroyed()
03-Feb-2022 13:24:02.783 INFO [Thread-2] org.apache.catalina.core.ApplicationContext.log ContextListener: contextDestroyed()
03-Feb-2022 13:24:09.034 INFO [main] org.apache.catalina.core.ApplicationContext.log ContextListener: contextInitialized()
03-Feb-2022 13:24:09.034 INFO [main] org.apache.catalina.core.ApplicationContext.log SessionListener: contextInitialized()
03-Feb-2022 13:24:09.041 INFO [main] org.apache.catalina.core.ApplicationContext.log ContextListener: attributeAdded('StockTicker', 'async.Stockticker@79ac02a9')
03-Feb-2022 13:25:31.662 INFO [Thread-2] org.apache.catalina.core.ApplicationContext.log SessionListener: contextDestroyed()
03-Feb-2022 13:25:31.662 INFO [Thread-2] org.apache.catalina.core.ApplicationContext.log ContextListener: contextDestroyed()
03-Feb-2022 13:25:37.857 INFO [main] org.apache.catalina.core.ApplicationContext.log ContextListener: contextInitialized()
03-Feb-2022 13:25:37.858 INFO [main] org.apache.catalina.core.ApplicationContext.log SessionListener: contextInitialized()
03-Feb-2022 13:25:37.860 INFO [main] org.apache.catalina.core.ApplicationContext.log ContextListener: attributeAdded('StockTicker', 'async.Stockticker@793937ec')
03-Feb-2022 13:26:36.547 INFO [Thread-2] org.apache.catalina.core.ApplicationContext.log SessionListener: contextDestroyed()
03-Feb-2022 13:26:36.547 INFO [Thread-2] org.apache.catalina.core.ApplicationContext.log ContextListener: contextDestroyed()
03-Feb-2022 13:26:42.398 INFO [main] org.apache.catalina.core.ApplicationContext.log ContextListener: contextInitialized()
03-Feb-2022 13:26:42.399 INFO [main] org.apache.catalina.core.ApplicationContext.log SessionListener: contextInitialized()
03-Feb-2022 13:26:42.400 INFO [main] org.apache.catalina.core.ApplicationContext.log ContextListener: attributeAdded('StockTicker', 'async.Stockticker@1e295ef1')
03-Feb-2022 13:27:53.932 INFO [Thread-2] org.apache.catalina.core.ApplicationContext.log SessionListener: contextDestroyed()
03-Feb-2022 13:27:53.932 INFO [Thread-2] org.apache.catalina.core.ApplicationContext.log ContextListener: contextDestroyed()
03-Feb-2022 13:27:59.474 INFO [main] org.apache.catalina.core.ApplicationContext.log ContextListener: contextInitialized()
03-Feb-2022 13:27:59.474 INFO [main] org.apache.catalina.core.ApplicationContext.log SessionListener: contextInitialized()
03-Feb-2022 13:27:59.476 INFO [main] org.apache.catalina.core.ApplicationContext.log ContextListener: attributeAdded('StockTicker', 'async.Stockticker@1e295ef1')
03-Feb-2022 13:28:42.671 INFO [Thread-2] org.apache.catalina.core.ApplicationContext.log SessionListener: contextDestroyed()
03-Feb-2022 13:28:42.671 INFO [Thread-2] org.apache.catalina.core.ApplicationContext.log ContextListener: contextDestroyed()
03-Feb-2022 13:28:48.345 INFO [main] org.apache.catalina.core.ApplicationContext.log ContextListener: contextInitialized()
03-Feb-2022 13:28:48.345 INFO [main] org.apache.catalina.core.ApplicationContext.log SessionListener: contextInitialized()
03-Feb-2022 13:28:48.346 INFO [main] org.apache.catalina.core.ApplicationContext.log ContextListener: attributeAdded('StockTicker', 'async.Stockticker@1913188a')
03-Feb-2022 13:29:02.509 INFO [Thread-2] org.apache.catalina.core.ApplicationContext.log SessionListener: contextDestroyed()
03-Feb-2022 13:29:02.509 INFO [Thread-2] org.apache.catalina.core.ApplicationContext.log ContextListener: contextDestroyed()
03-Feb-2022 13:29:08.557 INFO [main] org.apache.catalina.core.ApplicationContext.log ContextListener: contextInitialized()
03-Feb-2022 13:29:08.557 INFO [main] org.apache.catalina.core.ApplicationContext.log SessionListener: contextInitialized()
03-Feb-2022 13:29:08.558 INFO [main] org.apache.catalina.core.ApplicationContext.log ContextListener: attributeAdded('StockTicker', 'async.Stockticker@1e295ef1')
03-Feb-2022 13:30:46.019 INFO [Thread-2] org.apache.catalina.core.ApplicationContext.log SessionListener: contextDestroyed()
03-Feb-2022 13:30:46.019 INFO [Thread-2] org.apache.catalina.core.ApplicationContext.log ContextListener: contextDestroyed()
03-Feb-2022 13:30:51.881 INFO [main] org.apache.catalina.core.ApplicationContext.log ContextListener: contextInitialized()
03-Feb-2022 13:30:51.881 INFO [main] org.apache.catalina.core.ApplicationContext.log SessionListener: contextInitialized()
03-Feb-2022 13:30:51.883 INFO [main] org.apache.catalina.core.ApplicationContext.log ContextListener: attributeAdded('StockTicker', 'async.Stockticker@40ab1491')
03-Feb-2022 13:32:37.776 INFO [Thread-2] org.apache.catalina.core.ApplicationContext.log SessionListener: contextDestroyed()
03-Feb-2022 13:32:37.776 INFO [Thread-2] org.apache.catalina.core.ApplicationContext.log ContextListener: contextDestroyed()
03-Feb-2022 13:32:43.189 INFO [main] org.apache.catalina.core.ApplicationContext.log ContextListener: contextInitialized()
03-Feb-2022 13:32:43.190 INFO [main] org.apache.catalina.core.ApplicationContext.log SessionListener: contextInitialized()
03-Feb-2022 13:32:43.191 INFO [main] org.apache.catalina.core.ApplicationContext.log ContextListener: attributeAdded('StockTicker', 'async.Stockticker@1e295ef1')
03-Feb-2022 13:33:38.317 INFO [Thread-2] org.apache.catalina.core.ApplicationContext.log SessionListener: contextDestroyed()
03-Feb-2022 13:33:38.317 INFO [Thread-2] org.apache.catalina.core.ApplicationContext.log ContextListener: contextDestroyed()
03-Feb-2022 13:33:43.849 INFO [main] org.apache.catalina.core.ApplicationContext.log ContextListener: contextInitialized()
03-Feb-2022 13:33:43.849 INFO [main] org.apache.catalina.core.ApplicationContext.log SessionListener: contextInitialized()
03-Feb-2022 13:33:43.851 INFO [main] org.apache.catalina.core.ApplicationContext.log ContextListener: attributeAdded('StockTicker', 'async.Stockticker@52c4bf29')
03-Feb-2022 13:35:05.970 INFO [Thread-2] org.apache.catalina.core.ApplicationContext.log SessionListener: contextDestroyed()
03-Feb-2022 13:35:05.970 INFO [Thread-2] org.apache.catalina.core.ApplicationContext.log ContextListener: contextDestroyed()
