29-Jan-2022 12:11:55.396 INFO [main] org.apache.catalina.core.ApplicationContext.log ContextListener: contextInitialized()
29-Jan-2022 12:11:55.396 INFO [main] org.apache.catalina.core.ApplicationContext.log SessionListener: contextInitialized()
29-Jan-2022 12:11:55.397 INFO [main] org.apache.catalina.core.ApplicationContext.log ContextListener: attributeAdded('StockTicker', 'async.Stockticker@7c29adc8')
29-Jan-2022 12:17:29.360 INFO [Thread-2] org.apache.catalina.core.ApplicationContext.log SessionListener: contextDestroyed()
29-Jan-2022 12:17:29.360 INFO [Thread-2] org.apache.catalina.core.ApplicationContext.log ContextListener: contextDestroyed()
29-Jan-2022 12:17:36.260 INFO [main] org.apache.catalina.core.ApplicationContext.log ContextListener: contextInitialized()
29-Jan-2022 12:17:36.261 INFO [main] org.apache.catalina.core.ApplicationContext.log SessionListener: contextInitialized()
29-Jan-2022 12:17:36.262 INFO [main] org.apache.catalina.core.ApplicationContext.log ContextListener: attributeAdded('StockTicker', 'async.Stockticker@664e5dee')
29-Jan-2022 12:44:26.003 INFO [Thread-2] org.apache.catalina.core.ApplicationContext.log SessionListener: contextDestroyed()
29-Jan-2022 12:44:26.003 INFO [Thread-2] org.apache.catalina.core.ApplicationContext.log ContextListener: contextDestroyed()
29-Jan-2022 12:44:32.106 INFO [main] org.apache.catalina.core.ApplicationContext.log ContextListener: contextInitialized()
29-Jan-2022 12:44:32.107 INFO [main] org.apache.catalina.core.ApplicationContext.log SessionListener: contextInitialized()
29-Jan-2022 12:44:32.108 INFO [main] org.apache.catalina.core.ApplicationContext.log ContextListener: attributeAdded('StockTicker', 'async.Stockticker@3d6a6bee')
29-Jan-2022 12:46:39.553 INFO [Thread-2] org.apache.catalina.core.ApplicationContext.log SessionListener: contextDestroyed()
29-Jan-2022 12:46:39.554 INFO [Thread-2] org.apache.catalina.core.ApplicationContext.log ContextListener: contextDestroyed()
29-Jan-2022 12:46:52.082 INFO [main] org.apache.catalina.core.ApplicationContext.log ContextListener: contextInitialized()
29-Jan-2022 12:46:52.083 INFO [main] org.apache.catalina.core.ApplicationContext.log SessionListener: contextInitialized()
29-Jan-2022 12:46:52.084 INFO [main] org.apache.catalina.core.ApplicationContext.log ContextListener: attributeAdded('StockTicker', 'async.Stockticker@86733')
29-Jan-2022 12:51:18.994 INFO [Thread-2] org.apache.catalina.core.ApplicationContext.log SessionListener: contextDestroyed()
29-Jan-2022 12:51:18.994 INFO [Thread-2] org.apache.catalina.core.ApplicationContext.log ContextListener: contextDestroyed()
29-Jan-2022 12:51:26.115 INFO [main] org.apache.catalina.core.ApplicationContext.log ContextListener: contextInitialized()
29-Jan-2022 12:51:26.115 INFO [main] org.apache.catalina.core.ApplicationContext.log SessionListener: contextInitialized()
29-Jan-2022 12:51:26.116 INFO [main] org.apache.catalina.core.ApplicationContext.log ContextListener: attributeAdded('StockTicker', 'async.Stockticker@eb507b9')
29-Jan-2022 12:55:17.672 INFO [Thread-2] org.apache.catalina.core.ApplicationContext.log SessionListener: contextDestroyed()
29-Jan-2022 12:55:17.672 INFO [Thread-2] org.apache.catalina.core.ApplicationContext.log ContextListener: contextDestroyed()
29-Jan-2022 12:55:19.993 INFO [main] org.apache.catalina.core.ApplicationContext.log ContextListener: contextInitialized()
29-Jan-2022 12:55:19.993 INFO [main] org.apache.catalina.core.ApplicationContext.log SessionListener: contextInitialized()
29-Jan-2022 12:55:19.994 INFO [main] org.apache.catalina.core.ApplicationContext.log ContextListener: attributeAdded('StockTicker', 'async.Stockticker@eb507b9')
29-Jan-2022 12:57:27.195 INFO [Thread-2] org.apache.catalina.core.ApplicationContext.log SessionListener: contextDestroyed()
29-Jan-2022 12:57:27.195 INFO [Thread-2] org.apache.catalina.core.ApplicationContext.log ContextListener: contextDestroyed()
29-Jan-2022 12:57:32.592 INFO [main] org.apache.catalina.core.ApplicationContext.log ContextListener: contextInitialized()
29-Jan-2022 12:57:32.592 INFO [main] org.apache.catalina.core.ApplicationContext.log SessionListener: contextInitialized()
29-Jan-2022 12:57:32.594 INFO [main] org.apache.catalina.core.ApplicationContext.log ContextListener: attributeAdded('StockTicker', 'async.Stockticker@86733')
29-Jan-2022 12:58:51.613 INFO [Thread-2] org.apache.catalina.core.ApplicationContext.log SessionListener: contextDestroyed()
29-Jan-2022 12:58:51.613 INFO [Thread-2] org.apache.catalina.core.ApplicationContext.log ContextListener: contextDestroyed()
29-Jan-2022 12:58:58.348 INFO [main] org.apache.catalina.core.ApplicationContext.log ContextListener: contextInitialized()
29-Jan-2022 12:58:58.348 INFO [main] org.apache.catalina.core.ApplicationContext.log SessionListener: contextInitialized()
29-Jan-2022 12:58:58.349 INFO [main] org.apache.catalina.core.ApplicationContext.log ContextListener: attributeAdded('StockTicker', 'async.Stockticker@86733')
29-Jan-2022 13:00:05.145 INFO [Thread-2] org.apache.catalina.core.ApplicationContext.log SessionListener: contextDestroyed()
29-Jan-2022 13:00:05.145 INFO [Thread-2] org.apache.catalina.core.ApplicationContext.log ContextListener: contextDestroyed()
29-Jan-2022 13:00:13.386 INFO [main] org.apache.catalina.core.ApplicationContext.log ContextListener: contextInitialized()
29-Jan-2022 13:00:13.386 INFO [main] org.apache.catalina.core.ApplicationContext.log SessionListener: contextInitialized()
29-Jan-2022 13:00:13.387 INFO [main] org.apache.catalina.core.ApplicationContext.log ContextListener: attributeAdded('StockTicker', 'async.Stockticker@f096f37')
29-Jan-2022 13:02:04.673 INFO [Thread-2] org.apache.catalina.core.ApplicationContext.log SessionListener: contextDestroyed()
29-Jan-2022 13:02:04.673 INFO [Thread-2] org.apache.catalina.core.ApplicationContext.log ContextListener: contextDestroyed()
29-Jan-2022 13:02:09.673 INFO [main] org.apache.catalina.core.ApplicationContext.log ContextListener: contextInitialized()
29-Jan-2022 13:02:09.673 INFO [main] org.apache.catalina.core.ApplicationContext.log SessionListener: contextInitialized()
29-Jan-2022 13:02:09.674 INFO [main] org.apache.catalina.core.ApplicationContext.log ContextListener: attributeAdded('StockTicker', 'async.Stockticker@eb507b9')
29-Jan-2022 13:03:45.967 INFO [Thread-2] org.apache.catalina.core.ApplicationContext.log SessionListener: contextDestroyed()
29-Jan-2022 13:03:45.967 INFO [Thread-2] org.apache.catalina.core.ApplicationContext.log ContextListener: contextDestroyed()
29-Jan-2022 13:03:51.912 INFO [main] org.apache.catalina.core.ApplicationContext.log ContextListener: contextInitialized()
29-Jan-2022 13:03:51.912 INFO [main] org.apache.catalina.core.ApplicationContext.log SessionListener: contextInitialized()
29-Jan-2022 13:03:51.913 INFO [main] org.apache.catalina.core.ApplicationContext.log ContextListener: attributeAdded('StockTicker', 'async.Stockticker@eb507b9')
29-Jan-2022 13:04:58.704 INFO [Thread-2] org.apache.catalina.core.ApplicationContext.log SessionListener: contextDestroyed()
29-Jan-2022 13:04:58.704 INFO [Thread-2] org.apache.catalina.core.ApplicationContext.log ContextListener: contextDestroyed()
29-Jan-2022 13:05:03.825 INFO [main] org.apache.catalina.core.ApplicationContext.log ContextListener: contextInitialized()
29-Jan-2022 13:05:03.826 INFO [main] org.apache.catalina.core.ApplicationContext.log SessionListener: contextInitialized()
29-Jan-2022 13:05:03.827 INFO [main] org.apache.catalina.core.ApplicationContext.log ContextListener: attributeAdded('StockTicker', 'async.Stockticker@4b2e3e8f')
29-Jan-2022 13:11:05.753 INFO [Thread-2] org.apache.catalina.core.ApplicationContext.log SessionListener: contextDestroyed()
29-Jan-2022 13:11:05.753 INFO [Thread-2] org.apache.catalina.core.ApplicationContext.log ContextListener: contextDestroyed()
29-Jan-2022 13:11:12.852 INFO [main] org.apache.catalina.core.ApplicationContext.log ContextListener: contextInitialized()
29-Jan-2022 13:11:12.852 INFO [main] org.apache.catalina.core.ApplicationContext.log SessionListener: contextInitialized()
29-Jan-2022 13:11:12.852 INFO [main] org.apache.catalina.core.ApplicationContext.log ContextListener: attributeAdded('StockTicker', 'async.Stockticker@624a24f6')
29-Jan-2022 13:23:40.578 INFO [Thread-2] org.apache.catalina.core.ApplicationContext.log SessionListener: contextDestroyed()
29-Jan-2022 13:23:40.578 INFO [Thread-2] org.apache.catalina.core.ApplicationContext.log ContextListener: contextDestroyed()
29-Jan-2022 13:23:46.857 INFO [main] org.apache.catalina.core.ApplicationContext.log ContextListener: contextInitialized()
29-Jan-2022 13:23:46.857 INFO [main] org.apache.catalina.core.ApplicationContext.log SessionListener: contextInitialized()
29-Jan-2022 13:23:46.858 INFO [main] org.apache.catalina.core.ApplicationContext.log ContextListener: attributeAdded('StockTicker', 'async.Stockticker@15f8701f')
29-Jan-2022 13:36:24.843 INFO [Thread-2] org.apache.catalina.core.ApplicationContext.log SessionListener: contextDestroyed()
29-Jan-2022 13:36:24.843 INFO [Thread-2] org.apache.catalina.core.ApplicationContext.log ContextListener: contextDestroyed()
29-Jan-2022 13:36:47.682 INFO [main] org.apache.catalina.core.ApplicationContext.log ContextListener: contextInitialized()
29-Jan-2022 13:36:47.682 INFO [main] org.apache.catalina.core.ApplicationContext.log SessionListener: contextInitialized()
29-Jan-2022 13:36:47.683 INFO [main] org.apache.catalina.core.ApplicationContext.log ContextListener: attributeAdded('StockTicker', 'async.Stockticker@624a24f6')
29-Jan-2022 13:58:26.722 INFO [Thread-2] org.apache.catalina.core.ApplicationContext.log SessionListener: contextDestroyed()
29-Jan-2022 13:58:26.722 INFO [Thread-2] org.apache.catalina.core.ApplicationContext.log ContextListener: contextDestroyed()
29-Jan-2022 13:58:32.919 INFO [main] org.apache.catalina.core.ApplicationContext.log ContextListener: contextInitialized()
29-Jan-2022 13:58:32.919 INFO [main] org.apache.catalina.core.ApplicationContext.log SessionListener: contextInitialized()
29-Jan-2022 13:58:32.920 INFO [main] org.apache.catalina.core.ApplicationContext.log ContextListener: attributeAdded('StockTicker', 'async.Stockticker@15f8701f')
29-Jan-2022 17:13:05.735 INFO [Thread-2] org.apache.catalina.core.ApplicationContext.log SessionListener: contextDestroyed()
29-Jan-2022 17:13:05.735 INFO [Thread-2] org.apache.catalina.core.ApplicationContext.log ContextListener: contextDestroyed()
