30-Jan-2022 20:38:38.897 INFO [main] org.apache.catalina.core.ApplicationContext.log ContextListener: contextInitialized()
30-Jan-2022 20:38:38.897 INFO [main] org.apache.catalina.core.ApplicationContext.log SessionListener: contextInitialized()
30-Jan-2022 20:38:38.898 INFO [main] org.apache.catalina.core.ApplicationContext.log ContextListener: attributeAdded('StockTicker', 'async.Stockticker@15f8701f')
30-Jan-2022 20:39:13.561 INFO [Thread-2] org.apache.catalina.core.ApplicationContext.log SessionListener: contextDestroyed()
30-Jan-2022 20:39:13.561 INFO [Thread-2] org.apache.catalina.core.ApplicationContext.log ContextListener: contextDestroyed()
30-Jan-2022 20:47:01.605 INFO [main] org.apache.catalina.core.ApplicationContext.log ContextListener: contextInitialized()
30-Jan-2022 20:47:01.605 INFO [main] org.apache.catalina.core.ApplicationContext.log SessionListener: contextInitialized()
30-Jan-2022 20:47:01.606 INFO [main] org.apache.catalina.core.ApplicationContext.log ContextListener: attributeAdded('StockTicker', 'async.Stockticker@7026b7ee')
30-Jan-2022 20:47:06.540 INFO [Thread-2] org.apache.catalina.core.ApplicationContext.log SessionListener: contextDestroyed()
30-Jan-2022 20:47:06.540 INFO [Thread-2] org.apache.catalina.core.ApplicationContext.log ContextListener: contextDestroyed()
30-Jan-2022 20:50:27.212 INFO [main] org.apache.catalina.core.ApplicationContext.log ContextListener: contextInitialized()
30-Jan-2022 20:50:27.212 INFO [main] org.apache.catalina.core.ApplicationContext.log SessionListener: contextInitialized()
30-Jan-2022 20:50:27.213 INFO [main] org.apache.catalina.core.ApplicationContext.log ContextListener: attributeAdded('StockTicker', 'async.Stockticker@15f8701f')
30-Jan-2022 20:52:29.064 INFO [Thread-2] org.apache.catalina.core.ApplicationContext.log SessionListener: contextDestroyed()
30-Jan-2022 20:52:29.065 INFO [Thread-2] org.apache.catalina.core.ApplicationContext.log ContextListener: contextDestroyed()
30-Jan-2022 20:52:31.056 INFO [main] org.apache.catalina.core.ApplicationContext.log ContextListener: contextInitialized()
30-Jan-2022 20:52:31.056 INFO [main] org.apache.catalina.core.ApplicationContext.log SessionListener: contextInitialized()
30-Jan-2022 20:52:31.057 INFO [main] org.apache.catalina.core.ApplicationContext.log ContextListener: attributeAdded('StockTicker', 'async.Stockticker@7aa9e414')
30-Jan-2022 21:01:18.982 INFO [Thread-2] org.apache.catalina.core.ApplicationContext.log SessionListener: contextDestroyed()
30-Jan-2022 21:01:18.982 INFO [Thread-2] org.apache.catalina.core.ApplicationContext.log ContextListener: contextDestroyed()
30-Jan-2022 21:01:21.081 INFO [main] org.apache.catalina.core.ApplicationContext.log ContextListener: contextInitialized()
30-Jan-2022 21:01:21.081 INFO [main] org.apache.catalina.core.ApplicationContext.log SessionListener: contextInitialized()
30-Jan-2022 21:01:21.082 INFO [main] org.apache.catalina.core.ApplicationContext.log ContextListener: attributeAdded('StockTicker', 'async.Stockticker@6b00ad9')
30-Jan-2022 21:01:28.057 INFO [Thread-2] org.apache.catalina.core.ApplicationContext.log SessionListener: contextDestroyed()
30-Jan-2022 21:01:28.057 INFO [Thread-2] org.apache.catalina.core.ApplicationContext.log ContextListener: contextDestroyed()
30-Jan-2022 21:01:46.988 INFO [main] org.apache.catalina.core.ApplicationContext.log ContextListener: contextInitialized()
30-Jan-2022 21:01:46.988 INFO [main] org.apache.catalina.core.ApplicationContext.log SessionListener: contextInitialized()
30-Jan-2022 21:01:46.989 INFO [main] org.apache.catalina.core.ApplicationContext.log ContextListener: attributeAdded('StockTicker', 'async.Stockticker@7afbf561')
30-Jan-2022 21:01:50.164 INFO [Thread-2] org.apache.catalina.core.ApplicationContext.log SessionListener: contextDestroyed()
30-Jan-2022 21:01:50.164 INFO [Thread-2] org.apache.catalina.core.ApplicationContext.log ContextListener: contextDestroyed()
30-Jan-2022 21:03:36.655 INFO [main] org.apache.catalina.core.ApplicationContext.log ContextListener: contextInitialized()
30-Jan-2022 21:03:36.655 INFO [main] org.apache.catalina.core.ApplicationContext.log SessionListener: contextInitialized()
30-Jan-2022 21:03:36.656 INFO [main] org.apache.catalina.core.ApplicationContext.log ContextListener: attributeAdded('StockTicker', 'async.Stockticker@5984feef')
30-Jan-2022 21:08:55.577 INFO [Thread-2] org.apache.catalina.core.ApplicationContext.log SessionListener: contextDestroyed()
30-Jan-2022 21:08:55.577 INFO [Thread-2] org.apache.catalina.core.ApplicationContext.log ContextListener: contextDestroyed()
30-Jan-2022 21:09:05.402 INFO [main] org.apache.catalina.core.ApplicationContext.log ContextListener: contextInitialized()
30-Jan-2022 21:09:05.402 INFO [main] org.apache.catalina.core.ApplicationContext.log SessionListener: contextInitialized()
30-Jan-2022 21:09:05.403 INFO [main] org.apache.catalina.core.ApplicationContext.log ContextListener: attributeAdded('StockTicker', 'async.Stockticker@135a8c6f')
30-Jan-2022 21:09:39.544 INFO [Thread-2] org.apache.catalina.core.ApplicationContext.log SessionListener: contextDestroyed()
30-Jan-2022 21:09:39.544 INFO [Thread-2] org.apache.catalina.core.ApplicationContext.log ContextListener: contextDestroyed()
30-Jan-2022 21:09:41.550 INFO [main] org.apache.catalina.core.ApplicationContext.log ContextListener: contextInitialized()
30-Jan-2022 21:09:41.550 INFO [main] org.apache.catalina.core.ApplicationContext.log SessionListener: contextInitialized()
30-Jan-2022 21:09:41.550 INFO [main] org.apache.catalina.core.ApplicationContext.log ContextListener: attributeAdded('StockTicker', 'async.Stockticker@3ad85136')
30-Jan-2022 21:15:59.813 INFO [Thread-2] org.apache.catalina.core.ApplicationContext.log SessionListener: contextDestroyed()
30-Jan-2022 21:15:59.813 INFO [Thread-2] org.apache.catalina.core.ApplicationContext.log ContextListener: contextDestroyed()
30-Jan-2022 21:33:07.862 INFO [main] org.apache.catalina.core.ApplicationContext.log ContextListener: contextInitialized()
30-Jan-2022 21:33:07.862 INFO [main] org.apache.catalina.core.ApplicationContext.log SessionListener: contextInitialized()
30-Jan-2022 21:33:07.863 INFO [main] org.apache.catalina.core.ApplicationContext.log ContextListener: attributeAdded('StockTicker', 'async.Stockticker@5b7f9eaa')
30-Jan-2022 21:52:12.854 INFO [Thread-2] org.apache.catalina.core.ApplicationContext.log SessionListener: contextDestroyed()
30-Jan-2022 21:52:12.854 INFO [Thread-2] org.apache.catalina.core.ApplicationContext.log ContextListener: contextDestroyed()
