27-Jan-2022 17:16:59.201 INFO [main] org.apache.catalina.core.ApplicationContext.log ContextListener: contextInitialized()
27-Jan-2022 17:16:59.201 INFO [main] org.apache.catalina.core.ApplicationContext.log SessionListener: contextInitialized()
27-Jan-2022 17:16:59.202 INFO [main] org.apache.catalina.core.ApplicationContext.log ContextListener: attributeAdded('StockTicker', 'async.Stockticker@25974207')
27-Jan-2022 17:19:50.707 INFO [Thread-2] org.apache.catalina.core.ApplicationContext.log SessionListener: contextDestroyed()
27-Jan-2022 17:19:50.707 INFO [Thread-2] org.apache.catalina.core.ApplicationContext.log ContextListener: contextDestroyed()
27-Jan-2022 17:19:53.189 INFO [main] org.apache.catalina.core.ApplicationContext.log ContextListener: contextInitialized()
27-Jan-2022 17:19:53.189 INFO [main] org.apache.catalina.core.ApplicationContext.log SessionListener: contextInitialized()
27-Jan-2022 17:19:53.190 INFO [main] org.apache.catalina.core.ApplicationContext.log ContextListener: attributeAdded('StockTicker', 'async.Stockticker@4cffd3fd')
27-Jan-2022 17:25:17.529 INFO [Thread-2] org.apache.catalina.core.ApplicationContext.log SessionListener: contextDestroyed()
27-Jan-2022 17:25:17.529 INFO [Thread-2] org.apache.catalina.core.ApplicationContext.log ContextListener: contextDestroyed()
27-Jan-2022 17:25:19.972 INFO [main] org.apache.catalina.core.ApplicationContext.log ContextListener: contextInitialized()
27-Jan-2022 17:25:19.972 INFO [main] org.apache.catalina.core.ApplicationContext.log SessionListener: contextInitialized()
27-Jan-2022 17:25:19.973 INFO [main] org.apache.catalina.core.ApplicationContext.log ContextListener: attributeAdded('StockTicker', 'async.Stockticker@17222c11')
27-Jan-2022 17:26:12.472 INFO [Thread-2] org.apache.catalina.core.ApplicationContext.log SessionListener: contextDestroyed()
27-Jan-2022 17:26:12.472 INFO [Thread-2] org.apache.catalina.core.ApplicationContext.log ContextListener: contextDestroyed()
27-Jan-2022 17:28:34.386 INFO [main] org.apache.catalina.core.ApplicationContext.log ContextListener: contextInitialized()
27-Jan-2022 17:28:34.386 INFO [main] org.apache.catalina.core.ApplicationContext.log SessionListener: contextInitialized()
27-Jan-2022 17:28:34.387 INFO [main] org.apache.catalina.core.ApplicationContext.log ContextListener: attributeAdded('StockTicker', 'async.Stockticker@6e1ae763')
27-Jan-2022 18:20:05.250 INFO [Thread-2] org.apache.catalina.core.ApplicationContext.log SessionListener: contextDestroyed()
27-Jan-2022 18:20:05.250 INFO [Thread-2] org.apache.catalina.core.ApplicationContext.log ContextListener: contextDestroyed()
27-Jan-2022 18:20:35.685 INFO [main] org.apache.catalina.core.ApplicationContext.log ContextListener: contextInitialized()
27-Jan-2022 18:20:35.685 INFO [main] org.apache.catalina.core.ApplicationContext.log SessionListener: contextInitialized()
27-Jan-2022 18:20:35.686 INFO [main] org.apache.catalina.core.ApplicationContext.log ContextListener: attributeAdded('StockTicker', 'async.Stockticker@70331432')
27-Jan-2022 18:21:40.217 INFO [http-nio-8080-exec-9] org.apache.catalina.core.ApplicationContext.log Marking servlet [Instalador] as unavailable
27-Jan-2022 18:21:40.217 SEVERE [http-nio-8080-exec-9] org.apache.catalina.core.StandardWrapperValve.invoke Allocate exception for servlet [Instalador]
	java.lang.ClassNotFoundException: org.dam.musicToMuch.Instalador.java
		at org.apache.catalina.loader.WebappClassLoaderBase.loadClass(WebappClassLoaderBase.java:1407)
		at org.apache.catalina.loader.WebappClassLoaderBase.loadClass(WebappClassLoaderBase.java:1215)
		at org.apache.catalina.core.DefaultInstanceManager.loadClass(DefaultInstanceManager.java:534)
		at org.apache.catalina.core.DefaultInstanceManager.loadClassMaybePrivileged(DefaultInstanceManager.java:515)
		at org.apache.catalina.core.DefaultInstanceManager.newInstance(DefaultInstanceManager.java:149)
		at org.apache.catalina.core.StandardWrapper.loadServlet(StandardWrapper.java:1070)
		at org.apache.catalina.core.StandardWrapper.allocate(StandardWrapper.java:788)
		at org.apache.catalina.core.StandardWrapperValve.invoke(StandardWrapperValve.java:128)
		at org.apache.catalina.core.StandardContextValve.invoke(StandardContextValve.java:97)
		at org.apache.catalina.authenticator.AuthenticatorBase.invoke(AuthenticatorBase.java:540)
		at org.apache.catalina.core.StandardHostValve.invoke(StandardHostValve.java:135)
		at org.apache.catalina.valves.ErrorReportValve.invoke(ErrorReportValve.java:92)
		at org.apache.catalina.valves.AbstractAccessLogValve.invoke(AbstractAccessLogValve.java:687)
		at org.apache.catalina.core.StandardEngineValve.invoke(StandardEngineValve.java:78)
		at org.apache.catalina.connector.CoyoteAdapter.service(CoyoteAdapter.java:357)
		at org.apache.coyote.http11.Http11Processor.service(Http11Processor.java:382)
		at org.apache.coyote.AbstractProcessorLight.process(AbstractProcessorLight.java:65)
		at org.apache.coyote.AbstractProtocol$ConnectionHandler.process(AbstractProtocol.java:895)
		at org.apache.tomcat.util.net.NioEndpoint$SocketProcessor.doRun(NioEndpoint.java:1732)
		at org.apache.tomcat.util.net.SocketProcessorBase.run(SocketProcessorBase.java:49)
		at org.apache.tomcat.util.threads.ThreadPoolExecutor.runWorker(ThreadPoolExecutor.java:1191)
		at org.apache.tomcat.util.threads.ThreadPoolExecutor$Worker.run(ThreadPoolExecutor.java:659)
		at org.apache.tomcat.util.threads.TaskThread$WrappingRunnable.run(TaskThread.java:61)
		at java.base/java.lang.Thread.run(Thread.java:833)
27-Jan-2022 18:24:13.290 INFO [Thread-2] org.apache.catalina.core.ApplicationContext.log SessionListener: contextDestroyed()
27-Jan-2022 18:24:13.290 INFO [Thread-2] org.apache.catalina.core.ApplicationContext.log ContextListener: contextDestroyed()
27-Jan-2022 18:24:15.552 INFO [main] org.apache.catalina.core.ApplicationContext.log ContextListener: contextInitialized()
27-Jan-2022 18:24:15.552 INFO [main] org.apache.catalina.core.ApplicationContext.log SessionListener: contextInitialized()
27-Jan-2022 18:24:15.553 INFO [main] org.apache.catalina.core.ApplicationContext.log ContextListener: attributeAdded('StockTicker', 'async.Stockticker@5432c277')
27-Jan-2022 18:24:17.207 INFO [http-nio-8080-exec-1] org.apache.catalina.core.ApplicationContext.log Marking servlet [Instalador] as unavailable
27-Jan-2022 18:24:17.207 SEVERE [http-nio-8080-exec-1] org.apache.catalina.core.StandardWrapperValve.invoke Allocate exception for servlet [Instalador]
	java.lang.ClassNotFoundException: org.dam.musicToMuch.Instalador.java
		at org.apache.catalina.loader.WebappClassLoaderBase.loadClass(WebappClassLoaderBase.java:1407)
		at org.apache.catalina.loader.WebappClassLoaderBase.loadClass(WebappClassLoaderBase.java:1215)
		at org.apache.catalina.core.DefaultInstanceManager.loadClass(DefaultInstanceManager.java:534)
		at org.apache.catalina.core.DefaultInstanceManager.loadClassMaybePrivileged(DefaultInstanceManager.java:515)
		at org.apache.catalina.core.DefaultInstanceManager.newInstance(DefaultInstanceManager.java:149)
		at org.apache.catalina.core.StandardWrapper.loadServlet(StandardWrapper.java:1070)
		at org.apache.catalina.core.StandardWrapper.allocate(StandardWrapper.java:788)
		at org.apache.catalina.core.StandardWrapperValve.invoke(StandardWrapperValve.java:128)
		at org.apache.catalina.core.StandardContextValve.invoke(StandardContextValve.java:97)
		at org.apache.catalina.authenticator.AuthenticatorBase.invoke(AuthenticatorBase.java:540)
		at org.apache.catalina.core.StandardHostValve.invoke(StandardHostValve.java:135)
		at org.apache.catalina.valves.ErrorReportValve.invoke(ErrorReportValve.java:92)
		at org.apache.catalina.valves.AbstractAccessLogValve.invoke(AbstractAccessLogValve.java:687)
		at org.apache.catalina.core.StandardEngineValve.invoke(StandardEngineValve.java:78)
		at org.apache.catalina.connector.CoyoteAdapter.service(CoyoteAdapter.java:357)
		at org.apache.coyote.http11.Http11Processor.service(Http11Processor.java:382)
		at org.apache.coyote.AbstractProcessorLight.process(AbstractProcessorLight.java:65)
		at org.apache.coyote.AbstractProtocol$ConnectionHandler.process(AbstractProtocol.java:895)
		at org.apache.tomcat.util.net.NioEndpoint$SocketProcessor.doRun(NioEndpoint.java:1732)
		at org.apache.tomcat.util.net.SocketProcessorBase.run(SocketProcessorBase.java:49)
		at org.apache.tomcat.util.threads.ThreadPoolExecutor.runWorker(ThreadPoolExecutor.java:1191)
		at org.apache.tomcat.util.threads.ThreadPoolExecutor$Worker.run(ThreadPoolExecutor.java:659)
		at org.apache.tomcat.util.threads.TaskThread$WrappingRunnable.run(TaskThread.java:61)
		at java.base/java.lang.Thread.run(Thread.java:833)
27-Jan-2022 18:26:10.833 INFO [Thread-2] org.apache.catalina.core.ApplicationContext.log SessionListener: contextDestroyed()
27-Jan-2022 18:26:10.833 INFO [Thread-2] org.apache.catalina.core.ApplicationContext.log ContextListener: contextDestroyed()
27-Jan-2022 18:26:13.183 INFO [main] org.apache.catalina.core.ApplicationContext.log ContextListener: contextInitialized()
27-Jan-2022 18:26:13.183 INFO [main] org.apache.catalina.core.ApplicationContext.log SessionListener: contextInitialized()
27-Jan-2022 18:26:13.184 INFO [main] org.apache.catalina.core.ApplicationContext.log ContextListener: attributeAdded('StockTicker', 'async.Stockticker@5432c277')
27-Jan-2022 18:26:23.605 INFO [http-nio-8080-exec-3] org.apache.catalina.core.ApplicationContext.log Marking servlet [Instalador] as unavailable
27-Jan-2022 18:26:23.606 SEVERE [http-nio-8080-exec-3] org.apache.catalina.core.StandardWrapperValve.invoke Allocate exception for servlet [Instalador]
	java.lang.ClassNotFoundException: org.dam.musicToMuch.Instalador.java
		at org.apache.catalina.loader.WebappClassLoaderBase.loadClass(WebappClassLoaderBase.java:1407)
		at org.apache.catalina.loader.WebappClassLoaderBase.loadClass(WebappClassLoaderBase.java:1215)
		at org.apache.catalina.core.DefaultInstanceManager.loadClass(DefaultInstanceManager.java:534)
		at org.apache.catalina.core.DefaultInstanceManager.loadClassMaybePrivileged(DefaultInstanceManager.java:515)
		at org.apache.catalina.core.DefaultInstanceManager.newInstance(DefaultInstanceManager.java:149)
		at org.apache.catalina.core.StandardWrapper.loadServlet(StandardWrapper.java:1070)
		at org.apache.catalina.core.StandardWrapper.allocate(StandardWrapper.java:788)
		at org.apache.catalina.core.StandardWrapperValve.invoke(StandardWrapperValve.java:128)
		at org.apache.catalina.core.StandardContextValve.invoke(StandardContextValve.java:97)
		at org.apache.catalina.authenticator.AuthenticatorBase.invoke(AuthenticatorBase.java:540)
		at org.apache.catalina.core.StandardHostValve.invoke(StandardHostValve.java:135)
		at org.apache.catalina.valves.ErrorReportValve.invoke(ErrorReportValve.java:92)
		at org.apache.catalina.valves.AbstractAccessLogValve.invoke(AbstractAccessLogValve.java:687)
		at org.apache.catalina.core.StandardEngineValve.invoke(StandardEngineValve.java:78)
		at org.apache.catalina.connector.CoyoteAdapter.service(CoyoteAdapter.java:357)
		at org.apache.coyote.http11.Http11Processor.service(Http11Processor.java:382)
		at org.apache.coyote.AbstractProcessorLight.process(AbstractProcessorLight.java:65)
		at org.apache.coyote.AbstractProtocol$ConnectionHandler.process(AbstractProtocol.java:895)
		at org.apache.tomcat.util.net.NioEndpoint$SocketProcessor.doRun(NioEndpoint.java:1732)
		at org.apache.tomcat.util.net.SocketProcessorBase.run(SocketProcessorBase.java:49)
		at org.apache.tomcat.util.threads.ThreadPoolExecutor.runWorker(ThreadPoolExecutor.java:1191)
		at org.apache.tomcat.util.threads.ThreadPoolExecutor$Worker.run(ThreadPoolExecutor.java:659)
		at org.apache.tomcat.util.threads.TaskThread$WrappingRunnable.run(TaskThread.java:61)
		at java.base/java.lang.Thread.run(Thread.java:833)
27-Jan-2022 18:28:41.959 INFO [Thread-2] org.apache.catalina.core.ApplicationContext.log SessionListener: contextDestroyed()
27-Jan-2022 18:28:41.959 INFO [Thread-2] org.apache.catalina.core.ApplicationContext.log ContextListener: contextDestroyed()
27-Jan-2022 18:28:46.329 INFO [main] org.apache.catalina.core.ApplicationContext.log ContextListener: contextInitialized()
27-Jan-2022 18:28:46.330 INFO [main] org.apache.catalina.core.ApplicationContext.log SessionListener: contextInitialized()
27-Jan-2022 18:28:46.331 INFO [main] org.apache.catalina.core.ApplicationContext.log ContextListener: attributeAdded('StockTicker', 'async.Stockticker@70e13fa')
27-Jan-2022 18:28:54.639 INFO [http-nio-8080-exec-2] org.apache.catalina.core.ApplicationContext.log Marking servlet [Instalador] as unavailable
27-Jan-2022 18:28:54.640 SEVERE [http-nio-8080-exec-2] org.apache.catalina.core.StandardWrapperValve.invoke Allocate exception for servlet [Instalador]
	java.lang.ClassNotFoundException: musicToMuch.Instalador.java
		at org.apache.catalina.loader.WebappClassLoaderBase.loadClass(WebappClassLoaderBase.java:1407)
		at org.apache.catalina.loader.WebappClassLoaderBase.loadClass(WebappClassLoaderBase.java:1215)
		at org.apache.catalina.core.DefaultInstanceManager.loadClass(DefaultInstanceManager.java:534)
		at org.apache.catalina.core.DefaultInstanceManager.loadClassMaybePrivileged(DefaultInstanceManager.java:515)
		at org.apache.catalina.core.DefaultInstanceManager.newInstance(DefaultInstanceManager.java:149)
		at org.apache.catalina.core.StandardWrapper.loadServlet(StandardWrapper.java:1070)
		at org.apache.catalina.core.StandardWrapper.allocate(StandardWrapper.java:788)
		at org.apache.catalina.core.StandardWrapperValve.invoke(StandardWrapperValve.java:128)
		at org.apache.catalina.core.StandardContextValve.invoke(StandardContextValve.java:97)
		at org.apache.catalina.authenticator.AuthenticatorBase.invoke(AuthenticatorBase.java:540)
		at org.apache.catalina.core.StandardHostValve.invoke(StandardHostValve.java:135)
		at org.apache.catalina.valves.ErrorReportValve.invoke(ErrorReportValve.java:92)
		at org.apache.catalina.valves.AbstractAccessLogValve.invoke(AbstractAccessLogValve.java:687)
		at org.apache.catalina.core.StandardEngineValve.invoke(StandardEngineValve.java:78)
		at org.apache.catalina.connector.CoyoteAdapter.service(CoyoteAdapter.java:357)
		at org.apache.coyote.http11.Http11Processor.service(Http11Processor.java:382)
		at org.apache.coyote.AbstractProcessorLight.process(AbstractProcessorLight.java:65)
		at org.apache.coyote.AbstractProtocol$ConnectionHandler.process(AbstractProtocol.java:895)
		at org.apache.tomcat.util.net.NioEndpoint$SocketProcessor.doRun(NioEndpoint.java:1732)
		at org.apache.tomcat.util.net.SocketProcessorBase.run(SocketProcessorBase.java:49)
		at org.apache.tomcat.util.threads.ThreadPoolExecutor.runWorker(ThreadPoolExecutor.java:1191)
		at org.apache.tomcat.util.threads.ThreadPoolExecutor$Worker.run(ThreadPoolExecutor.java:659)
		at org.apache.tomcat.util.threads.TaskThread$WrappingRunnable.run(TaskThread.java:61)
		at java.base/java.lang.Thread.run(Thread.java:833)
27-Jan-2022 18:29:54.357 INFO [Thread-2] org.apache.catalina.core.ApplicationContext.log SessionListener: contextDestroyed()
27-Jan-2022 18:29:54.357 INFO [Thread-2] org.apache.catalina.core.ApplicationContext.log ContextListener: contextDestroyed()
27-Jan-2022 18:30:00.775 INFO [main] org.apache.catalina.core.ApplicationContext.log ContextListener: contextInitialized()
27-Jan-2022 18:30:00.775 INFO [main] org.apache.catalina.core.ApplicationContext.log SessionListener: contextInitialized()
27-Jan-2022 18:30:00.777 INFO [main] org.apache.catalina.core.ApplicationContext.log ContextListener: attributeAdded('StockTicker', 'async.Stockticker@299270eb')
27-Jan-2022 18:30:06.227 INFO [http-nio-8080-exec-1] org.apache.catalina.core.ApplicationContext.log Marking servlet [Instalador] as unavailable
27-Jan-2022 18:30:06.227 SEVERE [http-nio-8080-exec-1] org.apache.catalina.core.StandardWrapperValve.invoke Allocate exception for servlet [Instalador]
	java.lang.ClassNotFoundException: musicToMuch.Instalador.java
		at org.apache.catalina.loader.WebappClassLoaderBase.loadClass(WebappClassLoaderBase.java:1407)
		at org.apache.catalina.loader.WebappClassLoaderBase.loadClass(WebappClassLoaderBase.java:1215)
		at org.apache.catalina.core.DefaultInstanceManager.loadClass(DefaultInstanceManager.java:534)
		at org.apache.catalina.core.DefaultInstanceManager.loadClassMaybePrivileged(DefaultInstanceManager.java:515)
		at org.apache.catalina.core.DefaultInstanceManager.newInstance(DefaultInstanceManager.java:149)
		at org.apache.catalina.core.StandardWrapper.loadServlet(StandardWrapper.java:1070)
		at org.apache.catalina.core.StandardWrapper.allocate(StandardWrapper.java:788)
		at org.apache.catalina.core.StandardWrapperValve.invoke(StandardWrapperValve.java:128)
		at org.apache.catalina.core.StandardContextValve.invoke(StandardContextValve.java:97)
		at org.apache.catalina.authenticator.AuthenticatorBase.invoke(AuthenticatorBase.java:540)
		at org.apache.catalina.core.StandardHostValve.invoke(StandardHostValve.java:135)
		at org.apache.catalina.valves.ErrorReportValve.invoke(ErrorReportValve.java:92)
		at org.apache.catalina.valves.AbstractAccessLogValve.invoke(AbstractAccessLogValve.java:687)
		at org.apache.catalina.core.StandardEngineValve.invoke(StandardEngineValve.java:78)
		at org.apache.catalina.connector.CoyoteAdapter.service(CoyoteAdapter.java:357)
		at org.apache.coyote.http11.Http11Processor.service(Http11Processor.java:382)
		at org.apache.coyote.AbstractProcessorLight.process(AbstractProcessorLight.java:65)
		at org.apache.coyote.AbstractProtocol$ConnectionHandler.process(AbstractProtocol.java:895)
		at org.apache.tomcat.util.net.NioEndpoint$SocketProcessor.doRun(NioEndpoint.java:1732)
		at org.apache.tomcat.util.net.SocketProcessorBase.run(SocketProcessorBase.java:49)
		at org.apache.tomcat.util.threads.ThreadPoolExecutor.runWorker(ThreadPoolExecutor.java:1191)
		at org.apache.tomcat.util.threads.ThreadPoolExecutor$Worker.run(ThreadPoolExecutor.java:659)
		at org.apache.tomcat.util.threads.TaskThread$WrappingRunnable.run(TaskThread.java:61)
		at java.base/java.lang.Thread.run(Thread.java:833)
27-Jan-2022 18:30:59.800 INFO [Thread-2] org.apache.catalina.core.ApplicationContext.log SessionListener: contextDestroyed()
27-Jan-2022 18:30:59.800 INFO [Thread-2] org.apache.catalina.core.ApplicationContext.log ContextListener: contextDestroyed()
27-Jan-2022 18:32:48.090 INFO [main] org.apache.catalina.core.ApplicationContext.log ContextListener: contextInitialized()
27-Jan-2022 18:32:48.090 INFO [main] org.apache.catalina.core.ApplicationContext.log SessionListener: contextInitialized()
27-Jan-2022 18:32:48.091 INFO [main] org.apache.catalina.core.ApplicationContext.log ContextListener: attributeAdded('StockTicker', 'async.Stockticker@299270eb')
27-Jan-2022 18:34:01.610 INFO [Thread-2] org.apache.catalina.core.ApplicationContext.log SessionListener: contextDestroyed()
27-Jan-2022 18:34:01.610 INFO [Thread-2] org.apache.catalina.core.ApplicationContext.log ContextListener: contextDestroyed()
27-Jan-2022 18:34:07.053 INFO [main] org.apache.catalina.core.ApplicationContext.log ContextListener: contextInitialized()
27-Jan-2022 18:34:07.053 INFO [main] org.apache.catalina.core.ApplicationContext.log SessionListener: contextInitialized()
27-Jan-2022 18:34:07.054 INFO [main] org.apache.catalina.core.ApplicationContext.log ContextListener: attributeAdded('StockTicker', 'async.Stockticker@409986fe')
27-Jan-2022 18:50:04.701 INFO [Thread-2] org.apache.catalina.core.ApplicationContext.log SessionListener: contextDestroyed()
27-Jan-2022 18:50:04.701 INFO [Thread-2] org.apache.catalina.core.ApplicationContext.log ContextListener: contextDestroyed()
27-Jan-2022 18:50:10.884 INFO [main] org.apache.catalina.core.ApplicationContext.log ContextListener: contextInitialized()
27-Jan-2022 18:50:10.884 INFO [main] org.apache.catalina.core.ApplicationContext.log SessionListener: contextInitialized()
27-Jan-2022 18:50:10.886 INFO [main] org.apache.catalina.core.ApplicationContext.log ContextListener: attributeAdded('StockTicker', 'async.Stockticker@70e13fa')
27-Jan-2022 18:54:26.331 INFO [Thread-2] org.apache.catalina.core.ApplicationContext.log SessionListener: contextDestroyed()
27-Jan-2022 18:54:26.331 INFO [Thread-2] org.apache.catalina.core.ApplicationContext.log ContextListener: contextDestroyed()
27-Jan-2022 18:54:32.769 INFO [main] org.apache.catalina.core.ApplicationContext.log ContextListener: contextInitialized()
27-Jan-2022 18:54:32.769 INFO [main] org.apache.catalina.core.ApplicationContext.log SessionListener: contextInitialized()
27-Jan-2022 18:54:32.770 INFO [main] org.apache.catalina.core.ApplicationContext.log ContextListener: attributeAdded('StockTicker', 'async.Stockticker@69fa8e76')
27-Jan-2022 19:45:57.606 INFO [Thread-2] org.apache.catalina.core.ApplicationContext.log SessionListener: contextDestroyed()
27-Jan-2022 19:45:57.606 INFO [Thread-2] org.apache.catalina.core.ApplicationContext.log ContextListener: contextDestroyed()
27-Jan-2022 19:51:54.214 INFO [main] org.apache.catalina.core.ApplicationContext.log ContextListener: contextInitialized()
27-Jan-2022 19:51:54.215 INFO [main] org.apache.catalina.core.ApplicationContext.log SessionListener: contextInitialized()
27-Jan-2022 19:51:54.216 INFO [main] org.apache.catalina.core.ApplicationContext.log ContextListener: attributeAdded('StockTicker', 'async.Stockticker@3bbf9027')
27-Jan-2022 19:52:26.452 INFO [Thread-2] org.apache.catalina.core.ApplicationContext.log SessionListener: contextDestroyed()
27-Jan-2022 19:52:26.452 INFO [Thread-2] org.apache.catalina.core.ApplicationContext.log ContextListener: contextDestroyed()
27-Jan-2022 19:52:31.559 INFO [main] org.apache.catalina.core.ApplicationContext.log ContextListener: contextInitialized()
27-Jan-2022 19:52:31.560 INFO [main] org.apache.catalina.core.ApplicationContext.log SessionListener: contextInitialized()
27-Jan-2022 19:52:31.561 INFO [main] org.apache.catalina.core.ApplicationContext.log ContextListener: attributeAdded('StockTicker', 'async.Stockticker@bdd2027')
27-Jan-2022 19:54:11.291 INFO [Thread-2] org.apache.catalina.core.ApplicationContext.log SessionListener: contextDestroyed()
27-Jan-2022 19:54:11.291 INFO [Thread-2] org.apache.catalina.core.ApplicationContext.log ContextListener: contextDestroyed()
27-Jan-2022 19:54:13.233 INFO [main] org.apache.catalina.core.ApplicationContext.log ContextListener: contextInitialized()
27-Jan-2022 19:54:13.233 INFO [main] org.apache.catalina.core.ApplicationContext.log SessionListener: contextInitialized()
27-Jan-2022 19:54:13.234 INFO [main] org.apache.catalina.core.ApplicationContext.log ContextListener: attributeAdded('StockTicker', 'async.Stockticker@6ff415ad')
27-Jan-2022 19:55:28.172 INFO [Thread-2] org.apache.catalina.core.ApplicationContext.log SessionListener: contextDestroyed()
27-Jan-2022 19:55:28.172 INFO [Thread-2] org.apache.catalina.core.ApplicationContext.log ContextListener: contextDestroyed()
27-Jan-2022 19:55:29.987 INFO [main] org.apache.catalina.core.ApplicationContext.log ContextListener: contextInitialized()
27-Jan-2022 19:55:29.987 INFO [main] org.apache.catalina.core.ApplicationContext.log SessionListener: contextInitialized()
27-Jan-2022 19:55:29.988 INFO [main] org.apache.catalina.core.ApplicationContext.log ContextListener: attributeAdded('StockTicker', 'async.Stockticker@19b047fe')
27-Jan-2022 19:56:30.828 INFO [Thread-2] org.apache.catalina.core.ApplicationContext.log SessionListener: contextDestroyed()
27-Jan-2022 19:56:30.828 INFO [Thread-2] org.apache.catalina.core.ApplicationContext.log ContextListener: contextDestroyed()
27-Jan-2022 19:56:33.041 INFO [main] org.apache.catalina.core.ApplicationContext.log ContextListener: contextInitialized()
27-Jan-2022 19:56:33.041 INFO [main] org.apache.catalina.core.ApplicationContext.log SessionListener: contextInitialized()
27-Jan-2022 19:56:33.042 INFO [main] org.apache.catalina.core.ApplicationContext.log ContextListener: attributeAdded('StockTicker', 'async.Stockticker@bdd2027')
27-Jan-2022 19:57:02.949 INFO [Thread-2] org.apache.catalina.core.ApplicationContext.log SessionListener: contextDestroyed()
27-Jan-2022 19:57:02.949 INFO [Thread-2] org.apache.catalina.core.ApplicationContext.log ContextListener: contextDestroyed()
27-Jan-2022 19:57:05.436 INFO [main] org.apache.catalina.core.ApplicationContext.log ContextListener: contextInitialized()
27-Jan-2022 19:57:05.436 INFO [main] org.apache.catalina.core.ApplicationContext.log SessionListener: contextInitialized()
27-Jan-2022 19:57:05.437 INFO [main] org.apache.catalina.core.ApplicationContext.log ContextListener: attributeAdded('StockTicker', 'async.Stockticker@10c2064a')
27-Jan-2022 19:57:26.809 INFO [Thread-2] org.apache.catalina.core.ApplicationContext.log SessionListener: contextDestroyed()
27-Jan-2022 19:57:26.809 INFO [Thread-2] org.apache.catalina.core.ApplicationContext.log ContextListener: contextDestroyed()
27-Jan-2022 19:57:28.965 INFO [main] org.apache.catalina.core.ApplicationContext.log ContextListener: contextInitialized()
27-Jan-2022 19:57:28.965 INFO [main] org.apache.catalina.core.ApplicationContext.log SessionListener: contextInitialized()
27-Jan-2022 19:57:28.966 INFO [main] org.apache.catalina.core.ApplicationContext.log ContextListener: attributeAdded('StockTicker', 'async.Stockticker@28fd3dc1')
27-Jan-2022 20:00:01.856 INFO [Thread-2] org.apache.catalina.core.ApplicationContext.log SessionListener: contextDestroyed()
27-Jan-2022 20:00:01.856 INFO [Thread-2] org.apache.catalina.core.ApplicationContext.log ContextListener: contextDestroyed()
27-Jan-2022 20:00:03.863 INFO [main] org.apache.catalina.core.ApplicationContext.log ContextListener: contextInitialized()
27-Jan-2022 20:00:03.863 INFO [main] org.apache.catalina.core.ApplicationContext.log SessionListener: contextInitialized()
27-Jan-2022 20:00:03.864 INFO [main] org.apache.catalina.core.ApplicationContext.log ContextListener: attributeAdded('StockTicker', 'async.Stockticker@28fd3dc1')
27-Jan-2022 20:00:22.023 INFO [Thread-2] org.apache.catalina.core.ApplicationContext.log SessionListener: contextDestroyed()
27-Jan-2022 20:00:22.023 INFO [Thread-2] org.apache.catalina.core.ApplicationContext.log ContextListener: contextDestroyed()
27-Jan-2022 20:00:23.821 INFO [main] org.apache.catalina.core.ApplicationContext.log ContextListener: contextInitialized()
27-Jan-2022 20:00:23.821 INFO [main] org.apache.catalina.core.ApplicationContext.log SessionListener: contextInitialized()
27-Jan-2022 20:00:23.822 INFO [main] org.apache.catalina.core.ApplicationContext.log ContextListener: attributeAdded('StockTicker', 'async.Stockticker@19b047fe')
27-Jan-2022 20:01:04.328 INFO [Thread-2] org.apache.catalina.core.ApplicationContext.log SessionListener: contextDestroyed()
27-Jan-2022 20:01:04.328 INFO [Thread-2] org.apache.catalina.core.ApplicationContext.log ContextListener: contextDestroyed()
27-Jan-2022 20:01:07.157 INFO [main] org.apache.catalina.core.ApplicationContext.log ContextListener: contextInitialized()
27-Jan-2022 20:01:07.157 INFO [main] org.apache.catalina.core.ApplicationContext.log SessionListener: contextInitialized()
27-Jan-2022 20:01:07.158 INFO [main] org.apache.catalina.core.ApplicationContext.log ContextListener: attributeAdded('StockTicker', 'async.Stockticker@10c2064a')
27-Jan-2022 20:02:45.495 INFO [Thread-2] org.apache.catalina.core.ApplicationContext.log SessionListener: contextDestroyed()
27-Jan-2022 20:02:45.495 INFO [Thread-2] org.apache.catalina.core.ApplicationContext.log ContextListener: contextDestroyed()
27-Jan-2022 20:02:47.681 INFO [main] org.apache.catalina.core.ApplicationContext.log ContextListener: contextInitialized()
27-Jan-2022 20:02:47.681 INFO [main] org.apache.catalina.core.ApplicationContext.log SessionListener: contextInitialized()
27-Jan-2022 20:02:47.682 INFO [main] org.apache.catalina.core.ApplicationContext.log ContextListener: attributeAdded('StockTicker', 'async.Stockticker@28fd3dc1')
27-Jan-2022 20:03:58.435 INFO [Thread-2] org.apache.catalina.core.ApplicationContext.log SessionListener: contextDestroyed()
27-Jan-2022 20:03:58.435 INFO [Thread-2] org.apache.catalina.core.ApplicationContext.log ContextListener: contextDestroyed()
27-Jan-2022 20:04:00.740 INFO [main] org.apache.catalina.core.ApplicationContext.log ContextListener: contextInitialized()
27-Jan-2022 20:04:00.740 INFO [main] org.apache.catalina.core.ApplicationContext.log SessionListener: contextInitialized()
27-Jan-2022 20:04:00.741 INFO [main] org.apache.catalina.core.ApplicationContext.log ContextListener: attributeAdded('StockTicker', 'async.Stockticker@6bf13698')
27-Jan-2022 20:04:58.553 INFO [Thread-2] org.apache.catalina.core.ApplicationContext.log SessionListener: contextDestroyed()
27-Jan-2022 20:04:58.553 INFO [Thread-2] org.apache.catalina.core.ApplicationContext.log ContextListener: contextDestroyed()
27-Jan-2022 20:05:00.588 INFO [main] org.apache.catalina.core.ApplicationContext.log ContextListener: contextInitialized()
27-Jan-2022 20:05:00.588 INFO [main] org.apache.catalina.core.ApplicationContext.log SessionListener: contextInitialized()
27-Jan-2022 20:05:00.589 INFO [main] org.apache.catalina.core.ApplicationContext.log ContextListener: attributeAdded('StockTicker', 'async.Stockticker@6bf13698')
27-Jan-2022 20:19:18.564 INFO [Thread-2] org.apache.catalina.core.ApplicationContext.log SessionListener: contextDestroyed()
27-Jan-2022 20:19:18.564 INFO [Thread-2] org.apache.catalina.core.ApplicationContext.log ContextListener: contextDestroyed()
27-Jan-2022 20:19:21.429 INFO [main] org.apache.catalina.core.ApplicationContext.log ContextListener: contextInitialized()
27-Jan-2022 20:19:21.429 INFO [main] org.apache.catalina.core.ApplicationContext.log SessionListener: contextInitialized()
27-Jan-2022 20:19:21.430 INFO [main] org.apache.catalina.core.ApplicationContext.log ContextListener: attributeAdded('StockTicker', 'async.Stockticker@bdd2027')
27-Jan-2022 20:55:11.226 INFO [Thread-2] org.apache.catalina.core.ApplicationContext.log SessionListener: contextDestroyed()
27-Jan-2022 20:55:11.226 INFO [Thread-2] org.apache.catalina.core.ApplicationContext.log ContextListener: contextDestroyed()
27-Jan-2022 23:43:38.653 INFO [main] org.apache.catalina.core.ApplicationContext.log ContextListener: contextInitialized()
27-Jan-2022 23:43:38.653 INFO [main] org.apache.catalina.core.ApplicationContext.log SessionListener: contextInitialized()
27-Jan-2022 23:43:38.654 INFO [main] org.apache.catalina.core.ApplicationContext.log ContextListener: attributeAdded('StockTicker', 'async.Stockticker@3effd4f3')
27-Jan-2022 23:45:26.686 INFO [Thread-2] org.apache.catalina.core.ApplicationContext.log SessionListener: contextDestroyed()
27-Jan-2022 23:45:26.686 INFO [Thread-2] org.apache.catalina.core.ApplicationContext.log ContextListener: contextDestroyed()
27-Jan-2022 23:45:28.780 INFO [main] org.apache.catalina.core.ApplicationContext.log ContextListener: contextInitialized()
27-Jan-2022 23:45:28.780 INFO [main] org.apache.catalina.core.ApplicationContext.log SessionListener: contextInitialized()
27-Jan-2022 23:45:28.781 INFO [main] org.apache.catalina.core.ApplicationContext.log ContextListener: attributeAdded('StockTicker', 'async.Stockticker@3effd4f3')
27-Jan-2022 23:51:26.328 INFO [Thread-2] org.apache.catalina.core.ApplicationContext.log SessionListener: contextDestroyed()
27-Jan-2022 23:51:26.328 INFO [Thread-2] org.apache.catalina.core.ApplicationContext.log ContextListener: contextDestroyed()
27-Jan-2022 23:51:28.349 INFO [main] org.apache.catalina.core.ApplicationContext.log ContextListener: contextInitialized()
27-Jan-2022 23:51:28.349 INFO [main] org.apache.catalina.core.ApplicationContext.log SessionListener: contextInitialized()
27-Jan-2022 23:51:28.350 INFO [main] org.apache.catalina.core.ApplicationContext.log ContextListener: attributeAdded('StockTicker', 'async.Stockticker@75769ab0')
