09-Feb-2022 15:32:30.795 INFO [main] org.apache.catalina.core.ApplicationContext.log ContextListener: contextInitialized()
09-Feb-2022 15:32:30.795 INFO [main] org.apache.catalina.core.ApplicationContext.log SessionListener: contextInitialized()
09-Feb-2022 15:32:30.796 INFO [main] org.apache.catalina.core.ApplicationContext.log ContextListener: attributeAdded('StockTicker', 'async.Stockticker@58230224')
09-Feb-2022 16:17:56.586 INFO [Thread-2] org.apache.catalina.core.ApplicationContext.log SessionListener: contextDestroyed()
09-Feb-2022 16:17:56.586 INFO [Thread-2] org.apache.catalina.core.ApplicationContext.log ContextListener: contextDestroyed()
09-Feb-2022 16:38:43.516 INFO [main] org.apache.catalina.core.ApplicationContext.log ContextListener: contextInitialized()
09-Feb-2022 16:38:43.516 INFO [main] org.apache.catalina.core.ApplicationContext.log SessionListener: contextInitialized()
09-Feb-2022 16:38:43.517 INFO [main] org.apache.catalina.core.ApplicationContext.log ContextListener: attributeAdded('StockTicker', 'async.Stockticker@685efb22')
09-Feb-2022 17:20:29.636 INFO [Thread-2] org.apache.catalina.core.ApplicationContext.log SessionListener: contextDestroyed()
09-Feb-2022 17:20:29.636 INFO [Thread-2] org.apache.catalina.core.ApplicationContext.log ContextListener: contextDestroyed()
09-Feb-2022 17:20:34.158 INFO [main] org.apache.catalina.core.ApplicationContext.log ContextListener: contextInitialized()
09-Feb-2022 17:20:34.158 INFO [main] org.apache.catalina.core.ApplicationContext.log SessionListener: contextInitialized()
09-Feb-2022 17:20:34.159 INFO [main] org.apache.catalina.core.ApplicationContext.log ContextListener: attributeAdded('StockTicker', 'async.Stockticker@614427b2')
09-Feb-2022 17:23:10.578 INFO [Thread-2] org.apache.catalina.core.ApplicationContext.log SessionListener: contextDestroyed()
09-Feb-2022 17:23:10.578 INFO [Thread-2] org.apache.catalina.core.ApplicationContext.log ContextListener: contextDestroyed()
09-Feb-2022 17:23:16.777 INFO [main] org.apache.catalina.core.ApplicationContext.log ContextListener: contextInitialized()
09-Feb-2022 17:23:16.777 INFO [main] org.apache.catalina.core.ApplicationContext.log SessionListener: contextInitialized()
09-Feb-2022 17:23:16.778 INFO [main] org.apache.catalina.core.ApplicationContext.log ContextListener: attributeAdded('StockTicker', 'async.Stockticker@3e6b8b27')
09-Feb-2022 17:24:32.346 INFO [Thread-2] org.apache.catalina.core.ApplicationContext.log SessionListener: contextDestroyed()
09-Feb-2022 17:24:32.346 INFO [Thread-2] org.apache.catalina.core.ApplicationContext.log ContextListener: contextDestroyed()
09-Feb-2022 17:24:37.049 INFO [main] org.apache.catalina.core.ApplicationContext.log ContextListener: contextInitialized()
09-Feb-2022 17:24:37.049 INFO [main] org.apache.catalina.core.ApplicationContext.log SessionListener: contextInitialized()
09-Feb-2022 17:24:37.051 INFO [main] org.apache.catalina.core.ApplicationContext.log ContextListener: attributeAdded('StockTicker', 'async.Stockticker@583f6270')
09-Feb-2022 17:25:50.182 INFO [Thread-2] org.apache.catalina.core.ApplicationContext.log SessionListener: contextDestroyed()
09-Feb-2022 17:25:50.182 INFO [Thread-2] org.apache.catalina.core.ApplicationContext.log ContextListener: contextDestroyed()
09-Feb-2022 17:25:55.127 INFO [main] org.apache.catalina.core.ApplicationContext.log ContextListener: contextInitialized()
09-Feb-2022 17:25:55.127 INFO [main] org.apache.catalina.core.ApplicationContext.log SessionListener: contextInitialized()
09-Feb-2022 17:25:55.129 INFO [main] org.apache.catalina.core.ApplicationContext.log ContextListener: attributeAdded('StockTicker', 'async.Stockticker@3e6b8b27')
09-Feb-2022 17:26:34.014 INFO [Thread-2] org.apache.catalina.core.ApplicationContext.log SessionListener: contextDestroyed()
09-Feb-2022 17:26:34.014 INFO [Thread-2] org.apache.catalina.core.ApplicationContext.log ContextListener: contextDestroyed()
09-Feb-2022 17:26:38.897 INFO [main] org.apache.catalina.core.ApplicationContext.log ContextListener: contextInitialized()
09-Feb-2022 17:26:38.897 INFO [main] org.apache.catalina.core.ApplicationContext.log SessionListener: contextInitialized()
09-Feb-2022 17:26:38.898 INFO [main] org.apache.catalina.core.ApplicationContext.log ContextListener: attributeAdded('StockTicker', 'async.Stockticker@583f6270')
09-Feb-2022 17:29:03.050 INFO [Thread-2] org.apache.catalina.core.ApplicationContext.log SessionListener: contextDestroyed()
09-Feb-2022 17:29:03.050 INFO [Thread-2] org.apache.catalina.core.ApplicationContext.log ContextListener: contextDestroyed()
09-Feb-2022 17:29:08.469 INFO [main] org.apache.catalina.core.ApplicationContext.log ContextListener: contextInitialized()
09-Feb-2022 17:29:08.469 INFO [main] org.apache.catalina.core.ApplicationContext.log SessionListener: contextInitialized()
09-Feb-2022 17:29:08.470 INFO [main] org.apache.catalina.core.ApplicationContext.log ContextListener: attributeAdded('StockTicker', 'async.Stockticker@614427b2')
09-Feb-2022 17:31:02.803 INFO [Thread-2] org.apache.catalina.core.ApplicationContext.log SessionListener: contextDestroyed()
09-Feb-2022 17:31:02.803 INFO [Thread-2] org.apache.catalina.core.ApplicationContext.log ContextListener: contextDestroyed()
09-Feb-2022 17:31:07.653 INFO [main] org.apache.catalina.core.ApplicationContext.log ContextListener: contextInitialized()
09-Feb-2022 17:31:07.653 INFO [main] org.apache.catalina.core.ApplicationContext.log SessionListener: contextInitialized()
09-Feb-2022 17:31:07.654 INFO [main] org.apache.catalina.core.ApplicationContext.log ContextListener: attributeAdded('StockTicker', 'async.Stockticker@3d4b3b94')
09-Feb-2022 17:33:04.073 INFO [Thread-2] org.apache.catalina.core.ApplicationContext.log SessionListener: contextDestroyed()
09-Feb-2022 17:33:04.073 INFO [Thread-2] org.apache.catalina.core.ApplicationContext.log ContextListener: contextDestroyed()
09-Feb-2022 17:33:09.074 INFO [main] org.apache.catalina.core.ApplicationContext.log ContextListener: contextInitialized()
09-Feb-2022 17:33:09.074 INFO [main] org.apache.catalina.core.ApplicationContext.log SessionListener: contextInitialized()
09-Feb-2022 17:33:09.075 INFO [main] org.apache.catalina.core.ApplicationContext.log ContextListener: attributeAdded('StockTicker', 'async.Stockticker@614427b2')
09-Feb-2022 17:35:57.333 INFO [Thread-2] org.apache.catalina.core.ApplicationContext.log SessionListener: contextDestroyed()
09-Feb-2022 17:35:57.333 INFO [Thread-2] org.apache.catalina.core.ApplicationContext.log ContextListener: contextDestroyed()
09-Feb-2022 17:36:06.847 INFO [main] org.apache.catalina.core.ApplicationContext.log ContextListener: contextInitialized()
09-Feb-2022 17:36:06.848 INFO [main] org.apache.catalina.core.ApplicationContext.log SessionListener: contextInitialized()
09-Feb-2022 17:36:06.850 INFO [main] org.apache.catalina.core.ApplicationContext.log ContextListener: attributeAdded('StockTicker', 'async.Stockticker@3d4b3b94')
09-Feb-2022 17:39:09.997 INFO [Thread-2] org.apache.catalina.core.ApplicationContext.log SessionListener: contextDestroyed()
09-Feb-2022 17:39:09.997 INFO [Thread-2] org.apache.catalina.core.ApplicationContext.log ContextListener: contextDestroyed()
09-Feb-2022 17:40:24.526 INFO [main] org.apache.catalina.core.ApplicationContext.log ContextListener: contextInitialized()
09-Feb-2022 17:40:24.526 INFO [main] org.apache.catalina.core.ApplicationContext.log SessionListener: contextInitialized()
09-Feb-2022 17:40:24.527 INFO [main] org.apache.catalina.core.ApplicationContext.log ContextListener: attributeAdded('StockTicker', 'async.Stockticker@5b95a754')
09-Feb-2022 17:45:08.833 INFO [Thread-2] org.apache.catalina.core.ApplicationContext.log SessionListener: contextDestroyed()
09-Feb-2022 17:45:08.833 INFO [Thread-2] org.apache.catalina.core.ApplicationContext.log ContextListener: contextDestroyed()
