02-Feb-2022 12:45:42.257 INFO [main] org.apache.catalina.core.ApplicationContext.log ContextListener: contextInitialized()
02-Feb-2022 12:45:42.257 INFO [main] org.apache.catalina.core.ApplicationContext.log SessionListener: contextInitialized()
02-Feb-2022 12:45:42.258 INFO [main] org.apache.catalina.core.ApplicationContext.log ContextListener: attributeAdded('StockTicker', 'async.Stockticker@656bd8e')
02-Feb-2022 12:47:01.134 INFO [Thread-2] org.apache.catalina.core.ApplicationContext.log SessionListener: contextDestroyed()
02-Feb-2022 12:47:01.134 INFO [Thread-2] org.apache.catalina.core.ApplicationContext.log ContextListener: contextDestroyed()
02-Feb-2022 12:47:07.500 INFO [main] org.apache.catalina.core.ApplicationContext.log ContextListener: contextInitialized()
02-Feb-2022 12:47:07.500 INFO [main] org.apache.catalina.core.ApplicationContext.log SessionListener: contextInitialized()
02-Feb-2022 12:47:07.501 INFO [main] org.apache.catalina.core.ApplicationContext.log ContextListener: attributeAdded('StockTicker', 'async.Stockticker@3c73d613')
02-Feb-2022 12:48:33.376 INFO [Thread-2] org.apache.catalina.core.ApplicationContext.log SessionListener: contextDestroyed()
02-Feb-2022 12:48:33.376 INFO [Thread-2] org.apache.catalina.core.ApplicationContext.log ContextListener: contextDestroyed()
02-Feb-2022 12:48:40.569 INFO [main] org.apache.catalina.core.ApplicationContext.log ContextListener: contextInitialized()
02-Feb-2022 12:48:40.570 INFO [main] org.apache.catalina.core.ApplicationContext.log SessionListener: contextInitialized()
02-Feb-2022 12:48:40.572 INFO [main] org.apache.catalina.core.ApplicationContext.log ContextListener: attributeAdded('StockTicker', 'async.Stockticker@460222eb')
02-Feb-2022 12:49:43.768 INFO [Thread-2] org.apache.catalina.core.ApplicationContext.log SessionListener: contextDestroyed()
02-Feb-2022 12:49:43.768 INFO [Thread-2] org.apache.catalina.core.ApplicationContext.log ContextListener: contextDestroyed()
02-Feb-2022 12:49:50.196 INFO [main] org.apache.catalina.core.ApplicationContext.log ContextListener: contextInitialized()
02-Feb-2022 12:49:50.196 INFO [main] org.apache.catalina.core.ApplicationContext.log SessionListener: contextInitialized()
02-Feb-2022 12:49:50.198 INFO [main] org.apache.catalina.core.ApplicationContext.log ContextListener: attributeAdded('StockTicker', 'async.Stockticker@3c73d613')
02-Feb-2022 12:49:56.920 SEVERE [http-nio-8080-exec-1] org.apache.catalina.core.StandardWrapperValve.invoke El Servlet.service() para el servlet [InicioSesion] en el contexto con ruta [/MusicToMuch] lanzó la excepción [La ejecución del Servlet lanzó una excepción] con causa raíz
	org.stringtemplate.v4.compiler.STException
		at org.stringtemplate.v4.compiler.Compiler.reportMessageAndThrowSTException(Compiler.java:224)
		at org.stringtemplate.v4.compiler.Compiler.compile(Compiler.java:154)
		at org.stringtemplate.v4.STGroup.compile(STGroup.java:514)
		at org.stringtemplate.v4.ST.<init>(ST.java:173)
		at org.stringtemplate.v4.ST.<init>(ST.java:159)
		at musicToMuch.PlantillasHTML.<clinit>(PlantillasHTML.java:88)
		at musicToMuch.InicioSesion.pintarPaginaAlert(InicioSesion.java:124)
		at musicToMuch.InicioSesion.pintarPagina(InicioSesion.java:80)
		at musicToMuch.InicioSesion.doPost(InicioSesion.java:43)
		at javax.servlet.http.HttpServlet.service(HttpServlet.java:681)
		at javax.servlet.http.HttpServlet.service(HttpServlet.java:764)
		at org.apache.catalina.core.ApplicationFilterChain.internalDoFilter(ApplicationFilterChain.java:227)
		at org.apache.catalina.core.ApplicationFilterChain.doFilter(ApplicationFilterChain.java:162)
		at org.apache.tomcat.websocket.server.WsFilter.doFilter(WsFilter.java:53)
		at org.apache.catalina.core.ApplicationFilterChain.internalDoFilter(ApplicationFilterChain.java:189)
		at org.apache.catalina.core.ApplicationFilterChain.doFilter(ApplicationFilterChain.java:162)
		at org.apache.catalina.core.StandardWrapperValve.invoke(StandardWrapperValve.java:197)
		at org.apache.catalina.core.StandardContextValve.invoke(StandardContextValve.java:97)
		at org.apache.catalina.authenticator.AuthenticatorBase.invoke(AuthenticatorBase.java:540)
		at org.apache.catalina.core.StandardHostValve.invoke(StandardHostValve.java:135)
		at org.apache.catalina.valves.ErrorReportValve.invoke(ErrorReportValve.java:92)
		at org.apache.catalina.valves.AbstractAccessLogValve.invoke(AbstractAccessLogValve.java:687)
		at org.apache.catalina.core.StandardEngineValve.invoke(StandardEngineValve.java:78)
		at org.apache.catalina.connector.CoyoteAdapter.service(CoyoteAdapter.java:357)
		at org.apache.coyote.http11.Http11Processor.service(Http11Processor.java:382)
		at org.apache.coyote.AbstractProcessorLight.process(AbstractProcessorLight.java:65)
		at org.apache.coyote.AbstractProtocol$ConnectionHandler.process(AbstractProtocol.java:895)
		at org.apache.tomcat.util.net.NioEndpoint$SocketProcessor.doRun(NioEndpoint.java:1732)
		at org.apache.tomcat.util.net.SocketProcessorBase.run(SocketProcessorBase.java:49)
		at org.apache.tomcat.util.threads.ThreadPoolExecutor.runWorker(ThreadPoolExecutor.java:1191)
		at org.apache.tomcat.util.threads.ThreadPoolExecutor$Worker.run(ThreadPoolExecutor.java:659)
		at org.apache.tomcat.util.threads.TaskThread$WrappingRunnable.run(TaskThread.java:61)
		at java.base/java.lang.Thread.run(Thread.java:833)
02-Feb-2022 12:52:33.342 INFO [Thread-2] org.apache.catalina.core.ApplicationContext.log SessionListener: contextDestroyed()
02-Feb-2022 12:52:33.342 INFO [Thread-2] org.apache.catalina.core.ApplicationContext.log ContextListener: contextDestroyed()
02-Feb-2022 12:52:39.387 INFO [main] org.apache.catalina.core.ApplicationContext.log ContextListener: contextInitialized()
02-Feb-2022 12:52:39.387 INFO [main] org.apache.catalina.core.ApplicationContext.log SessionListener: contextInitialized()
02-Feb-2022 12:52:39.388 INFO [main] org.apache.catalina.core.ApplicationContext.log ContextListener: attributeAdded('StockTicker', 'async.Stockticker@2e9f8c8f')
02-Feb-2022 12:53:05.294 INFO [Thread-2] org.apache.catalina.core.ApplicationContext.log SessionListener: contextDestroyed()
02-Feb-2022 12:53:05.294 INFO [Thread-2] org.apache.catalina.core.ApplicationContext.log ContextListener: contextDestroyed()
02-Feb-2022 12:53:39.170 INFO [main] org.apache.catalina.core.ApplicationContext.log ContextListener: contextInitialized()
02-Feb-2022 12:53:39.170 INFO [main] org.apache.catalina.core.ApplicationContext.log SessionListener: contextInitialized()
02-Feb-2022 12:53:39.171 INFO [main] org.apache.catalina.core.ApplicationContext.log ContextListener: attributeAdded('StockTicker', 'async.Stockticker@34612ba9')
02-Feb-2022 12:54:58.516 INFO [Thread-2] org.apache.catalina.core.ApplicationContext.log SessionListener: contextDestroyed()
02-Feb-2022 12:54:58.516 INFO [Thread-2] org.apache.catalina.core.ApplicationContext.log ContextListener: contextDestroyed()
02-Feb-2022 12:55:04.664 INFO [main] org.apache.catalina.core.ApplicationContext.log ContextListener: contextInitialized()
02-Feb-2022 12:55:04.664 INFO [main] org.apache.catalina.core.ApplicationContext.log SessionListener: contextInitialized()
02-Feb-2022 12:55:04.665 INFO [main] org.apache.catalina.core.ApplicationContext.log ContextListener: attributeAdded('StockTicker', 'async.Stockticker@2cf09576')
02-Feb-2022 13:09:08.321 INFO [Thread-2] org.apache.catalina.core.ApplicationContext.log SessionListener: contextDestroyed()
02-Feb-2022 13:09:08.321 INFO [Thread-2] org.apache.catalina.core.ApplicationContext.log ContextListener: contextDestroyed()
02-Feb-2022 15:42:19.529 INFO [main] org.apache.catalina.core.ApplicationContext.log ContextListener: contextInitialized()
02-Feb-2022 15:42:19.529 INFO [main] org.apache.catalina.core.ApplicationContext.log SessionListener: contextInitialized()
02-Feb-2022 15:42:19.529 INFO [main] org.apache.catalina.core.ApplicationContext.log ContextListener: attributeAdded('StockTicker', 'async.Stockticker@5127de08')
02-Feb-2022 15:46:33.766 SEVERE [http-nio-8080-exec-8] org.apache.catalina.core.StandardWrapperValve.invoke El Servlet.service() para el servlet [InicioSesion] en el contexto con ruta [/MusicToMuch] lanzó la excepción [La ejecución del Servlet lanzó una excepción] con causa raíz
	org.stringtemplate.v4.compiler.STException
		at org.stringtemplate.v4.compiler.Compiler.reportMessageAndThrowSTException(Compiler.java:224)
		at org.stringtemplate.v4.compiler.Compiler.compile(Compiler.java:154)
		at org.stringtemplate.v4.STGroup.compile(STGroup.java:514)
		at org.stringtemplate.v4.ST.<init>(ST.java:173)
		at org.stringtemplate.v4.ST.<init>(ST.java:159)
		at musicToMuch.PlantillasHTML.<clinit>(PlantillasHTML.java:88)
		at musicToMuch.InicioSesion.pintarPaginaAlert(InicioSesion.java:124)
		at musicToMuch.InicioSesion.pintarPagina(InicioSesion.java:80)
		at musicToMuch.InicioSesion.doPost(InicioSesion.java:43)
		at javax.servlet.http.HttpServlet.service(HttpServlet.java:681)
		at javax.servlet.http.HttpServlet.service(HttpServlet.java:764)
		at org.apache.catalina.core.ApplicationFilterChain.internalDoFilter(ApplicationFilterChain.java:227)
		at org.apache.catalina.core.ApplicationFilterChain.doFilter(ApplicationFilterChain.java:162)
		at org.apache.tomcat.websocket.server.WsFilter.doFilter(WsFilter.java:53)
		at org.apache.catalina.core.ApplicationFilterChain.internalDoFilter(ApplicationFilterChain.java:189)
		at org.apache.catalina.core.ApplicationFilterChain.doFilter(ApplicationFilterChain.java:162)
		at org.apache.catalina.core.StandardWrapperValve.invoke(StandardWrapperValve.java:197)
		at org.apache.catalina.core.StandardContextValve.invoke(StandardContextValve.java:97)
		at org.apache.catalina.authenticator.AuthenticatorBase.invoke(AuthenticatorBase.java:540)
		at org.apache.catalina.core.StandardHostValve.invoke(StandardHostValve.java:135)
		at org.apache.catalina.valves.ErrorReportValve.invoke(ErrorReportValve.java:92)
		at org.apache.catalina.valves.AbstractAccessLogValve.invoke(AbstractAccessLogValve.java:687)
		at org.apache.catalina.core.StandardEngineValve.invoke(StandardEngineValve.java:78)
		at org.apache.catalina.connector.CoyoteAdapter.service(CoyoteAdapter.java:357)
		at org.apache.coyote.http11.Http11Processor.service(Http11Processor.java:382)
		at org.apache.coyote.AbstractProcessorLight.process(AbstractProcessorLight.java:65)
		at org.apache.coyote.AbstractProtocol$ConnectionHandler.process(AbstractProtocol.java:895)
		at org.apache.tomcat.util.net.NioEndpoint$SocketProcessor.doRun(NioEndpoint.java:1732)
		at org.apache.tomcat.util.net.SocketProcessorBase.run(SocketProcessorBase.java:49)
		at org.apache.tomcat.util.threads.ThreadPoolExecutor.runWorker(ThreadPoolExecutor.java:1191)
		at org.apache.tomcat.util.threads.ThreadPoolExecutor$Worker.run(ThreadPoolExecutor.java:659)
		at org.apache.tomcat.util.threads.TaskThread$WrappingRunnable.run(TaskThread.java:61)
		at java.base/java.lang.Thread.run(Thread.java:833)
02-Feb-2022 15:47:46.863 INFO [Thread-2] org.apache.catalina.core.ApplicationContext.log SessionListener: contextDestroyed()
02-Feb-2022 15:47:46.863 INFO [Thread-2] org.apache.catalina.core.ApplicationContext.log ContextListener: contextDestroyed()
02-Feb-2022 15:47:52.176 INFO [main] org.apache.catalina.core.ApplicationContext.log ContextListener: contextInitialized()
02-Feb-2022 15:47:52.176 INFO [main] org.apache.catalina.core.ApplicationContext.log SessionListener: contextInitialized()
02-Feb-2022 15:47:52.177 INFO [main] org.apache.catalina.core.ApplicationContext.log ContextListener: attributeAdded('StockTicker', 'async.Stockticker@37669c4')
02-Feb-2022 15:48:33.969 INFO [Thread-2] org.apache.catalina.core.ApplicationContext.log SessionListener: contextDestroyed()
02-Feb-2022 15:48:33.969 INFO [Thread-2] org.apache.catalina.core.ApplicationContext.log ContextListener: contextDestroyed()
02-Feb-2022 15:48:39.108 INFO [main] org.apache.catalina.core.ApplicationContext.log ContextListener: contextInitialized()
02-Feb-2022 15:48:39.108 INFO [main] org.apache.catalina.core.ApplicationContext.log SessionListener: contextInitialized()
02-Feb-2022 15:48:39.109 INFO [main] org.apache.catalina.core.ApplicationContext.log ContextListener: attributeAdded('StockTicker', 'async.Stockticker@34612ba9')
02-Feb-2022 15:49:28.939 INFO [Thread-2] org.apache.catalina.core.ApplicationContext.log SessionListener: contextDestroyed()
02-Feb-2022 15:49:28.939 INFO [Thread-2] org.apache.catalina.core.ApplicationContext.log ContextListener: contextDestroyed()
02-Feb-2022 15:49:34.244 INFO [main] org.apache.catalina.core.ApplicationContext.log ContextListener: contextInitialized()
02-Feb-2022 15:49:34.244 INFO [main] org.apache.catalina.core.ApplicationContext.log SessionListener: contextInitialized()
02-Feb-2022 15:49:34.246 INFO [main] org.apache.catalina.core.ApplicationContext.log ContextListener: attributeAdded('StockTicker', 'async.Stockticker@2e9f8c8f')
02-Feb-2022 15:57:49.038 INFO [Thread-2] org.apache.catalina.core.ApplicationContext.log SessionListener: contextDestroyed()
02-Feb-2022 15:57:49.038 INFO [Thread-2] org.apache.catalina.core.ApplicationContext.log ContextListener: contextDestroyed()
02-Feb-2022 15:57:54.362 INFO [main] org.apache.catalina.core.ApplicationContext.log ContextListener: contextInitialized()
02-Feb-2022 15:57:54.362 INFO [main] org.apache.catalina.core.ApplicationContext.log SessionListener: contextInitialized()
02-Feb-2022 15:57:54.363 INFO [main] org.apache.catalina.core.ApplicationContext.log ContextListener: attributeAdded('StockTicker', 'async.Stockticker@33f2ac11')
02-Feb-2022 15:59:15.669 INFO [Thread-2] org.apache.catalina.core.ApplicationContext.log SessionListener: contextDestroyed()
02-Feb-2022 15:59:15.670 INFO [Thread-2] org.apache.catalina.core.ApplicationContext.log ContextListener: contextDestroyed()
02-Feb-2022 15:59:20.824 INFO [main] org.apache.catalina.core.ApplicationContext.log ContextListener: contextInitialized()
02-Feb-2022 15:59:20.824 INFO [main] org.apache.catalina.core.ApplicationContext.log SessionListener: contextInitialized()
02-Feb-2022 15:59:20.825 INFO [main] org.apache.catalina.core.ApplicationContext.log ContextListener: attributeAdded('StockTicker', 'async.Stockticker@2e9f8c8f')
02-Feb-2022 16:06:29.591 INFO [Thread-2] org.apache.catalina.core.ApplicationContext.log SessionListener: contextDestroyed()
02-Feb-2022 16:06:29.591 INFO [Thread-2] org.apache.catalina.core.ApplicationContext.log ContextListener: contextDestroyed()
02-Feb-2022 16:06:35.024 INFO [main] org.apache.catalina.core.ApplicationContext.log ContextListener: contextInitialized()
02-Feb-2022 16:06:35.024 INFO [main] org.apache.catalina.core.ApplicationContext.log SessionListener: contextInitialized()
02-Feb-2022 16:06:35.026 INFO [main] org.apache.catalina.core.ApplicationContext.log ContextListener: attributeAdded('StockTicker', 'async.Stockticker@34612ba9')
02-Feb-2022 16:07:06.711 INFO [Thread-2] org.apache.catalina.core.ApplicationContext.log SessionListener: contextDestroyed()
02-Feb-2022 16:07:06.711 INFO [Thread-2] org.apache.catalina.core.ApplicationContext.log ContextListener: contextDestroyed()
02-Feb-2022 16:07:12.139 INFO [main] org.apache.catalina.core.ApplicationContext.log ContextListener: contextInitialized()
02-Feb-2022 16:07:12.139 INFO [main] org.apache.catalina.core.ApplicationContext.log SessionListener: contextInitialized()
02-Feb-2022 16:07:12.140 INFO [main] org.apache.catalina.core.ApplicationContext.log ContextListener: attributeAdded('StockTicker', 'async.Stockticker@2d260f2a')
02-Feb-2022 16:35:13.674 INFO [Thread-2] org.apache.catalina.core.ApplicationContext.log SessionListener: contextDestroyed()
02-Feb-2022 16:35:13.674 INFO [Thread-2] org.apache.catalina.core.ApplicationContext.log ContextListener: contextDestroyed()
02-Feb-2022 16:35:19.321 INFO [main] org.apache.catalina.core.ApplicationContext.log ContextListener: contextInitialized()
02-Feb-2022 16:35:19.322 INFO [main] org.apache.catalina.core.ApplicationContext.log SessionListener: contextInitialized()
02-Feb-2022 16:35:19.323 INFO [main] org.apache.catalina.core.ApplicationContext.log ContextListener: attributeAdded('StockTicker', 'async.Stockticker@656bd8e')
02-Feb-2022 16:35:42.764 INFO [Thread-2] org.apache.catalina.core.ApplicationContext.log SessionListener: contextDestroyed()
02-Feb-2022 16:35:42.764 INFO [Thread-2] org.apache.catalina.core.ApplicationContext.log ContextListener: contextDestroyed()
02-Feb-2022 16:35:48.038 INFO [main] org.apache.catalina.core.ApplicationContext.log ContextListener: contextInitialized()
02-Feb-2022 16:35:48.038 INFO [main] org.apache.catalina.core.ApplicationContext.log SessionListener: contextInitialized()
02-Feb-2022 16:35:48.040 INFO [main] org.apache.catalina.core.ApplicationContext.log ContextListener: attributeAdded('StockTicker', 'async.Stockticker@3ee39a1c')
02-Feb-2022 16:36:15.491 INFO [Thread-2] org.apache.catalina.core.ApplicationContext.log SessionListener: contextDestroyed()
02-Feb-2022 16:36:15.491 INFO [Thread-2] org.apache.catalina.core.ApplicationContext.log ContextListener: contextDestroyed()
02-Feb-2022 16:36:20.251 INFO [main] org.apache.catalina.core.ApplicationContext.log ContextListener: contextInitialized()
02-Feb-2022 16:36:20.251 INFO [main] org.apache.catalina.core.ApplicationContext.log SessionListener: contextInitialized()
02-Feb-2022 16:36:20.252 INFO [main] org.apache.catalina.core.ApplicationContext.log ContextListener: attributeAdded('StockTicker', 'async.Stockticker@34612ba9')
02-Feb-2022 16:37:29.871 INFO [Thread-2] org.apache.catalina.core.ApplicationContext.log SessionListener: contextDestroyed()
02-Feb-2022 16:37:29.871 INFO [Thread-2] org.apache.catalina.core.ApplicationContext.log ContextListener: contextDestroyed()
02-Feb-2022 16:37:40.582 INFO [main] org.apache.catalina.core.ApplicationContext.log ContextListener: contextInitialized()
02-Feb-2022 16:37:40.582 INFO [main] org.apache.catalina.core.ApplicationContext.log SessionListener: contextInitialized()
02-Feb-2022 16:37:40.583 INFO [main] org.apache.catalina.core.ApplicationContext.log ContextListener: attributeAdded('StockTicker', 'async.Stockticker@71639428')
02-Feb-2022 16:41:45.374 INFO [Thread-2] org.apache.catalina.core.ApplicationContext.log SessionListener: contextDestroyed()
02-Feb-2022 16:41:45.374 INFO [Thread-2] org.apache.catalina.core.ApplicationContext.log ContextListener: contextDestroyed()
02-Feb-2022 16:41:50.307 INFO [main] org.apache.catalina.core.ApplicationContext.log ContextListener: contextInitialized()
02-Feb-2022 16:41:50.308 INFO [main] org.apache.catalina.core.ApplicationContext.log SessionListener: contextInitialized()
02-Feb-2022 16:41:50.313 INFO [main] org.apache.catalina.core.ApplicationContext.log ContextListener: attributeAdded('StockTicker', 'async.Stockticker@48531d5')
02-Feb-2022 16:42:45.437 INFO [Thread-2] org.apache.catalina.core.ApplicationContext.log SessionListener: contextDestroyed()
02-Feb-2022 16:42:45.437 INFO [Thread-2] org.apache.catalina.core.ApplicationContext.log ContextListener: contextDestroyed()
02-Feb-2022 16:42:51.342 INFO [main] org.apache.catalina.core.ApplicationContext.log ContextListener: contextInitialized()
02-Feb-2022 16:42:51.342 INFO [main] org.apache.catalina.core.ApplicationContext.log SessionListener: contextInitialized()
02-Feb-2022 16:42:51.344 INFO [main] org.apache.catalina.core.ApplicationContext.log ContextListener: attributeAdded('StockTicker', 'async.Stockticker@52c4bf29')
02-Feb-2022 16:43:38.111 INFO [Thread-2] org.apache.catalina.core.ApplicationContext.log SessionListener: contextDestroyed()
02-Feb-2022 16:43:38.111 INFO [Thread-2] org.apache.catalina.core.ApplicationContext.log ContextListener: contextDestroyed()
02-Feb-2022 16:43:43.344 INFO [main] org.apache.catalina.core.ApplicationContext.log ContextListener: contextInitialized()
02-Feb-2022 16:43:43.344 INFO [main] org.apache.catalina.core.ApplicationContext.log SessionListener: contextInitialized()
02-Feb-2022 16:43:43.345 INFO [main] org.apache.catalina.core.ApplicationContext.log ContextListener: attributeAdded('StockTicker', 'async.Stockticker@2cf09576')
02-Feb-2022 16:45:02.992 INFO [Thread-2] org.apache.catalina.core.ApplicationContext.log SessionListener: contextDestroyed()
02-Feb-2022 16:45:02.992 INFO [Thread-2] org.apache.catalina.core.ApplicationContext.log ContextListener: contextDestroyed()
02-Feb-2022 16:45:07.965 INFO [main] org.apache.catalina.core.ApplicationContext.log ContextListener: contextInitialized()
02-Feb-2022 16:45:07.965 INFO [main] org.apache.catalina.core.ApplicationContext.log SessionListener: contextInitialized()
02-Feb-2022 16:45:07.965 INFO [main] org.apache.catalina.core.ApplicationContext.log ContextListener: attributeAdded('StockTicker', 'async.Stockticker@52c4bf29')
02-Feb-2022 16:45:57.056 INFO [Thread-2] org.apache.catalina.core.ApplicationContext.log SessionListener: contextDestroyed()
02-Feb-2022 16:45:57.057 INFO [Thread-2] org.apache.catalina.core.ApplicationContext.log ContextListener: contextDestroyed()
02-Feb-2022 16:46:02.003 INFO [main] org.apache.catalina.core.ApplicationContext.log ContextListener: contextInitialized()
02-Feb-2022 16:46:02.003 INFO [main] org.apache.catalina.core.ApplicationContext.log SessionListener: contextInitialized()
02-Feb-2022 16:46:02.011 INFO [main] org.apache.catalina.core.ApplicationContext.log ContextListener: attributeAdded('StockTicker', 'async.Stockticker@40ab1491')
02-Feb-2022 16:55:08.207 INFO [Thread-2] org.apache.catalina.core.ApplicationContext.log SessionListener: contextDestroyed()
02-Feb-2022 16:55:08.207 INFO [Thread-2] org.apache.catalina.core.ApplicationContext.log ContextListener: contextDestroyed()
02-Feb-2022 16:55:13.095 INFO [main] org.apache.catalina.core.ApplicationContext.log ContextListener: contextInitialized()
02-Feb-2022 16:55:13.095 INFO [main] org.apache.catalina.core.ApplicationContext.log SessionListener: contextInitialized()
02-Feb-2022 16:55:13.097 INFO [main] org.apache.catalina.core.ApplicationContext.log ContextListener: attributeAdded('StockTicker', 'async.Stockticker@1e295ef1')
02-Feb-2022 16:58:42.098 INFO [Thread-2] org.apache.catalina.core.ApplicationContext.log SessionListener: contextDestroyed()
02-Feb-2022 16:58:42.098 INFO [Thread-2] org.apache.catalina.core.ApplicationContext.log ContextListener: contextDestroyed()
02-Feb-2022 16:58:46.907 INFO [main] org.apache.catalina.core.ApplicationContext.log ContextListener: contextInitialized()
02-Feb-2022 16:58:46.908 INFO [main] org.apache.catalina.core.ApplicationContext.log SessionListener: contextInitialized()
02-Feb-2022 16:58:46.909 INFO [main] org.apache.catalina.core.ApplicationContext.log ContextListener: attributeAdded('StockTicker', 'async.Stockticker@48531d5')
02-Feb-2022 16:59:12.178 INFO [Thread-2] org.apache.catalina.core.ApplicationContext.log SessionListener: contextDestroyed()
02-Feb-2022 16:59:12.178 INFO [Thread-2] org.apache.catalina.core.ApplicationContext.log ContextListener: contextDestroyed()
02-Feb-2022 16:59:16.950 INFO [main] org.apache.catalina.core.ApplicationContext.log ContextListener: contextInitialized()
02-Feb-2022 16:59:16.950 INFO [main] org.apache.catalina.core.ApplicationContext.log SessionListener: contextInitialized()
02-Feb-2022 16:59:16.951 INFO [main] org.apache.catalina.core.ApplicationContext.log ContextListener: attributeAdded('StockTicker', 'async.Stockticker@1e3469df')
02-Feb-2022 17:03:50.373 INFO [Thread-2] org.apache.catalina.core.ApplicationContext.log SessionListener: contextDestroyed()
02-Feb-2022 17:03:50.373 INFO [Thread-2] org.apache.catalina.core.ApplicationContext.log ContextListener: contextDestroyed()
02-Feb-2022 17:03:55.310 INFO [main] org.apache.catalina.core.ApplicationContext.log ContextListener: contextInitialized()
02-Feb-2022 17:03:55.310 INFO [main] org.apache.catalina.core.ApplicationContext.log SessionListener: contextInitialized()
02-Feb-2022 17:03:55.312 INFO [main] org.apache.catalina.core.ApplicationContext.log ContextListener: attributeAdded('StockTicker', 'async.Stockticker@1913188a')
02-Feb-2022 17:22:52.246 INFO [Thread-2] org.apache.catalina.core.ApplicationContext.log SessionListener: contextDestroyed()
02-Feb-2022 17:22:52.246 INFO [Thread-2] org.apache.catalina.core.ApplicationContext.log ContextListener: contextDestroyed()
02-Feb-2022 17:22:58.688 INFO [main] org.apache.catalina.core.ApplicationContext.log ContextListener: contextInitialized()
02-Feb-2022 17:22:58.689 INFO [main] org.apache.catalina.core.ApplicationContext.log SessionListener: contextInitialized()
02-Feb-2022 17:22:58.690 INFO [main] org.apache.catalina.core.ApplicationContext.log ContextListener: attributeAdded('StockTicker', 'async.Stockticker@1e3469df')
02-Feb-2022 17:23:26.076 INFO [Thread-2] org.apache.catalina.core.ApplicationContext.log SessionListener: contextDestroyed()
02-Feb-2022 17:23:26.076 INFO [Thread-2] org.apache.catalina.core.ApplicationContext.log ContextListener: contextDestroyed()
02-Feb-2022 17:23:31.720 INFO [main] org.apache.catalina.core.ApplicationContext.log ContextListener: contextInitialized()
02-Feb-2022 17:23:31.720 INFO [main] org.apache.catalina.core.ApplicationContext.log SessionListener: contextInitialized()
02-Feb-2022 17:23:31.721 INFO [main] org.apache.catalina.core.ApplicationContext.log ContextListener: attributeAdded('StockTicker', 'async.Stockticker@1913188a')
02-Feb-2022 17:24:10.697 INFO [Thread-2] org.apache.catalina.core.ApplicationContext.log SessionListener: contextDestroyed()
02-Feb-2022 17:24:10.697 INFO [Thread-2] org.apache.catalina.core.ApplicationContext.log ContextListener: contextDestroyed()
02-Feb-2022 17:24:18.859 INFO [main] org.apache.catalina.core.ApplicationContext.log ContextListener: contextInitialized()
02-Feb-2022 17:24:18.860 INFO [main] org.apache.catalina.core.ApplicationContext.log SessionListener: contextInitialized()
02-Feb-2022 17:24:18.861 INFO [main] org.apache.catalina.core.ApplicationContext.log ContextListener: attributeAdded('StockTicker', 'async.Stockticker@34612ba9')
02-Feb-2022 17:28:32.215 INFO [Thread-2] org.apache.catalina.core.ApplicationContext.log SessionListener: contextDestroyed()
02-Feb-2022 17:28:32.215 INFO [Thread-2] org.apache.catalina.core.ApplicationContext.log ContextListener: contextDestroyed()
